<?xml version="1.0" encoding="UTF-8"?>
<!-- Generated by org.testng.reporters.JUnitXMLReporter -->
<testsuite ignored="16" hostname="Mds-MacBook-Air.local" failures="0" tests="77" name="Amazon Home" time="46.812" errors="0" timestamp="2019-10-12T09:08:35 EDT">
  <testcase classname="common.CommonAPI" name="@BeforeMethod setUp" time="15.813">
    <failure type="org.openqa.selenium.WebDriverException" message="unknown error: Chrome failed to start: crashed
  (chrome not reachable)
  (The process started from chrome location /Applications/Google Chrome.app/Contents/MacOS/Google Chrome is no longer running, so ChromeDriver is assuming that Chrome has crashed.)
  (Driver info: chromedriver=2.42.591059 (a3d9684d10d61aa0c45f6723b327283be1ebaad8),platform=Mac OS X 10.14.5 x86_64) (WARNING: The server did not provide any stacktrace information)
Command duration or timeout: 14.49 seconds
Build info: version: &amp;apos;3.141.59&amp;apos;, revision: &amp;apos;e82be7d358&amp;apos;, time: &amp;apos;2018-11-14T08:17:03&amp;apos;
System info: host: &amp;apos;Mds-MacBook-Air.local&amp;apos;, ip: &amp;apos;fe80:0:0:0:49c:9f7c:9a:4be8%en0&amp;apos;, os.name: &amp;apos;Mac OS X&amp;apos;, os.arch: &amp;apos;x86_64&amp;apos;, os.version: &amp;apos;10.14.5&amp;apos;, java.version: &amp;apos;12.0.2&amp;apos;
Driver info: driver.version: ChromeDriver">
      <![CDATA[org.openqa.selenium.WebDriverException: unknown error: Chrome failed to start: crashed
  (chrome not reachable)
  (The process started from chrome location /Applications/Google Chrome.app/Contents/MacOS/Google Chrome is no longer running, so ChromeDriver is assuming that Chrome has crashed.)
  (Driver info: chromedriver=2.42.591059 (a3d9684d10d61aa0c45f6723b327283be1ebaad8),platform=Mac OS X 10.14.5 x86_64) (WARNING: The server did not provide any stacktrace information)
Command duration or timeout: 14.49 seconds
Build info: version: '3.141.59', revision: 'e82be7d358', time: '2018-11-14T08:17:03'
System info: host: 'Mds-MacBook-Air.local', ip: 'fe80:0:0:0:49c:9f7c:9a:4be8%en0', os.name: 'Mac OS X', os.arch: 'x86_64', os.version: '10.14.5', java.version: '12.0.2'
Driver info: driver.version: ChromeDriver
at org.openqa.selenium.remote.ErrorHandler.createThrowable(ErrorHandler.java:214)
at org.openqa.selenium.remote.ErrorHandler.throwIfResponseFailed(ErrorHandler.java:166)
at org.openqa.selenium.remote.JsonWireProtocolResponse.lambda$errorHandler$0(JsonWireProtocolResponse.java:54)
at org.openqa.selenium.remote.HandshakeResponse.lambda$getResponseFunction$0(HandshakeResponse.java:30)
at org.openqa.selenium.remote.ProtocolHandshake.lambda$createSession$0(ProtocolHandshake.java:126)
at java.base/java.util.stream.ReferencePipeline$3$1.accept(ReferencePipeline.java:195)
at java.base/java.util.Spliterators$ArraySpliterator.tryAdvance(Spliterators.java:958)
at java.base/java.util.stream.ReferencePipeline.forEachWithCancel(ReferencePipeline.java:127)
at java.base/java.util.stream.AbstractPipeline.copyIntoWithCancel(AbstractPipeline.java:502)
at java.base/java.util.stream.AbstractPipeline.copyInto(AbstractPipeline.java:488)
at java.base/java.util.stream.AbstractPipeline.wrapAndCopyInto(AbstractPipeline.java:474)
at java.base/java.util.stream.FindOps$FindOp.evaluateSequential(FindOps.java:150)
at java.base/java.util.stream.AbstractPipeline.evaluate(AbstractPipeline.java:234)
at java.base/java.util.stream.ReferencePipeline.findFirst(ReferencePipeline.java:543)
at org.openqa.selenium.remote.ProtocolHandshake.createSession(ProtocolHandshake.java:128)
at org.openqa.selenium.remote.ProtocolHandshake.createSession(ProtocolHandshake.java:74)
at org.openqa.selenium.remote.HttpCommandExecutor.execute(HttpCommandExecutor.java:136)
at org.openqa.selenium.remote.service.DriverCommandExecutor.execute(DriverCommandExecutor.java:83)
at org.openqa.selenium.remote.RemoteWebDriver.execute(RemoteWebDriver.java:552)
at org.openqa.selenium.remote.RemoteWebDriver.startSession(RemoteWebDriver.java:213)
at org.openqa.selenium.remote.RemoteWebDriver.<init>(RemoteWebDriver.java:131)
at org.openqa.selenium.chrome.ChromeDriver.<init>(ChromeDriver.java:181)
at org.openqa.selenium.chrome.ChromeDriver.<init>(ChromeDriver.java:168)
at org.openqa.selenium.chrome.ChromeDriver.<init>(ChromeDriver.java:123)
at common.CommonAPI.getLocalDriver(CommonAPI.java:127)
at common.CommonAPI.setUp(CommonAPI.java:113)
at java.base/java.util.ArrayList.forEach(ArrayList.java:1540)
... Removed 40 stack frames]]>
    </failure>
  </testcase> <!-- @BeforeMethod setUp -->
  <testcase classname="common.CommonAPI" name="@BeforeMethod startExtent" time="-1.570885684249E9">
    <skipped/>
  </testcase> <!-- @BeforeMethod startExtent -->
  <testcase classname="common.CommonAPI" name="@AfterMethod afterEachTestMethod" time="-1.570885684254E9">
    <skipped/>
  </testcase> <!-- @AfterMethod afterEachTestMethod -->
  <testcase classname="common.CommonAPI" name="@AfterMethod cleanUp" time="-1.570885684258E9">
    <skipped/>
  </testcase> <!-- @AfterMethod cleanUp -->
  <testcase classname="common.CommonAPI" name="@BeforeMethod setUp" time="-1.57088568426E9">
    <skipped/>
  </testcase> <!-- @BeforeMethod setUp -->
  <testcase classname="common.CommonAPI" name="@BeforeMethod startExtent" time="-1.57088568426E9">
    <skipped/>
  </testcase> <!-- @BeforeMethod startExtent -->
  <testcase classname="common.CommonAPI" name="@AfterMethod afterEachTestMethod" time="-1.570885684262E9">
    <skipped/>
  </testcase> <!-- @AfterMethod afterEachTestMethod -->
  <testcase classname="common.CommonAPI" name="@AfterMethod cleanUp" time="-1.570885684263E9">
    <skipped/>
  </testcase> <!-- @AfterMethod cleanUp -->
  <testcase classname="common.CommonAPI" name="@BeforeMethod setUp" time="-1.570885684264E9">
    <skipped/>
  </testcase> <!-- @BeforeMethod setUp -->
  <testcase classname="common.CommonAPI" name="@BeforeMethod startExtent" time="-1.570885684264E9">
    <skipped/>
  </testcase> <!-- @BeforeMethod startExtent -->
  <testcase classname="common.CommonAPI" name="@AfterMethod afterEachTestMethod" time="-1.570885684265E9">
    <skipped/>
  </testcase> <!-- @AfterMethod afterEachTestMethod -->
  <testcase classname="common.CommonAPI" name="@AfterMethod cleanUp" time="-1.570885684266E9">
    <skipped/>
  </testcase> <!-- @AfterMethod cleanUp -->
  <testcase classname="common.CommonAPI" name="@BeforeMethod setUp" time="-1.570885684267E9">
    <skipped/>
  </testcase> <!-- @BeforeMethod setUp -->
  <testcase classname="common.CommonAPI" name="@BeforeMethod startExtent" time="-1.570885684267E9">
    <skipped/>
  </testcase> <!-- @BeforeMethod startExtent -->
  <testcase classname="common.CommonAPI" name="@AfterMethod afterEachTestMethod" time="-1.57088568427E9">
    <skipped/>
  </testcase> <!-- @AfterMethod afterEachTestMethod -->
  <testcase classname="common.CommonAPI" name="@AfterMethod cleanUp" time="-1.570885684271E9">
    <skipped/>
  </testcase> <!-- @AfterMethod cleanUp -->
  <testcase classname="common.CommonAPI" name="@BeforeMethod setUp" time="-1.570885684275E9">
    <skipped/>
  </testcase> <!-- @BeforeMethod setUp -->
  <testcase classname="common.CommonAPI" name="@BeforeMethod startExtent" time="-1.570885684276E9">
    <skipped/>
  </testcase> <!-- @BeforeMethod startExtent -->
  <testcase classname="common.CommonAPI" name="@AfterMethod afterEachTestMethod" time="-1.57088568428E9">
    <skipped/>
  </testcase> <!-- @AfterMethod afterEachTestMethod -->
  <testcase classname="common.CommonAPI" name="@AfterMethod cleanUp" time="-1.57088568428E9">
    <skipped/>
  </testcase> <!-- @AfterMethod cleanUp -->
  <testcase classname="common.CommonAPI" name="@BeforeMethod setUp" time="-1.570885684282E9">
    <skipped/>
  </testcase> <!-- @BeforeMethod setUp -->
  <testcase classname="common.CommonAPI" name="@BeforeMethod startExtent" time="-1.570885684282E9">
    <skipped/>
  </testcase> <!-- @BeforeMethod startExtent -->
  <testcase classname="common.CommonAPI" name="@AfterMethod afterEachTestMethod" time="-1.570885684283E9">
    <skipped/>
  </testcase> <!-- @AfterMethod afterEachTestMethod -->
  <testcase classname="common.CommonAPI" name="@AfterMethod cleanUp" time="-1.570885684283E9">
    <skipped/>
  </testcase> <!-- @AfterMethod cleanUp -->
  <testcase classname="common.CommonAPI" name="@BeforeMethod setUp" time="-1.570885684284E9">
    <skipped/>
  </testcase> <!-- @BeforeMethod setUp -->
  <testcase classname="common.CommonAPI" name="@BeforeMethod startExtent" time="-1.570885684285E9">
    <skipped/>
  </testcase> <!-- @BeforeMethod startExtent -->
  <testcase classname="common.CommonAPI" name="@AfterMethod afterEachTestMethod" time="-1.570885684287E9">
    <skipped/>
  </testcase> <!-- @AfterMethod afterEachTestMethod -->
  <testcase classname="common.CommonAPI" name="@AfterMethod cleanUp" time="-1.570885684287E9">
    <skipped/>
  </testcase> <!-- @AfterMethod cleanUp -->
  <testcase classname="common.CommonAPI" name="@BeforeMethod setUp" time="-1.570885684288E9">
    <skipped/>
  </testcase> <!-- @BeforeMethod setUp -->
  <testcase classname="common.CommonAPI" name="@BeforeMethod startExtent" time="-1.570885684289E9">
    <skipped/>
  </testcase> <!-- @BeforeMethod startExtent -->
  <testcase classname="common.CommonAPI" name="@AfterMethod afterEachTestMethod" time="-1.57088568429E9">
    <skipped/>
  </testcase> <!-- @AfterMethod afterEachTestMethod -->
  <testcase classname="common.CommonAPI" name="@AfterMethod cleanUp" time="-1.570885684291E9">
    <skipped/>
  </testcase> <!-- @AfterMethod cleanUp -->
  <testcase classname="common.CommonAPI" name="@BeforeMethod setUp" time="-1.570885684293E9">
    <skipped/>
  </testcase> <!-- @BeforeMethod setUp -->
  <testcase classname="common.CommonAPI" name="@BeforeMethod startExtent" time="-1.570885684294E9">
    <skipped/>
  </testcase> <!-- @BeforeMethod startExtent -->
  <testcase classname="common.CommonAPI" name="@AfterMethod afterEachTestMethod" time="-1.570885684296E9">
    <skipped/>
  </testcase> <!-- @AfterMethod afterEachTestMethod -->
  <testcase classname="common.CommonAPI" name="@AfterMethod cleanUp" time="-1.570885684296E9">
    <skipped/>
  </testcase> <!-- @AfterMethod cleanUp -->
  <testcase classname="common.CommonAPI" name="@BeforeMethod setUp" time="-1.570885684298E9">
    <skipped/>
  </testcase> <!-- @BeforeMethod setUp -->
  <testcase classname="common.CommonAPI" name="@BeforeMethod startExtent" time="-1.570885684299E9">
    <skipped/>
  </testcase> <!-- @BeforeMethod startExtent -->
  <testcase classname="common.CommonAPI" name="@AfterMethod afterEachTestMethod" time="-1.570885684301E9">
    <skipped/>
  </testcase> <!-- @AfterMethod afterEachTestMethod -->
  <testcase classname="common.CommonAPI" name="@AfterMethod cleanUp" time="-1.570885684301E9">
    <skipped/>
  </testcase> <!-- @AfterMethod cleanUp -->
  <testcase classname="common.CommonAPI" name="@BeforeMethod setUp" time="-1.570885684304E9">
    <skipped/>
  </testcase> <!-- @BeforeMethod setUp -->
  <testcase classname="common.CommonAPI" name="@BeforeMethod startExtent" time="-1.570885684305E9">
    <skipped/>
  </testcase> <!-- @BeforeMethod startExtent -->
  <testcase classname="common.CommonAPI" name="@AfterMethod afterEachTestMethod" time="-1.570885684306E9">
    <skipped/>
  </testcase> <!-- @AfterMethod afterEachTestMethod -->
  <testcase classname="common.CommonAPI" name="@AfterMethod cleanUp" time="-1.570885684307E9">
    <skipped/>
  </testcase> <!-- @AfterMethod cleanUp -->
  <testcase classname="common.CommonAPI" name="@BeforeMethod setUp" time="-1.570885684307E9">
    <skipped/>
  </testcase> <!-- @BeforeMethod setUp -->
  <testcase classname="common.CommonAPI" name="@BeforeMethod startExtent" time="-1.570885684308E9">
    <skipped/>
  </testcase> <!-- @BeforeMethod startExtent -->
  <testcase classname="common.CommonAPI" name="@AfterMethod afterEachTestMethod" time="-1.57088568431E9">
    <skipped/>
  </testcase> <!-- @AfterMethod afterEachTestMethod -->
  <testcase classname="common.CommonAPI" name="@AfterMethod cleanUp" time="-1.570885684313E9">
    <skipped/>
  </testcase> <!-- @AfterMethod cleanUp -->
  <testcase classname="common.CommonAPI" name="@BeforeMethod setUp" time="-1.570885684315E9">
    <skipped/>
  </testcase> <!-- @BeforeMethod setUp -->
  <testcase classname="common.CommonAPI" name="@BeforeMethod startExtent" time="-1.570885684316E9">
    <skipped/>
  </testcase> <!-- @BeforeMethod startExtent -->
  <testcase classname="common.CommonAPI" name="@AfterMethod afterEachTestMethod" time="-1.570885684318E9">
    <skipped/>
  </testcase> <!-- @AfterMethod afterEachTestMethod -->
  <testcase classname="common.CommonAPI" name="@AfterMethod cleanUp" time="-1.570885684318E9">
    <skipped/>
  </testcase> <!-- @AfterMethod cleanUp -->
  <testcase classname="common.CommonAPI" name="@BeforeMethod setUp" time="-1.57088568432E9">
    <skipped/>
  </testcase> <!-- @BeforeMethod setUp -->
  <testcase classname="common.CommonAPI" name="@BeforeMethod startExtent" time="-1.57088568432E9">
    <skipped/>
  </testcase> <!-- @BeforeMethod startExtent -->
  <testcase classname="common.CommonAPI" name="@AfterMethod afterEachTestMethod" time="-1.570885684327E9">
    <skipped/>
  </testcase> <!-- @AfterMethod afterEachTestMethod -->
  <testcase classname="common.CommonAPI" name="@AfterMethod cleanUp" time="-1.570885684327E9">
    <skipped/>
  </testcase> <!-- @AfterMethod cleanUp -->
  <testcase classname="common.CommonAPI" name="@BeforeMethod setUp" time="-1.570885684328E9">
    <skipped/>
  </testcase> <!-- @BeforeMethod setUp -->
  <testcase classname="common.CommonAPI" name="@BeforeMethod startExtent" time="-1.570885684328E9">
    <skipped/>
  </testcase> <!-- @BeforeMethod startExtent -->
  <testcase classname="common.CommonAPI" name="@AfterMethod afterEachTestMethod" time="-1.570885684329E9">
    <skipped/>
  </testcase> <!-- @AfterMethod afterEachTestMethod -->
  <testcase classname="common.CommonAPI" name="@AfterMethod cleanUp" time="-1.570885684329E9">
    <skipped/>
  </testcase> <!-- @AfterMethod cleanUp -->
  <testcase classname="common.CommonAPI" name="@BeforeMethod setUp" time="4.276">
    <failure type="org.openqa.selenium.WebDriverException" message="unknown error: Chrome failed to start: crashed
  (chrome not reachable)
  (The process started from chrome location /Applications/Google Chrome.app/Contents/MacOS/Google Chrome is no longer running, so ChromeDriver is assuming that Chrome has crashed.)
  (Driver info: chromedriver=2.42.591059 (a3d9684d10d61aa0c45f6723b327283be1ebaad8),platform=Mac OS X 10.14.5 x86_64) (WARNING: The server did not provide any stacktrace information)
Command duration or timeout: 4.16 seconds
Build info: version: &amp;apos;3.141.59&amp;apos;, revision: &amp;apos;e82be7d358&amp;apos;, time: &amp;apos;2018-11-14T08:17:03&amp;apos;
System info: host: &amp;apos;Mds-MacBook-Air.local&amp;apos;, ip: &amp;apos;fe80:0:0:0:49c:9f7c:9a:4be8%en0&amp;apos;, os.name: &amp;apos;Mac OS X&amp;apos;, os.arch: &amp;apos;x86_64&amp;apos;, os.version: &amp;apos;10.14.5&amp;apos;, java.version: &amp;apos;12.0.2&amp;apos;
Driver info: driver.version: ChromeDriver">
      <![CDATA[org.openqa.selenium.WebDriverException: unknown error: Chrome failed to start: crashed
  (chrome not reachable)
  (The process started from chrome location /Applications/Google Chrome.app/Contents/MacOS/Google Chrome is no longer running, so ChromeDriver is assuming that Chrome has crashed.)
  (Driver info: chromedriver=2.42.591059 (a3d9684d10d61aa0c45f6723b327283be1ebaad8),platform=Mac OS X 10.14.5 x86_64) (WARNING: The server did not provide any stacktrace information)
Command duration or timeout: 4.16 seconds
Build info: version: '3.141.59', revision: 'e82be7d358', time: '2018-11-14T08:17:03'
System info: host: 'Mds-MacBook-Air.local', ip: 'fe80:0:0:0:49c:9f7c:9a:4be8%en0', os.name: 'Mac OS X', os.arch: 'x86_64', os.version: '10.14.5', java.version: '12.0.2'
Driver info: driver.version: ChromeDriver
at org.openqa.selenium.remote.ErrorHandler.createThrowable(ErrorHandler.java:214)
at org.openqa.selenium.remote.ErrorHandler.throwIfResponseFailed(ErrorHandler.java:166)
at org.openqa.selenium.remote.JsonWireProtocolResponse.lambda$errorHandler$0(JsonWireProtocolResponse.java:54)
at org.openqa.selenium.remote.HandshakeResponse.lambda$getResponseFunction$0(HandshakeResponse.java:30)
at org.openqa.selenium.remote.ProtocolHandshake.lambda$createSession$0(ProtocolHandshake.java:126)
at java.base/java.util.stream.ReferencePipeline$3$1.accept(ReferencePipeline.java:195)
at java.base/java.util.Spliterators$ArraySpliterator.tryAdvance(Spliterators.java:958)
at java.base/java.util.stream.ReferencePipeline.forEachWithCancel(ReferencePipeline.java:127)
at java.base/java.util.stream.AbstractPipeline.copyIntoWithCancel(AbstractPipeline.java:502)
at java.base/java.util.stream.AbstractPipeline.copyInto(AbstractPipeline.java:488)
at java.base/java.util.stream.AbstractPipeline.wrapAndCopyInto(AbstractPipeline.java:474)
at java.base/java.util.stream.FindOps$FindOp.evaluateSequential(FindOps.java:150)
at java.base/java.util.stream.AbstractPipeline.evaluate(AbstractPipeline.java:234)
at java.base/java.util.stream.ReferencePipeline.findFirst(ReferencePipeline.java:543)
at org.openqa.selenium.remote.ProtocolHandshake.createSession(ProtocolHandshake.java:128)
at org.openqa.selenium.remote.ProtocolHandshake.createSession(ProtocolHandshake.java:74)
at org.openqa.selenium.remote.HttpCommandExecutor.execute(HttpCommandExecutor.java:136)
at org.openqa.selenium.remote.service.DriverCommandExecutor.execute(DriverCommandExecutor.java:83)
at org.openqa.selenium.remote.RemoteWebDriver.execute(RemoteWebDriver.java:552)
at org.openqa.selenium.remote.RemoteWebDriver.startSession(RemoteWebDriver.java:213)
at org.openqa.selenium.remote.RemoteWebDriver.<init>(RemoteWebDriver.java:131)
at org.openqa.selenium.chrome.ChromeDriver.<init>(ChromeDriver.java:181)
at org.openqa.selenium.chrome.ChromeDriver.<init>(ChromeDriver.java:168)
at org.openqa.selenium.chrome.ChromeDriver.<init>(ChromeDriver.java:123)
at common.CommonAPI.getLocalDriver(CommonAPI.java:127)
at common.CommonAPI.setUp(CommonAPI.java:113)
at java.base/java.util.ArrayList.forEach(ArrayList.java:1540)
... Removed 40 stack frames]]>
    </failure>
  </testcase> <!-- @BeforeMethod setUp -->
  <testcase classname="common.CommonAPI" name="@BeforeMethod startExtent" time="-1.570885688618E9">
    <skipped/>
  </testcase> <!-- @BeforeMethod startExtent -->
  <testcase classname="helloAccount.TestHomePage" name="@BeforeMethod initialize" time="-1.570885688618E9">
    <skipped/>
  </testcase> <!-- @BeforeMethod initialize -->
  <testcase classname="common.CommonAPI" name="@AfterMethod afterEachTestMethod" time="-1.570885688619E9">
    <skipped/>
  </testcase> <!-- @AfterMethod afterEachTestMethod -->
  <testcase classname="common.CommonAPI" name="@AfterMethod cleanUp" time="-1.570885688619E9">
    <skipped/>
  </testcase> <!-- @AfterMethod cleanUp -->
  <testcase classname="common.CommonAPI" name="@BeforeMethod setUp" time="-1.57088568862E9">
    <skipped/>
  </testcase> <!-- @BeforeMethod setUp -->
  <testcase classname="common.CommonAPI" name="@BeforeMethod startExtent" time="-1.57088568862E9">
    <skipped/>
  </testcase> <!-- @BeforeMethod startExtent -->
  <testcase classname="helloAccount.TestHomePage" name="@BeforeMethod initialize" time="-1.570885688621E9">
    <skipped/>
  </testcase> <!-- @BeforeMethod initialize -->
  <testcase classname="common.CommonAPI" name="@AfterMethod afterEachTestMethod" time="-1.570885688622E9">
    <skipped/>
  </testcase> <!-- @AfterMethod afterEachTestMethod -->
  <testcase classname="common.CommonAPI" name="@AfterMethod cleanUp" time="-1.570885688622E9">
    <skipped/>
  </testcase> <!-- @AfterMethod cleanUp -->
  <testcase classname="common.CommonAPI" name="@BeforeMethod setUp" time="-1.570885688623E9">
    <skipped/>
  </testcase> <!-- @BeforeMethod setUp -->
  <testcase classname="common.CommonAPI" name="@BeforeMethod startExtent" time="-1.570885688623E9">
    <skipped/>
  </testcase> <!-- @BeforeMethod startExtent -->
  <testcase classname="helloAccount.TestHomePage" name="@BeforeMethod initialize" time="-1.570885688623E9">
    <skipped/>
  </testcase> <!-- @BeforeMethod initialize -->
  <testcase classname="common.CommonAPI" name="@AfterMethod afterEachTestMethod" time="-1.570885688624E9">
    <skipped/>
  </testcase> <!-- @AfterMethod afterEachTestMethod -->
  <testcase classname="common.CommonAPI" name="@AfterMethod cleanUp" time="-1.570885688624E9">
    <skipped/>
  </testcase> <!-- @AfterMethod cleanUp -->
  <testcase classname="common.CommonAPI" name="@BeforeMethod setUp" time="-1.570885688625E9">
    <skipped/>
  </testcase> <!-- @BeforeMethod setUp -->
  <testcase classname="common.CommonAPI" name="@BeforeMethod startExtent" time="-1.570885688625E9">
    <skipped/>
  </testcase> <!-- @BeforeMethod startExtent -->
  <testcase classname="helloAccount.TestHomePage" name="@BeforeMethod initialize" time="-1.570885688625E9">
    <skipped/>
  </testcase> <!-- @BeforeMethod initialize -->
  <testcase classname="common.CommonAPI" name="@AfterMethod afterEachTestMethod" time="-1.570885688626E9">
    <skipped/>
  </testcase> <!-- @AfterMethod afterEachTestMethod -->
  <testcase classname="common.CommonAPI" name="@AfterMethod cleanUp" time="-1.570885688626E9">
    <skipped/>
  </testcase> <!-- @AfterMethod cleanUp -->
  <testcase classname="common.CommonAPI" name="@BeforeMethod setUp" time="-1.570885688627E9">
    <skipped/>
  </testcase> <!-- @BeforeMethod setUp -->
  <testcase classname="common.CommonAPI" name="@BeforeMethod startExtent" time="-1.570885688627E9">
    <skipped/>
  </testcase> <!-- @BeforeMethod startExtent -->
  <testcase classname="helloAccount.TestHomePage" name="@BeforeMethod initialize" time="-1.570885688627E9">
    <skipped/>
  </testcase> <!-- @BeforeMethod initialize -->
  <testcase classname="common.CommonAPI" name="@AfterMethod afterEachTestMethod" time="-1.570885688628E9">
    <skipped/>
  </testcase> <!-- @AfterMethod afterEachTestMethod -->
  <testcase classname="common.CommonAPI" name="@AfterMethod cleanUp" time="-1.570885688628E9">
    <skipped/>
  </testcase> <!-- @AfterMethod cleanUp -->
  <testcase classname="common.CommonAPI" name="@BeforeMethod setUp" time="-1.57088568863E9">
    <skipped/>
  </testcase> <!-- @BeforeMethod setUp -->
  <testcase classname="common.CommonAPI" name="@BeforeMethod startExtent" time="-1.57088568863E9">
    <skipped/>
  </testcase> <!-- @BeforeMethod startExtent -->
  <testcase classname="helloAccount.TestHomePage" name="@BeforeMethod initialize" time="-1.570885688631E9">
    <skipped/>
  </testcase> <!-- @BeforeMethod initialize -->
  <testcase classname="common.CommonAPI" name="@AfterMethod afterEachTestMethod" time="-1.570885688633E9">
    <skipped/>
  </testcase> <!-- @AfterMethod afterEachTestMethod -->
  <testcase classname="common.CommonAPI" name="@AfterMethod cleanUp" time="-1.570885688634E9">
    <skipped/>
  </testcase> <!-- @AfterMethod cleanUp -->
  <testcase classname="common.CommonAPI" name="@BeforeMethod setUp" time="-1.570885688635E9">
    <skipped/>
  </testcase> <!-- @BeforeMethod setUp -->
  <testcase classname="common.CommonAPI" name="@BeforeMethod startExtent" time="-1.570885688635E9">
    <skipped/>
  </testcase> <!-- @BeforeMethod startExtent -->
  <testcase classname="helloAccount.TestHomePage" name="@BeforeMethod initialize" time="-1.570885688635E9">
    <skipped/>
  </testcase> <!-- @BeforeMethod initialize -->
  <testcase classname="common.CommonAPI" name="@AfterMethod afterEachTestMethod" time="-1.570885688636E9">
    <skipped/>
  </testcase> <!-- @AfterMethod afterEachTestMethod -->
  <testcase classname="common.CommonAPI" name="@AfterMethod cleanUp" time="-1.570885688637E9">
    <skipped/>
  </testcase> <!-- @AfterMethod cleanUp -->
  <testcase classname="common.CommonAPI" name="@BeforeMethod setUp" time="-1.570885688637E9">
    <skipped/>
  </testcase> <!-- @BeforeMethod setUp -->
  <testcase classname="common.CommonAPI" name="@BeforeMethod startExtent" time="-1.570885688638E9">
    <skipped/>
  </testcase> <!-- @BeforeMethod startExtent -->
  <testcase classname="helloAccount.TestHomePage" name="@BeforeMethod initialize" time="-1.570885688638E9">
    <skipped/>
  </testcase> <!-- @BeforeMethod initialize -->
  <testcase classname="common.CommonAPI" name="@AfterMethod afterEachTestMethod" time="-1.570885688639E9">
    <skipped/>
  </testcase> <!-- @AfterMethod afterEachTestMethod -->
  <testcase classname="common.CommonAPI" name="@AfterMethod cleanUp" time="-1.570885688639E9">
    <skipped/>
  </testcase> <!-- @AfterMethod cleanUp -->
  <testcase classname="common.CommonAPI" name="@BeforeMethod setUp" time="-1.57088568864E9">
    <skipped/>
  </testcase> <!-- @BeforeMethod setUp -->
  <testcase classname="common.CommonAPI" name="@BeforeMethod startExtent" time="-1.57088568864E9">
    <skipped/>
  </testcase> <!-- @BeforeMethod startExtent -->
  <testcase classname="helloAccount.TestHomePage" name="@BeforeMethod initialize" time="-1.570885688641E9">
    <skipped/>
  </testcase> <!-- @BeforeMethod initialize -->
  <testcase classname="common.CommonAPI" name="@AfterMethod afterEachTestMethod" time="-1.570885688642E9">
    <skipped/>
  </testcase> <!-- @AfterMethod afterEachTestMethod -->
  <testcase classname="common.CommonAPI" name="@AfterMethod cleanUp" time="-1.570885688643E9">
    <skipped/>
  </testcase> <!-- @AfterMethod cleanUp -->
  <testcase classname="common.CommonAPI" name="@BeforeMethod setUp" time="4.245">
    <failure type="org.openqa.selenium.WebDriverException" message="unknown error: Chrome failed to start: crashed
  (chrome not reachable)
  (The process started from chrome location /Applications/Google Chrome.app/Contents/MacOS/Google Chrome is no longer running, so ChromeDriver is assuming that Chrome has crashed.)
  (Driver info: chromedriver=2.42.591059 (a3d9684d10d61aa0c45f6723b327283be1ebaad8),platform=Mac OS X 10.14.5 x86_64) (WARNING: The server did not provide any stacktrace information)
Command duration or timeout: 4.14 seconds
Build info: version: &amp;apos;3.141.59&amp;apos;, revision: &amp;apos;e82be7d358&amp;apos;, time: &amp;apos;2018-11-14T08:17:03&amp;apos;
System info: host: &amp;apos;Mds-MacBook-Air.local&amp;apos;, ip: &amp;apos;fe80:0:0:0:49c:9f7c:9a:4be8%en0&amp;apos;, os.name: &amp;apos;Mac OS X&amp;apos;, os.arch: &amp;apos;x86_64&amp;apos;, os.version: &amp;apos;10.14.5&amp;apos;, java.version: &amp;apos;12.0.2&amp;apos;
Driver info: driver.version: ChromeDriver">
      <![CDATA[org.openqa.selenium.WebDriverException: unknown error: Chrome failed to start: crashed
  (chrome not reachable)
  (The process started from chrome location /Applications/Google Chrome.app/Contents/MacOS/Google Chrome is no longer running, so ChromeDriver is assuming that Chrome has crashed.)
  (Driver info: chromedriver=2.42.591059 (a3d9684d10d61aa0c45f6723b327283be1ebaad8),platform=Mac OS X 10.14.5 x86_64) (WARNING: The server did not provide any stacktrace information)
Command duration or timeout: 4.14 seconds
Build info: version: '3.141.59', revision: 'e82be7d358', time: '2018-11-14T08:17:03'
System info: host: 'Mds-MacBook-Air.local', ip: 'fe80:0:0:0:49c:9f7c:9a:4be8%en0', os.name: 'Mac OS X', os.arch: 'x86_64', os.version: '10.14.5', java.version: '12.0.2'
Driver info: driver.version: ChromeDriver
at org.openqa.selenium.remote.ErrorHandler.createThrowable(ErrorHandler.java:214)
at org.openqa.selenium.remote.ErrorHandler.throwIfResponseFailed(ErrorHandler.java:166)
at org.openqa.selenium.remote.JsonWireProtocolResponse.lambda$errorHandler$0(JsonWireProtocolResponse.java:54)
at org.openqa.selenium.remote.HandshakeResponse.lambda$getResponseFunction$0(HandshakeResponse.java:30)
at org.openqa.selenium.remote.ProtocolHandshake.lambda$createSession$0(ProtocolHandshake.java:126)
at java.base/java.util.stream.ReferencePipeline$3$1.accept(ReferencePipeline.java:195)
at java.base/java.util.Spliterators$ArraySpliterator.tryAdvance(Spliterators.java:958)
at java.base/java.util.stream.ReferencePipeline.forEachWithCancel(ReferencePipeline.java:127)
at java.base/java.util.stream.AbstractPipeline.copyIntoWithCancel(AbstractPipeline.java:502)
at java.base/java.util.stream.AbstractPipeline.copyInto(AbstractPipeline.java:488)
at java.base/java.util.stream.AbstractPipeline.wrapAndCopyInto(AbstractPipeline.java:474)
at java.base/java.util.stream.FindOps$FindOp.evaluateSequential(FindOps.java:150)
at java.base/java.util.stream.AbstractPipeline.evaluate(AbstractPipeline.java:234)
at java.base/java.util.stream.ReferencePipeline.findFirst(ReferencePipeline.java:543)
at org.openqa.selenium.remote.ProtocolHandshake.createSession(ProtocolHandshake.java:128)
at org.openqa.selenium.remote.ProtocolHandshake.createSession(ProtocolHandshake.java:74)
at org.openqa.selenium.remote.HttpCommandExecutor.execute(HttpCommandExecutor.java:136)
at org.openqa.selenium.remote.service.DriverCommandExecutor.execute(DriverCommandExecutor.java:83)
at org.openqa.selenium.remote.RemoteWebDriver.execute(RemoteWebDriver.java:552)
at org.openqa.selenium.remote.RemoteWebDriver.startSession(RemoteWebDriver.java:213)
at org.openqa.selenium.remote.RemoteWebDriver.<init>(RemoteWebDriver.java:131)
at org.openqa.selenium.chrome.ChromeDriver.<init>(ChromeDriver.java:181)
at org.openqa.selenium.chrome.ChromeDriver.<init>(ChromeDriver.java:168)
at org.openqa.selenium.chrome.ChromeDriver.<init>(ChromeDriver.java:123)
at common.CommonAPI.getLocalDriver(CommonAPI.java:127)
at common.CommonAPI.setUp(CommonAPI.java:113)
at java.base/java.util.ArrayList.forEach(ArrayList.java:1540)
... Removed 40 stack frames]]>
    </failure>
  </testcase> <!-- @BeforeMethod setUp -->
  <testcase classname="common.CommonAPI" name="@BeforeMethod startExtent" time="-1.570885692892E9">
    <skipped/>
  </testcase> <!-- @BeforeMethod startExtent -->
  <testcase classname="common.CommonAPI" name="@AfterMethod afterEachTestMethod" time="-1.570885692893E9">
    <skipped/>
  </testcase> <!-- @AfterMethod afterEachTestMethod -->
  <testcase classname="common.CommonAPI" name="@AfterMethod cleanUp" time="-1.570885692893E9">
    <skipped/>
  </testcase> <!-- @AfterMethod cleanUp -->
  <testcase classname="common.CommonAPI" name="@BeforeMethod setUp" time="7.205">
    <failure type="org.openqa.selenium.WebDriverException" message="unknown error: Chrome failed to start: crashed
  (chrome not reachable)
  (The process started from chrome location /Applications/Google Chrome.app/Contents/MacOS/Google Chrome is no longer running, so ChromeDriver is assuming that Chrome has crashed.)
  (Driver info: chromedriver=2.42.591059 (a3d9684d10d61aa0c45f6723b327283be1ebaad8),platform=Mac OS X 10.14.5 x86_64) (WARNING: The server did not provide any stacktrace information)
Command duration or timeout: 7.09 seconds
Build info: version: &amp;apos;3.141.59&amp;apos;, revision: &amp;apos;e82be7d358&amp;apos;, time: &amp;apos;2018-11-14T08:17:03&amp;apos;
System info: host: &amp;apos;Mds-MacBook-Air.local&amp;apos;, ip: &amp;apos;fe80:0:0:0:49c:9f7c:9a:4be8%en0&amp;apos;, os.name: &amp;apos;Mac OS X&amp;apos;, os.arch: &amp;apos;x86_64&amp;apos;, os.version: &amp;apos;10.14.5&amp;apos;, java.version: &amp;apos;12.0.2&amp;apos;
Driver info: driver.version: ChromeDriver">
      <![CDATA[org.openqa.selenium.WebDriverException: unknown error: Chrome failed to start: crashed
  (chrome not reachable)
  (The process started from chrome location /Applications/Google Chrome.app/Contents/MacOS/Google Chrome is no longer running, so ChromeDriver is assuming that Chrome has crashed.)
  (Driver info: chromedriver=2.42.591059 (a3d9684d10d61aa0c45f6723b327283be1ebaad8),platform=Mac OS X 10.14.5 x86_64) (WARNING: The server did not provide any stacktrace information)
Command duration or timeout: 7.09 seconds
Build info: version: '3.141.59', revision: 'e82be7d358', time: '2018-11-14T08:17:03'
System info: host: 'Mds-MacBook-Air.local', ip: 'fe80:0:0:0:49c:9f7c:9a:4be8%en0', os.name: 'Mac OS X', os.arch: 'x86_64', os.version: '10.14.5', java.version: '12.0.2'
Driver info: driver.version: ChromeDriver
at org.openqa.selenium.remote.ErrorHandler.createThrowable(ErrorHandler.java:214)
at org.openqa.selenium.remote.ErrorHandler.throwIfResponseFailed(ErrorHandler.java:166)
at org.openqa.selenium.remote.JsonWireProtocolResponse.lambda$errorHandler$0(JsonWireProtocolResponse.java:54)
at org.openqa.selenium.remote.HandshakeResponse.lambda$getResponseFunction$0(HandshakeResponse.java:30)
at org.openqa.selenium.remote.ProtocolHandshake.lambda$createSession$0(ProtocolHandshake.java:126)
at java.base/java.util.stream.ReferencePipeline$3$1.accept(ReferencePipeline.java:195)
at java.base/java.util.Spliterators$ArraySpliterator.tryAdvance(Spliterators.java:958)
at java.base/java.util.stream.ReferencePipeline.forEachWithCancel(ReferencePipeline.java:127)
at java.base/java.util.stream.AbstractPipeline.copyIntoWithCancel(AbstractPipeline.java:502)
at java.base/java.util.stream.AbstractPipeline.copyInto(AbstractPipeline.java:488)
at java.base/java.util.stream.AbstractPipeline.wrapAndCopyInto(AbstractPipeline.java:474)
at java.base/java.util.stream.FindOps$FindOp.evaluateSequential(FindOps.java:150)
at java.base/java.util.stream.AbstractPipeline.evaluate(AbstractPipeline.java:234)
at java.base/java.util.stream.ReferencePipeline.findFirst(ReferencePipeline.java:543)
at org.openqa.selenium.remote.ProtocolHandshake.createSession(ProtocolHandshake.java:128)
at org.openqa.selenium.remote.ProtocolHandshake.createSession(ProtocolHandshake.java:74)
at org.openqa.selenium.remote.HttpCommandExecutor.execute(HttpCommandExecutor.java:136)
at org.openqa.selenium.remote.service.DriverCommandExecutor.execute(DriverCommandExecutor.java:83)
at org.openqa.selenium.remote.RemoteWebDriver.execute(RemoteWebDriver.java:552)
at org.openqa.selenium.remote.RemoteWebDriver.startSession(RemoteWebDriver.java:213)
at org.openqa.selenium.remote.RemoteWebDriver.<init>(RemoteWebDriver.java:131)
at org.openqa.selenium.chrome.ChromeDriver.<init>(ChromeDriver.java:181)
at org.openqa.selenium.chrome.ChromeDriver.<init>(ChromeDriver.java:168)
at org.openqa.selenium.chrome.ChromeDriver.<init>(ChromeDriver.java:123)
at common.CommonAPI.getLocalDriver(CommonAPI.java:127)
at common.CommonAPI.setUp(CommonAPI.java:113)
at java.base/java.util.ArrayList.forEach(ArrayList.java:1540)
... Removed 40 stack frames]]>
    </failure>
  </testcase> <!-- @BeforeMethod setUp -->
  <testcase classname="common.CommonAPI" name="@BeforeMethod startExtent" time="-1.570885700101E9">
    <skipped/>
  </testcase> <!-- @BeforeMethod startExtent -->
  <testcase classname="common.CommonAPI" name="@AfterMethod afterEachTestMethod" time="-1.570885700102E9">
    <skipped/>
  </testcase> <!-- @AfterMethod afterEachTestMethod -->
  <testcase classname="common.CommonAPI" name="@AfterMethod cleanUp" time="-1.570885700102E9">
    <skipped/>
  </testcase> <!-- @AfterMethod cleanUp -->
  <testcase classname="common.CommonAPI" name="@BeforeMethod setUp" time="3.591">
    <failure type="org.openqa.selenium.WebDriverException" message="unknown error: Chrome failed to start: crashed
  (chrome not reachable)
  (The process started from chrome location /Applications/Google Chrome.app/Contents/MacOS/Google Chrome is no longer running, so ChromeDriver is assuming that Chrome has crashed.)
  (Driver info: chromedriver=2.42.591059 (a3d9684d10d61aa0c45f6723b327283be1ebaad8),platform=Mac OS X 10.14.5 x86_64) (WARNING: The server did not provide any stacktrace information)
Command duration or timeout: 3.48 seconds
Build info: version: &amp;apos;3.141.59&amp;apos;, revision: &amp;apos;e82be7d358&amp;apos;, time: &amp;apos;2018-11-14T08:17:03&amp;apos;
System info: host: &amp;apos;Mds-MacBook-Air.local&amp;apos;, ip: &amp;apos;fe80:0:0:0:49c:9f7c:9a:4be8%en0&amp;apos;, os.name: &amp;apos;Mac OS X&amp;apos;, os.arch: &amp;apos;x86_64&amp;apos;, os.version: &amp;apos;10.14.5&amp;apos;, java.version: &amp;apos;12.0.2&amp;apos;
Driver info: driver.version: ChromeDriver">
      <![CDATA[org.openqa.selenium.WebDriverException: unknown error: Chrome failed to start: crashed
  (chrome not reachable)
  (The process started from chrome location /Applications/Google Chrome.app/Contents/MacOS/Google Chrome is no longer running, so ChromeDriver is assuming that Chrome has crashed.)
  (Driver info: chromedriver=2.42.591059 (a3d9684d10d61aa0c45f6723b327283be1ebaad8),platform=Mac OS X 10.14.5 x86_64) (WARNING: The server did not provide any stacktrace information)
Command duration or timeout: 3.48 seconds
Build info: version: '3.141.59', revision: 'e82be7d358', time: '2018-11-14T08:17:03'
System info: host: 'Mds-MacBook-Air.local', ip: 'fe80:0:0:0:49c:9f7c:9a:4be8%en0', os.name: 'Mac OS X', os.arch: 'x86_64', os.version: '10.14.5', java.version: '12.0.2'
Driver info: driver.version: ChromeDriver
at org.openqa.selenium.remote.ErrorHandler.createThrowable(ErrorHandler.java:214)
at org.openqa.selenium.remote.ErrorHandler.throwIfResponseFailed(ErrorHandler.java:166)
at org.openqa.selenium.remote.JsonWireProtocolResponse.lambda$errorHandler$0(JsonWireProtocolResponse.java:54)
at org.openqa.selenium.remote.HandshakeResponse.lambda$getResponseFunction$0(HandshakeResponse.java:30)
at org.openqa.selenium.remote.ProtocolHandshake.lambda$createSession$0(ProtocolHandshake.java:126)
at java.base/java.util.stream.ReferencePipeline$3$1.accept(ReferencePipeline.java:195)
at java.base/java.util.Spliterators$ArraySpliterator.tryAdvance(Spliterators.java:958)
at java.base/java.util.stream.ReferencePipeline.forEachWithCancel(ReferencePipeline.java:127)
at java.base/java.util.stream.AbstractPipeline.copyIntoWithCancel(AbstractPipeline.java:502)
at java.base/java.util.stream.AbstractPipeline.copyInto(AbstractPipeline.java:488)
at java.base/java.util.stream.AbstractPipeline.wrapAndCopyInto(AbstractPipeline.java:474)
at java.base/java.util.stream.FindOps$FindOp.evaluateSequential(FindOps.java:150)
at java.base/java.util.stream.AbstractPipeline.evaluate(AbstractPipeline.java:234)
at java.base/java.util.stream.ReferencePipeline.findFirst(ReferencePipeline.java:543)
at org.openqa.selenium.remote.ProtocolHandshake.createSession(ProtocolHandshake.java:128)
at org.openqa.selenium.remote.ProtocolHandshake.createSession(ProtocolHandshake.java:74)
at org.openqa.selenium.remote.HttpCommandExecutor.execute(HttpCommandExecutor.java:136)
at org.openqa.selenium.remote.service.DriverCommandExecutor.execute(DriverCommandExecutor.java:83)
at org.openqa.selenium.remote.RemoteWebDriver.execute(RemoteWebDriver.java:552)
at org.openqa.selenium.remote.RemoteWebDriver.startSession(RemoteWebDriver.java:213)
at org.openqa.selenium.remote.RemoteWebDriver.<init>(RemoteWebDriver.java:131)
at org.openqa.selenium.chrome.ChromeDriver.<init>(ChromeDriver.java:181)
at org.openqa.selenium.chrome.ChromeDriver.<init>(ChromeDriver.java:168)
at org.openqa.selenium.chrome.ChromeDriver.<init>(ChromeDriver.java:123)
at common.CommonAPI.getLocalDriver(CommonAPI.java:127)
at common.CommonAPI.setUp(CommonAPI.java:113)
at java.base/java.util.ArrayList.forEach(ArrayList.java:1540)
... Removed 40 stack frames]]>
    </failure>
  </testcase> <!-- @BeforeMethod setUp -->
  <testcase classname="common.CommonAPI" name="@BeforeMethod startExtent" time="-1.570885703697E9">
    <skipped/>
  </testcase> <!-- @BeforeMethod startExtent -->
  <testcase classname="common.CommonAPI" name="@AfterMethod afterEachTestMethod" time="-1.570885703701E9">
    <skipped/>
  </testcase> <!-- @AfterMethod afterEachTestMethod -->
  <testcase classname="common.CommonAPI" name="@AfterMethod cleanUp" time="-1.570885703701E9">
    <skipped/>
  </testcase> <!-- @AfterMethod cleanUp -->
  <testcase classname="common.CommonAPI" name="@BeforeMethod setUp" time="5.042">
    <failure type="org.openqa.selenium.WebDriverException" message="unknown error: Chrome failed to start: crashed
  (chrome not reachable)
  (The process started from chrome location /Applications/Google Chrome.app/Contents/MacOS/Google Chrome is no longer running, so ChromeDriver is assuming that Chrome has crashed.)
  (Driver info: chromedriver=2.42.591059 (a3d9684d10d61aa0c45f6723b327283be1ebaad8),platform=Mac OS X 10.14.5 x86_64) (WARNING: The server did not provide any stacktrace information)
Command duration or timeout: 4.93 seconds
Build info: version: &amp;apos;3.141.59&amp;apos;, revision: &amp;apos;e82be7d358&amp;apos;, time: &amp;apos;2018-11-14T08:17:03&amp;apos;
System info: host: &amp;apos;Mds-MacBook-Air.local&amp;apos;, ip: &amp;apos;fe80:0:0:0:49c:9f7c:9a:4be8%en0&amp;apos;, os.name: &amp;apos;Mac OS X&amp;apos;, os.arch: &amp;apos;x86_64&amp;apos;, os.version: &amp;apos;10.14.5&amp;apos;, java.version: &amp;apos;12.0.2&amp;apos;
Driver info: driver.version: ChromeDriver">
      <![CDATA[org.openqa.selenium.WebDriverException: unknown error: Chrome failed to start: crashed
  (chrome not reachable)
  (The process started from chrome location /Applications/Google Chrome.app/Contents/MacOS/Google Chrome is no longer running, so ChromeDriver is assuming that Chrome has crashed.)
  (Driver info: chromedriver=2.42.591059 (a3d9684d10d61aa0c45f6723b327283be1ebaad8),platform=Mac OS X 10.14.5 x86_64) (WARNING: The server did not provide any stacktrace information)
Command duration or timeout: 4.93 seconds
Build info: version: '3.141.59', revision: 'e82be7d358', time: '2018-11-14T08:17:03'
System info: host: 'Mds-MacBook-Air.local', ip: 'fe80:0:0:0:49c:9f7c:9a:4be8%en0', os.name: 'Mac OS X', os.arch: 'x86_64', os.version: '10.14.5', java.version: '12.0.2'
Driver info: driver.version: ChromeDriver
at org.openqa.selenium.remote.ErrorHandler.createThrowable(ErrorHandler.java:214)
at org.openqa.selenium.remote.ErrorHandler.throwIfResponseFailed(ErrorHandler.java:166)
at org.openqa.selenium.remote.JsonWireProtocolResponse.lambda$errorHandler$0(JsonWireProtocolResponse.java:54)
at org.openqa.selenium.remote.HandshakeResponse.lambda$getResponseFunction$0(HandshakeResponse.java:30)
at org.openqa.selenium.remote.ProtocolHandshake.lambda$createSession$0(ProtocolHandshake.java:126)
at java.base/java.util.stream.ReferencePipeline$3$1.accept(ReferencePipeline.java:195)
at java.base/java.util.Spliterators$ArraySpliterator.tryAdvance(Spliterators.java:958)
at java.base/java.util.stream.ReferencePipeline.forEachWithCancel(ReferencePipeline.java:127)
at java.base/java.util.stream.AbstractPipeline.copyIntoWithCancel(AbstractPipeline.java:502)
at java.base/java.util.stream.AbstractPipeline.copyInto(AbstractPipeline.java:488)
at java.base/java.util.stream.AbstractPipeline.wrapAndCopyInto(AbstractPipeline.java:474)
at java.base/java.util.stream.FindOps$FindOp.evaluateSequential(FindOps.java:150)
at java.base/java.util.stream.AbstractPipeline.evaluate(AbstractPipeline.java:234)
at java.base/java.util.stream.ReferencePipeline.findFirst(ReferencePipeline.java:543)
at org.openqa.selenium.remote.ProtocolHandshake.createSession(ProtocolHandshake.java:128)
at org.openqa.selenium.remote.ProtocolHandshake.createSession(ProtocolHandshake.java:74)
at org.openqa.selenium.remote.HttpCommandExecutor.execute(HttpCommandExecutor.java:136)
at org.openqa.selenium.remote.service.DriverCommandExecutor.execute(DriverCommandExecutor.java:83)
at org.openqa.selenium.remote.RemoteWebDriver.execute(RemoteWebDriver.java:552)
at org.openqa.selenium.remote.RemoteWebDriver.startSession(RemoteWebDriver.java:213)
at org.openqa.selenium.remote.RemoteWebDriver.<init>(RemoteWebDriver.java:131)
at org.openqa.selenium.chrome.ChromeDriver.<init>(ChromeDriver.java:181)
at org.openqa.selenium.chrome.ChromeDriver.<init>(ChromeDriver.java:168)
at org.openqa.selenium.chrome.ChromeDriver.<init>(ChromeDriver.java:123)
at common.CommonAPI.getLocalDriver(CommonAPI.java:127)
at common.CommonAPI.setUp(CommonAPI.java:113)
at java.base/java.util.ArrayList.forEach(ArrayList.java:1540)
... Removed 40 stack frames]]>
    </failure>
  </testcase> <!-- @BeforeMethod setUp -->
  <testcase classname="common.CommonAPI" name="@BeforeMethod startExtent" time="-1.570885708748E9">
    <skipped/>
  </testcase> <!-- @BeforeMethod startExtent -->
  <testcase classname="common.CommonAPI" name="@AfterMethod afterEachTestMethod" time="-1.570885708749E9">
    <skipped/>
  </testcase> <!-- @AfterMethod afterEachTestMethod -->
  <testcase classname="common.CommonAPI" name="@AfterMethod cleanUp" time="-1.57088570875E9">
    <skipped/>
  </testcase> <!-- @AfterMethod cleanUp -->
  <testcase classname="common.CommonAPI" name="@BeforeMethod setUp" time="-1.570885708752E9">
    <skipped/>
  </testcase> <!-- @BeforeMethod setUp -->
  <testcase classname="common.CommonAPI" name="@BeforeMethod startExtent" time="-1.570885708753E9">
    <skipped/>
  </testcase> <!-- @BeforeMethod startExtent -->
  <testcase classname="common.CommonAPI" name="@AfterMethod afterEachTestMethod" time="-1.570885708755E9">
    <skipped/>
  </testcase> <!-- @AfterMethod afterEachTestMethod -->
  <testcase classname="common.CommonAPI" name="@AfterMethod cleanUp" time="-1.570885708756E9">
    <skipped/>
  </testcase> <!-- @AfterMethod cleanUp -->
  <testcase classname="common.CommonAPI" name="@BeforeMethod setUp" time="-1.570885708757E9">
    <skipped/>
  </testcase> <!-- @BeforeMethod setUp -->
  <testcase classname="common.CommonAPI" name="@BeforeMethod startExtent" time="-1.570885708757E9">
    <skipped/>
  </testcase> <!-- @BeforeMethod startExtent -->
  <testcase classname="common.CommonAPI" name="@AfterMethod afterEachTestMethod" time="-1.570885708758E9">
    <skipped/>
  </testcase> <!-- @AfterMethod afterEachTestMethod -->
  <testcase classname="common.CommonAPI" name="@AfterMethod cleanUp" time="-1.570885708758E9">
    <skipped/>
  </testcase> <!-- @AfterMethod cleanUp -->
  <testcase classname="common.CommonAPI" name="@BeforeMethod setUp" time="-1.570885708759E9">
    <skipped/>
  </testcase> <!-- @BeforeMethod setUp -->
  <testcase classname="common.CommonAPI" name="@BeforeMethod startExtent" time="-1.57088570876E9">
    <skipped/>
  </testcase> <!-- @BeforeMethod startExtent -->
  <testcase classname="common.CommonAPI" name="@AfterMethod afterEachTestMethod" time="-1.57088570876E9">
    <skipped/>
  </testcase> <!-- @AfterMethod afterEachTestMethod -->
  <testcase classname="common.CommonAPI" name="@AfterMethod cleanUp" time="-1.570885708761E9">
    <skipped/>
  </testcase> <!-- @AfterMethod cleanUp -->
  <testcase classname="common.CommonAPI" name="@BeforeMethod setUp" time="-1.570885708762E9">
    <skipped/>
  </testcase> <!-- @BeforeMethod setUp -->
  <testcase classname="common.CommonAPI" name="@BeforeMethod startExtent" time="-1.570885708762E9">
    <skipped/>
  </testcase> <!-- @BeforeMethod startExtent -->
  <testcase classname="common.CommonAPI" name="@AfterMethod afterEachTestMethod" time="-1.570885708763E9">
    <skipped/>
  </testcase> <!-- @AfterMethod afterEachTestMethod -->
  <testcase classname="common.CommonAPI" name="@AfterMethod cleanUp" time="-1.570885708763E9">
    <skipped/>
  </testcase> <!-- @AfterMethod cleanUp -->
  <testcase classname="common.CommonAPI" name="@BeforeMethod setUp" time="-1.570885708763E9">
    <skipped/>
  </testcase> <!-- @BeforeMethod setUp -->
  <testcase classname="common.CommonAPI" name="@BeforeMethod startExtent" time="-1.570885708764E9">
    <skipped/>
  </testcase> <!-- @BeforeMethod startExtent -->
  <testcase classname="common.CommonAPI" name="@AfterMethod afterEachTestMethod" time="-1.570885708764E9">
    <skipped/>
  </testcase> <!-- @AfterMethod afterEachTestMethod -->
  <testcase classname="common.CommonAPI" name="@AfterMethod cleanUp" time="-1.570885708765E9">
    <skipped/>
  </testcase> <!-- @AfterMethod cleanUp -->
  <testcase classname="common.CommonAPI" name="@BeforeMethod setUp" time="-1.570885708765E9">
    <skipped/>
  </testcase> <!-- @BeforeMethod setUp -->
  <testcase classname="common.CommonAPI" name="@BeforeMethod startExtent" time="-1.570885708765E9">
    <skipped/>
  </testcase> <!-- @BeforeMethod startExtent -->
  <testcase classname="common.CommonAPI" name="@AfterMethod afterEachTestMethod" time="-1.570885708767E9">
    <skipped/>
  </testcase> <!-- @AfterMethod afterEachTestMethod -->
  <testcase classname="common.CommonAPI" name="@AfterMethod cleanUp" time="-1.570885708767E9">
    <skipped/>
  </testcase> <!-- @AfterMethod cleanUp -->
  <testcase classname="common.CommonAPI" name="@BeforeMethod setUp" time="-1.570885708768E9">
    <skipped/>
  </testcase> <!-- @BeforeMethod setUp -->
  <testcase classname="common.CommonAPI" name="@BeforeMethod startExtent" time="-1.570885708768E9">
    <skipped/>
  </testcase> <!-- @BeforeMethod startExtent -->
  <testcase classname="common.CommonAPI" name="@AfterMethod afterEachTestMethod" time="-1.570885708769E9">
    <skipped/>
  </testcase> <!-- @AfterMethod afterEachTestMethod -->
  <testcase classname="common.CommonAPI" name="@AfterMethod cleanUp" time="-1.570885708769E9">
    <skipped/>
  </testcase> <!-- @AfterMethod cleanUp -->
  <testcase classname="common.CommonAPI" name="@BeforeMethod setUp" time="-1.57088570877E9">
    <skipped/>
  </testcase> <!-- @BeforeMethod setUp -->
  <testcase classname="common.CommonAPI" name="@BeforeMethod startExtent" time="-1.57088570877E9">
    <skipped/>
  </testcase> <!-- @BeforeMethod startExtent -->
  <testcase classname="common.CommonAPI" name="@AfterMethod afterEachTestMethod" time="-1.570885708773E9">
    <skipped/>
  </testcase> <!-- @AfterMethod afterEachTestMethod -->
  <testcase classname="common.CommonAPI" name="@AfterMethod cleanUp" time="-1.570885708774E9">
    <skipped/>
  </testcase> <!-- @AfterMethod cleanUp -->
  <testcase classname="common.CommonAPI" name="@BeforeMethod setUp" time="-1.570885708775E9">
    <skipped/>
  </testcase> <!-- @BeforeMethod setUp -->
  <testcase classname="common.CommonAPI" name="@BeforeMethod startExtent" time="-1.570885708776E9">
    <skipped/>
  </testcase> <!-- @BeforeMethod startExtent -->
  <testcase classname="common.CommonAPI" name="@AfterMethod afterEachTestMethod" time="-1.570885708778E9">
    <skipped/>
  </testcase> <!-- @AfterMethod afterEachTestMethod -->
  <testcase classname="common.CommonAPI" name="@AfterMethod cleanUp" time="-1.570885708778E9">
    <skipped/>
  </testcase> <!-- @AfterMethod cleanUp -->
  <testcase classname="common.CommonAPI" name="@BeforeMethod setUp" time="-1.570885708779E9">
    <skipped/>
  </testcase> <!-- @BeforeMethod setUp -->
  <testcase classname="common.CommonAPI" name="@BeforeMethod startExtent" time="-1.570885708779E9">
    <skipped/>
  </testcase> <!-- @BeforeMethod startExtent -->
  <testcase classname="common.CommonAPI" name="@AfterMethod afterEachTestMethod" time="-1.570885708781E9">
    <skipped/>
  </testcase> <!-- @AfterMethod afterEachTestMethod -->
  <testcase classname="common.CommonAPI" name="@AfterMethod cleanUp" time="-1.570885708781E9">
    <skipped/>
  </testcase> <!-- @AfterMethod cleanUp -->
  <testcase classname="common.CommonAPI" name="@BeforeMethod setUp" time="-1.570885708782E9">
    <skipped/>
  </testcase> <!-- @BeforeMethod setUp -->
  <testcase classname="common.CommonAPI" name="@BeforeMethod startExtent" time="-1.570885708782E9">
    <skipped/>
  </testcase> <!-- @BeforeMethod startExtent -->
  <testcase classname="common.CommonAPI" name="@AfterMethod afterEachTestMethod" time="-1.570885708783E9">
    <skipped/>
  </testcase> <!-- @AfterMethod afterEachTestMethod -->
  <testcase classname="common.CommonAPI" name="@AfterMethod cleanUp" time="-1.570885708783E9">
    <skipped/>
  </testcase> <!-- @AfterMethod cleanUp -->
  <testcase classname="common.CommonAPI" name="@BeforeMethod setUp" time="-1.570885708784E9">
    <skipped/>
  </testcase> <!-- @BeforeMethod setUp -->
  <testcase classname="common.CommonAPI" name="@BeforeMethod startExtent" time="-1.570885708784E9">
    <skipped/>
  </testcase> <!-- @BeforeMethod startExtent -->
  <testcase classname="common.CommonAPI" name="@AfterMethod afterEachTestMethod" time="-1.570885708785E9">
    <skipped/>
  </testcase> <!-- @AfterMethod afterEachTestMethod -->
  <testcase classname="common.CommonAPI" name="@AfterMethod cleanUp" time="-1.570885708785E9">
    <skipped/>
  </testcase> <!-- @AfterMethod cleanUp -->
  <testcase classname="common.CommonAPI" name="@BeforeMethod setUp" time="-1.570885708788E9">
    <skipped/>
  </testcase> <!-- @BeforeMethod setUp -->
  <testcase classname="common.CommonAPI" name="@BeforeMethod startExtent" time="-1.570885708788E9">
    <skipped/>
  </testcase> <!-- @BeforeMethod startExtent -->
  <testcase classname="common.CommonAPI" name="@AfterMethod afterEachTestMethod" time="-1.57088570879E9">
    <skipped/>
  </testcase> <!-- @AfterMethod afterEachTestMethod -->
  <testcase classname="common.CommonAPI" name="@AfterMethod cleanUp" time="-1.570885708791E9">
    <skipped/>
  </testcase> <!-- @AfterMethod cleanUp -->
  <testcase classname="common.CommonAPI" name="@BeforeMethod setUp" time="-1.570885708793E9">
    <skipped/>
  </testcase> <!-- @BeforeMethod setUp -->
  <testcase classname="common.CommonAPI" name="@BeforeMethod startExtent" time="-1.570885708793E9">
    <skipped/>
  </testcase> <!-- @BeforeMethod startExtent -->
  <testcase classname="common.CommonAPI" name="@AfterMethod afterEachTestMethod" time="-1.570885708794E9">
    <skipped/>
  </testcase> <!-- @AfterMethod afterEachTestMethod -->
  <testcase classname="common.CommonAPI" name="@AfterMethod cleanUp" time="-1.570885708795E9">
    <skipped/>
  </testcase> <!-- @AfterMethod cleanUp -->
  <testcase classname="common.CommonAPI" name="@BeforeMethod setUp" time="-1.570885708796E9">
    <skipped/>
  </testcase> <!-- @BeforeMethod setUp -->
  <testcase classname="common.CommonAPI" name="@BeforeMethod startExtent" time="-1.570885708797E9">
    <skipped/>
  </testcase> <!-- @BeforeMethod startExtent -->
  <testcase classname="common.CommonAPI" name="@AfterMethod afterEachTestMethod" time="-1.570885708798E9">
    <skipped/>
  </testcase> <!-- @AfterMethod afterEachTestMethod -->
  <testcase classname="common.CommonAPI" name="@AfterMethod cleanUp" time="-1.570885708798E9">
    <skipped/>
  </testcase> <!-- @AfterMethod cleanUp -->
  <testcase classname="common.CommonAPI" name="@BeforeMethod setUp" time="-1.5708857088E9">
    <skipped/>
  </testcase> <!-- @BeforeMethod setUp -->
  <testcase classname="common.CommonAPI" name="@BeforeMethod startExtent" time="-1.570885708801E9">
    <skipped/>
  </testcase> <!-- @BeforeMethod startExtent -->
  <testcase classname="common.CommonAPI" name="@AfterMethod afterEachTestMethod" time="-1.570885708802E9">
    <skipped/>
  </testcase> <!-- @AfterMethod afterEachTestMethod -->
  <testcase classname="common.CommonAPI" name="@AfterMethod cleanUp" time="-1.570885708802E9">
    <skipped/>
  </testcase> <!-- @AfterMethod cleanUp -->
  <testcase classname="common.CommonAPI" name="@BeforeMethod setUp" time="-1.570885708803E9">
    <skipped/>
  </testcase> <!-- @BeforeMethod setUp -->
  <testcase classname="common.CommonAPI" name="@BeforeMethod startExtent" time="-1.570885708803E9">
    <skipped/>
  </testcase> <!-- @BeforeMethod startExtent -->
  <testcase classname="common.CommonAPI" name="@AfterMethod afterEachTestMethod" time="-1.570885708803E9">
    <skipped/>
  </testcase> <!-- @AfterMethod afterEachTestMethod -->
  <testcase classname="common.CommonAPI" name="@AfterMethod cleanUp" time="-1.570885708804E9">
    <skipped/>
  </testcase> <!-- @AfterMethod cleanUp -->
  <testcase classname="common.CommonAPI" name="@BeforeMethod setUp" time="-1.570885708804E9">
    <skipped/>
  </testcase> <!-- @BeforeMethod setUp -->
  <testcase classname="common.CommonAPI" name="@BeforeMethod startExtent" time="-1.570885708804E9">
    <skipped/>
  </testcase> <!-- @BeforeMethod startExtent -->
  <testcase classname="common.CommonAPI" name="@AfterMethod afterEachTestMethod" time="-1.570885708805E9">
    <skipped/>
  </testcase> <!-- @AfterMethod afterEachTestMethod -->
  <testcase classname="common.CommonAPI" name="@AfterMethod cleanUp" time="-1.570885708806E9">
    <skipped/>
  </testcase> <!-- @AfterMethod cleanUp -->
  <testcase classname="common.CommonAPI" name="@BeforeMethod setUp" time="-1.570885708806E9">
    <skipped/>
  </testcase> <!-- @BeforeMethod setUp -->
  <testcase classname="common.CommonAPI" name="@BeforeMethod startExtent" time="-1.570885708807E9">
    <skipped/>
  </testcase> <!-- @BeforeMethod startExtent -->
  <testcase classname="common.CommonAPI" name="@AfterMethod afterEachTestMethod" time="-1.570885708807E9">
    <skipped/>
  </testcase> <!-- @AfterMethod afterEachTestMethod -->
  <testcase classname="common.CommonAPI" name="@AfterMethod cleanUp" time="-1.570885708807E9">
    <skipped/>
  </testcase> <!-- @AfterMethod cleanUp -->
  <testcase classname="common.CommonAPI" name="@BeforeMethod setUp" time="-1.570885708808E9">
    <skipped/>
  </testcase> <!-- @BeforeMethod setUp -->
  <testcase classname="common.CommonAPI" name="@BeforeMethod startExtent" time="-1.570885708808E9">
    <skipped/>
  </testcase> <!-- @BeforeMethod startExtent -->
  <testcase classname="common.CommonAPI" name="@AfterMethod afterEachTestMethod" time="-1.570885708809E9">
    <skipped/>
  </testcase> <!-- @AfterMethod afterEachTestMethod -->
  <testcase classname="common.CommonAPI" name="@AfterMethod cleanUp" time="-1.570885708809E9">
    <skipped/>
  </testcase> <!-- @AfterMethod cleanUp -->
  <testcase classname="common.CommonAPI" name="@BeforeMethod setUp" time="-1.57088570881E9">
    <skipped/>
  </testcase> <!-- @BeforeMethod setUp -->
  <testcase classname="common.CommonAPI" name="@BeforeMethod startExtent" time="-1.57088570881E9">
    <skipped/>
  </testcase> <!-- @BeforeMethod startExtent -->
  <testcase classname="common.CommonAPI" name="@AfterMethod afterEachTestMethod" time="-1.570885708811E9">
    <skipped/>
  </testcase> <!-- @AfterMethod afterEachTestMethod -->
  <testcase classname="common.CommonAPI" name="@AfterMethod cleanUp" time="-1.570885708811E9">
    <skipped/>
  </testcase> <!-- @AfterMethod cleanUp -->
  <testcase classname="common.CommonAPI" name="@BeforeMethod setUp" time="-1.570885708813E9">
    <skipped/>
  </testcase> <!-- @BeforeMethod setUp -->
  <testcase classname="common.CommonAPI" name="@BeforeMethod startExtent" time="-1.570885708813E9">
    <skipped/>
  </testcase> <!-- @BeforeMethod startExtent -->
  <testcase classname="common.CommonAPI" name="@AfterMethod afterEachTestMethod" time="-1.570885708818E9">
    <skipped/>
  </testcase> <!-- @AfterMethod afterEachTestMethod -->
  <testcase classname="common.CommonAPI" name="@AfterMethod cleanUp" time="-1.570885708819E9">
    <skipped/>
  </testcase> <!-- @AfterMethod cleanUp -->
  <testcase classname="common.CommonAPI" name="@BeforeMethod setUp" time="-1.570885708819E9">
    <skipped/>
  </testcase> <!-- @BeforeMethod setUp -->
  <testcase classname="common.CommonAPI" name="@BeforeMethod startExtent" time="-1.570885708819E9">
    <skipped/>
  </testcase> <!-- @BeforeMethod startExtent -->
  <testcase classname="common.CommonAPI" name="@AfterMethod afterEachTestMethod" time="-1.57088570882E9">
    <skipped/>
  </testcase> <!-- @AfterMethod afterEachTestMethod -->
  <testcase classname="common.CommonAPI" name="@AfterMethod cleanUp" time="-1.57088570882E9">
    <skipped/>
  </testcase> <!-- @AfterMethod cleanUp -->
  <testcase classname="common.CommonAPI" name="@BeforeMethod setUp" time="-1.570885708821E9">
    <skipped/>
  </testcase> <!-- @BeforeMethod setUp -->
  <testcase classname="common.CommonAPI" name="@BeforeMethod startExtent" time="-1.570885708821E9">
    <skipped/>
  </testcase> <!-- @BeforeMethod startExtent -->
  <testcase classname="common.CommonAPI" name="@AfterMethod afterEachTestMethod" time="-1.570885708823E9">
    <skipped/>
  </testcase> <!-- @AfterMethod afterEachTestMethod -->
  <testcase classname="common.CommonAPI" name="@AfterMethod cleanUp" time="-1.570885708823E9">
    <skipped/>
  </testcase> <!-- @AfterMethod cleanUp -->
  <testcase classname="common.CommonAPI" name="@BeforeMethod setUp" time="-1.570885708823E9">
    <skipped/>
  </testcase> <!-- @BeforeMethod setUp -->
  <testcase classname="common.CommonAPI" name="@BeforeMethod startExtent" time="-1.570885708824E9">
    <skipped/>
  </testcase> <!-- @BeforeMethod startExtent -->
  <testcase classname="common.CommonAPI" name="@AfterMethod afterEachTestMethod" time="-1.570885708824E9">
    <skipped/>
  </testcase> <!-- @AfterMethod afterEachTestMethod -->
  <testcase classname="common.CommonAPI" name="@AfterMethod cleanUp" time="-1.570885708825E9">
    <skipped/>
  </testcase> <!-- @AfterMethod cleanUp -->
  <testcase classname="common.CommonAPI" name="@BeforeMethod setUp" time="-1.570885708826E9">
    <skipped/>
  </testcase> <!-- @BeforeMethod setUp -->
  <testcase classname="common.CommonAPI" name="@BeforeMethod startExtent" time="-1.570885708826E9">
    <skipped/>
  </testcase> <!-- @BeforeMethod startExtent -->
  <testcase classname="common.CommonAPI" name="@AfterMethod afterEachTestMethod" time="-1.570885708829E9">
    <skipped/>
  </testcase> <!-- @AfterMethod afterEachTestMethod -->
  <testcase classname="common.CommonAPI" name="@AfterMethod cleanUp" time="-1.570885708829E9">
    <skipped/>
  </testcase> <!-- @AfterMethod cleanUp -->
  <testcase classname="common.CommonAPI" name="@BeforeMethod setUp" time="-1.57088570883E9">
    <skipped/>
  </testcase> <!-- @BeforeMethod setUp -->
  <testcase classname="common.CommonAPI" name="@BeforeMethod startExtent" time="-1.57088570883E9">
    <skipped/>
  </testcase> <!-- @BeforeMethod startExtent -->
  <testcase classname="common.CommonAPI" name="@AfterMethod afterEachTestMethod" time="-1.570885708831E9">
    <skipped/>
  </testcase> <!-- @AfterMethod afterEachTestMethod -->
  <testcase classname="common.CommonAPI" name="@AfterMethod cleanUp" time="-1.570885708831E9">
    <skipped/>
  </testcase> <!-- @AfterMethod cleanUp -->
  <testcase classname="common.CommonAPI" name="@BeforeMethod setUp" time="-1.570885708832E9">
    <skipped/>
  </testcase> <!-- @BeforeMethod setUp -->
  <testcase classname="common.CommonAPI" name="@BeforeMethod startExtent" time="-1.570885708832E9">
    <skipped/>
  </testcase> <!-- @BeforeMethod startExtent -->
  <testcase classname="common.CommonAPI" name="@AfterMethod afterEachTestMethod" time="-1.570885708832E9">
    <skipped/>
  </testcase> <!-- @AfterMethod afterEachTestMethod -->
  <testcase classname="common.CommonAPI" name="@AfterMethod cleanUp" time="-1.570885708833E9">
    <skipped/>
  </testcase> <!-- @AfterMethod cleanUp -->
  <testcase classname="common.CommonAPI" name="@BeforeMethod setUp" time="-1.570885708833E9">
    <skipped/>
  </testcase> <!-- @BeforeMethod setUp -->
  <testcase classname="common.CommonAPI" name="@BeforeMethod startExtent" time="-1.570885708833E9">
    <skipped/>
  </testcase> <!-- @BeforeMethod startExtent -->
  <testcase classname="common.CommonAPI" name="@AfterMethod afterEachTestMethod" time="-1.570885708834E9">
    <skipped/>
  </testcase> <!-- @AfterMethod afterEachTestMethod -->
  <testcase classname="common.CommonAPI" name="@AfterMethod cleanUp" time="-1.570885708834E9">
    <skipped/>
  </testcase> <!-- @AfterMethod cleanUp -->
  <testcase classname="common.CommonAPI" name="@BeforeMethod setUp" time="-1.570885708835E9">
    <skipped/>
  </testcase> <!-- @BeforeMethod setUp -->
  <testcase classname="common.CommonAPI" name="@BeforeMethod startExtent" time="-1.570885708835E9">
    <skipped/>
  </testcase> <!-- @BeforeMethod startExtent -->
  <testcase classname="common.CommonAPI" name="@AfterMethod afterEachTestMethod" time="-1.570885708836E9">
    <skipped/>
  </testcase> <!-- @AfterMethod afterEachTestMethod -->
  <testcase classname="common.CommonAPI" name="@AfterMethod cleanUp" time="-1.570885708836E9">
    <skipped/>
  </testcase> <!-- @AfterMethod cleanUp -->
  <testcase classname="common.CommonAPI" name="@BeforeMethod setUp" time="-1.570885708836E9">
    <skipped/>
  </testcase> <!-- @BeforeMethod setUp -->
  <testcase classname="common.CommonAPI" name="@BeforeMethod startExtent" time="-1.570885708836E9">
    <skipped/>
  </testcase> <!-- @BeforeMethod startExtent -->
  <testcase classname="common.CommonAPI" name="@AfterMethod afterEachTestMethod" time="-1.570885708837E9">
    <skipped/>
  </testcase> <!-- @AfterMethod afterEachTestMethod -->
  <testcase classname="common.CommonAPI" name="@AfterMethod cleanUp" time="-1.570885708837E9">
    <skipped/>
  </testcase> <!-- @AfterMethod cleanUp -->
  <testcase classname="common.CommonAPI" name="@BeforeMethod setUp" time="-1.570885708838E9">
    <skipped/>
  </testcase> <!-- @BeforeMethod setUp -->
  <testcase classname="common.CommonAPI" name="@BeforeMethod startExtent" time="-1.570885708838E9">
    <skipped/>
  </testcase> <!-- @BeforeMethod startExtent -->
  <testcase classname="common.CommonAPI" name="@AfterMethod afterEachTestMethod" time="-1.570885708839E9">
    <skipped/>
  </testcase> <!-- @AfterMethod afterEachTestMethod -->
  <testcase classname="common.CommonAPI" name="@AfterMethod cleanUp" time="-1.57088570884E9">
    <skipped/>
  </testcase> <!-- @AfterMethod cleanUp -->
  <testcase classname="common.CommonAPI" name="@BeforeMethod setUp" time="-1.570885708841E9">
    <skipped/>
  </testcase> <!-- @BeforeMethod setUp -->
  <testcase classname="common.CommonAPI" name="@BeforeMethod startExtent" time="-1.570885708841E9">
    <skipped/>
  </testcase> <!-- @BeforeMethod startExtent -->
  <testcase classname="common.CommonAPI" name="@AfterMethod afterEachTestMethod" time="-1.570885708841E9">
    <skipped/>
  </testcase> <!-- @AfterMethod afterEachTestMethod -->
  <testcase classname="common.CommonAPI" name="@AfterMethod cleanUp" time="-1.570885708842E9">
    <skipped/>
  </testcase> <!-- @AfterMethod cleanUp -->
  <testcase classname="common.CommonAPI" name="@BeforeMethod setUp" time="-1.570885708843E9">
    <skipped/>
  </testcase> <!-- @BeforeMethod setUp -->
  <testcase classname="common.CommonAPI" name="@BeforeMethod startExtent" time="-1.570885708844E9">
    <skipped/>
  </testcase> <!-- @BeforeMethod startExtent -->
  <testcase classname="common.CommonAPI" name="@AfterMethod afterEachTestMethod" time="-1.570885708846E9">
    <skipped/>
  </testcase> <!-- @AfterMethod afterEachTestMethod -->
  <testcase classname="common.CommonAPI" name="@AfterMethod cleanUp" time="-1.570885708846E9">
    <skipped/>
  </testcase> <!-- @AfterMethod cleanUp -->
  <testcase classname="common.CommonAPI" name="@BeforeMethod setUp" time="-1.570885708848E9">
    <skipped/>
  </testcase> <!-- @BeforeMethod setUp -->
  <testcase classname="common.CommonAPI" name="@BeforeMethod startExtent" time="-1.570885708848E9">
    <skipped/>
  </testcase> <!-- @BeforeMethod startExtent -->
  <testcase classname="common.CommonAPI" name="@AfterMethod afterEachTestMethod" time="-1.570885708849E9">
    <skipped/>
  </testcase> <!-- @AfterMethod afterEachTestMethod -->
  <testcase classname="common.CommonAPI" name="@AfterMethod cleanUp" time="-1.57088570885E9">
    <skipped/>
  </testcase> <!-- @AfterMethod cleanUp -->
  <testcase classname="common.CommonAPI" name="@BeforeMethod setUp" time="-1.570885708851E9">
    <skipped/>
  </testcase> <!-- @BeforeMethod setUp -->
  <testcase classname="common.CommonAPI" name="@BeforeMethod startExtent" time="-1.570885708851E9">
    <skipped/>
  </testcase> <!-- @BeforeMethod startExtent -->
  <testcase classname="common.CommonAPI" name="@AfterMethod afterEachTestMethod" time="-1.570885708852E9">
    <skipped/>
  </testcase> <!-- @AfterMethod afterEachTestMethod -->
  <testcase classname="common.CommonAPI" name="@AfterMethod cleanUp" time="-1.570885708852E9">
    <skipped/>
  </testcase> <!-- @AfterMethod cleanUp -->
  <testcase classname="common.CommonAPI" name="@BeforeMethod setUp" time="-1.570885708853E9">
    <skipped/>
  </testcase> <!-- @BeforeMethod setUp -->
  <testcase classname="common.CommonAPI" name="@BeforeMethod startExtent" time="-1.570885708854E9">
    <skipped/>
  </testcase> <!-- @BeforeMethod startExtent -->
  <testcase classname="common.CommonAPI" name="@AfterMethod afterEachTestMethod" time="-1.570885708855E9">
    <skipped/>
  </testcase> <!-- @AfterMethod afterEachTestMethod -->
  <testcase classname="common.CommonAPI" name="@AfterMethod cleanUp" time="-1.570885708855E9">
    <skipped/>
  </testcase> <!-- @AfterMethod cleanUp -->
  <testcase classname="common.CommonAPI" name="@BeforeMethod setUp" time="-1.570885708856E9">
    <skipped/>
  </testcase> <!-- @BeforeMethod setUp -->
  <testcase classname="common.CommonAPI" name="@BeforeMethod startExtent" time="-1.570885708856E9">
    <skipped/>
  </testcase> <!-- @BeforeMethod startExtent -->
  <testcase classname="common.CommonAPI" name="@AfterMethod afterEachTestMethod" time="-1.570885708857E9">
    <skipped/>
  </testcase> <!-- @AfterMethod afterEachTestMethod -->
  <testcase classname="common.CommonAPI" name="@AfterMethod cleanUp" time="-1.570885708857E9">
    <skipped/>
  </testcase> <!-- @AfterMethod cleanUp -->
  <testcase classname="common.CommonAPI" name="@BeforeMethod setUp" time="-1.570885708857E9">
    <skipped/>
  </testcase> <!-- @BeforeMethod setUp -->
  <testcase classname="common.CommonAPI" name="@BeforeMethod startExtent" time="-1.570885708858E9">
    <skipped/>
  </testcase> <!-- @BeforeMethod startExtent -->
  <testcase classname="common.CommonAPI" name="@AfterMethod afterEachTestMethod" time="-1.570885708858E9">
    <skipped/>
  </testcase> <!-- @AfterMethod afterEachTestMethod -->
  <testcase classname="common.CommonAPI" name="@AfterMethod cleanUp" time="-1.570885708858E9">
    <skipped/>
  </testcase> <!-- @AfterMethod cleanUp -->
  <testcase classname="common.CommonAPI" name="@BeforeMethod setUp" time="-1.570885708859E9">
    <skipped/>
  </testcase> <!-- @BeforeMethod setUp -->
  <testcase classname="common.CommonAPI" name="@BeforeMethod startExtent" time="-1.570885708859E9">
    <skipped/>
  </testcase> <!-- @BeforeMethod startExtent -->
  <testcase classname="common.CommonAPI" name="@AfterMethod afterEachTestMethod" time="-1.57088570886E9">
    <skipped/>
  </testcase> <!-- @AfterMethod afterEachTestMethod -->
  <testcase classname="common.CommonAPI" name="@AfterMethod cleanUp" time="-1.57088570886E9">
    <skipped/>
  </testcase> <!-- @AfterMethod cleanUp -->
  <testcase classname="common.CommonAPI" name="@BeforeMethod setUp" time="3.373">
    <failure type="org.openqa.selenium.WebDriverException" message="unknown error: Chrome failed to start: crashed
  (unknown error: DevToolsActivePort file doesn&amp;apos;t exist)
  (The process started from chrome location /Applications/Google Chrome.app/Contents/MacOS/Google Chrome is no longer running, so ChromeDriver is assuming that Chrome has crashed.)
  (Driver info: chromedriver=2.42.591059 (a3d9684d10d61aa0c45f6723b327283be1ebaad8),platform=Mac OS X 10.14.5 x86_64) (WARNING: The server did not provide any stacktrace information)
Command duration or timeout: 3.26 seconds
Build info: version: &amp;apos;3.141.59&amp;apos;, revision: &amp;apos;e82be7d358&amp;apos;, time: &amp;apos;2018-11-14T08:17:03&amp;apos;
System info: host: &amp;apos;Mds-MacBook-Air.local&amp;apos;, ip: &amp;apos;fe80:0:0:0:49c:9f7c:9a:4be8%en0&amp;apos;, os.name: &amp;apos;Mac OS X&amp;apos;, os.arch: &amp;apos;x86_64&amp;apos;, os.version: &amp;apos;10.14.5&amp;apos;, java.version: &amp;apos;12.0.2&amp;apos;
Driver info: driver.version: ChromeDriver">
      <![CDATA[org.openqa.selenium.WebDriverException: unknown error: Chrome failed to start: crashed
  (unknown error: DevToolsActivePort file doesn't exist)
  (The process started from chrome location /Applications/Google Chrome.app/Contents/MacOS/Google Chrome is no longer running, so ChromeDriver is assuming that Chrome has crashed.)
  (Driver info: chromedriver=2.42.591059 (a3d9684d10d61aa0c45f6723b327283be1ebaad8),platform=Mac OS X 10.14.5 x86_64) (WARNING: The server did not provide any stacktrace information)
Command duration or timeout: 3.26 seconds
Build info: version: '3.141.59', revision: 'e82be7d358', time: '2018-11-14T08:17:03'
System info: host: 'Mds-MacBook-Air.local', ip: 'fe80:0:0:0:49c:9f7c:9a:4be8%en0', os.name: 'Mac OS X', os.arch: 'x86_64', os.version: '10.14.5', java.version: '12.0.2'
Driver info: driver.version: ChromeDriver
at org.openqa.selenium.remote.ErrorHandler.createThrowable(ErrorHandler.java:214)
at org.openqa.selenium.remote.ErrorHandler.throwIfResponseFailed(ErrorHandler.java:166)
at org.openqa.selenium.remote.JsonWireProtocolResponse.lambda$errorHandler$0(JsonWireProtocolResponse.java:54)
at org.openqa.selenium.remote.HandshakeResponse.lambda$getResponseFunction$0(HandshakeResponse.java:30)
at org.openqa.selenium.remote.ProtocolHandshake.lambda$createSession$0(ProtocolHandshake.java:126)
at java.base/java.util.stream.ReferencePipeline$3$1.accept(ReferencePipeline.java:195)
at java.base/java.util.Spliterators$ArraySpliterator.tryAdvance(Spliterators.java:958)
at java.base/java.util.stream.ReferencePipeline.forEachWithCancel(ReferencePipeline.java:127)
at java.base/java.util.stream.AbstractPipeline.copyIntoWithCancel(AbstractPipeline.java:502)
at java.base/java.util.stream.AbstractPipeline.copyInto(AbstractPipeline.java:488)
at java.base/java.util.stream.AbstractPipeline.wrapAndCopyInto(AbstractPipeline.java:474)
at java.base/java.util.stream.FindOps$FindOp.evaluateSequential(FindOps.java:150)
at java.base/java.util.stream.AbstractPipeline.evaluate(AbstractPipeline.java:234)
at java.base/java.util.stream.ReferencePipeline.findFirst(ReferencePipeline.java:543)
at org.openqa.selenium.remote.ProtocolHandshake.createSession(ProtocolHandshake.java:128)
at org.openqa.selenium.remote.ProtocolHandshake.createSession(ProtocolHandshake.java:74)
at org.openqa.selenium.remote.HttpCommandExecutor.execute(HttpCommandExecutor.java:136)
at org.openqa.selenium.remote.service.DriverCommandExecutor.execute(DriverCommandExecutor.java:83)
at org.openqa.selenium.remote.RemoteWebDriver.execute(RemoteWebDriver.java:552)
at org.openqa.selenium.remote.RemoteWebDriver.startSession(RemoteWebDriver.java:213)
at org.openqa.selenium.remote.RemoteWebDriver.<init>(RemoteWebDriver.java:131)
at org.openqa.selenium.chrome.ChromeDriver.<init>(ChromeDriver.java:181)
at org.openqa.selenium.chrome.ChromeDriver.<init>(ChromeDriver.java:168)
at org.openqa.selenium.chrome.ChromeDriver.<init>(ChromeDriver.java:123)
at common.CommonAPI.getLocalDriver(CommonAPI.java:127)
at common.CommonAPI.setUp(CommonAPI.java:113)
at java.base/java.util.ArrayList.forEach(ArrayList.java:1540)
... Removed 40 stack frames]]>
    </failure>
  </testcase> <!-- @BeforeMethod setUp -->
  <testcase classname="common.CommonAPI" name="@BeforeMethod startExtent" time="-1.570885712237E9">
    <skipped/>
  </testcase> <!-- @BeforeMethod startExtent -->
  <testcase classname="amazonItem.HomePageTest" name="@BeforeMethod initialize" time="-1.570885712238E9">
    <skipped/>
  </testcase> <!-- @BeforeMethod initialize -->
  <testcase classname="common.CommonAPI" name="@AfterMethod afterEachTestMethod" time="-1.570885712239E9">
    <skipped/>
  </testcase> <!-- @AfterMethod afterEachTestMethod -->
  <testcase classname="common.CommonAPI" name="@AfterMethod cleanUp" time="-1.57088571224E9">
    <skipped/>
  </testcase> <!-- @AfterMethod cleanUp -->
  <testcase classname="common.CommonAPI" name="@BeforeMethod setUp" time="-1.570885712242E9">
    <skipped/>
  </testcase> <!-- @BeforeMethod setUp -->
  <testcase classname="common.CommonAPI" name="@BeforeMethod startExtent" time="-1.570885712242E9">
    <skipped/>
  </testcase> <!-- @BeforeMethod startExtent -->
  <testcase classname="amazonItem.HomePageTest" name="@BeforeMethod initialize" time="-1.570885712243E9">
    <skipped/>
  </testcase> <!-- @BeforeMethod initialize -->
  <testcase classname="common.CommonAPI" name="@AfterMethod afterEachTestMethod" time="-1.570885712245E9">
    <skipped/>
  </testcase> <!-- @AfterMethod afterEachTestMethod -->
  <testcase classname="common.CommonAPI" name="@AfterMethod cleanUp" time="-1.570885712245E9">
    <skipped/>
  </testcase> <!-- @AfterMethod cleanUp -->
  <testcase classname="common.CommonAPI" name="@BeforeMethod setUp" time="-1.570885712247E9">
    <skipped/>
  </testcase> <!-- @BeforeMethod setUp -->
  <testcase classname="common.CommonAPI" name="@BeforeMethod startExtent" time="-1.570885712247E9">
    <skipped/>
  </testcase> <!-- @BeforeMethod startExtent -->
  <testcase classname="amazonItem.HomePageTest" name="@BeforeMethod initialize" time="-1.570885712248E9">
    <skipped/>
  </testcase> <!-- @BeforeMethod initialize -->
  <testcase classname="common.CommonAPI" name="@AfterMethod afterEachTestMethod" time="-1.57088571225E9">
    <skipped/>
  </testcase> <!-- @AfterMethod afterEachTestMethod -->
  <testcase classname="common.CommonAPI" name="@AfterMethod cleanUp" time="-1.570885712252E9">
    <skipped/>
  </testcase> <!-- @AfterMethod cleanUp -->
  <testcase classname="common.CommonAPI" name="@BeforeMethod setUp" time="-1.570885712253E9">
    <skipped/>
  </testcase> <!-- @BeforeMethod setUp -->
  <testcase classname="common.CommonAPI" name="@BeforeMethod startExtent" time="-1.570885712253E9">
    <skipped/>
  </testcase> <!-- @BeforeMethod startExtent -->
  <testcase classname="amazonItem.HomePageTest" name="@BeforeMethod initialize" time="-1.570885712253E9">
    <skipped/>
  </testcase> <!-- @BeforeMethod initialize -->
  <testcase classname="common.CommonAPI" name="@AfterMethod afterEachTestMethod" time="-1.570885712254E9">
    <skipped/>
  </testcase> <!-- @AfterMethod afterEachTestMethod -->
  <testcase classname="common.CommonAPI" name="@AfterMethod cleanUp" time="-1.570885712255E9">
    <skipped/>
  </testcase> <!-- @AfterMethod cleanUp -->
  <testcase classname="common.CommonAPI" name="@BeforeMethod setUp" time="-1.570885712256E9">
    <skipped/>
  </testcase> <!-- @BeforeMethod setUp -->
  <testcase classname="common.CommonAPI" name="@BeforeMethod startExtent" time="-1.570885712256E9">
    <skipped/>
  </testcase> <!-- @BeforeMethod startExtent -->
  <testcase classname="amazonItem.HomePageTest" name="@BeforeMethod initialize" time="-1.570885712256E9">
    <skipped/>
  </testcase> <!-- @BeforeMethod initialize -->
  <testcase classname="common.CommonAPI" name="@AfterMethod afterEachTestMethod" time="-1.570885712257E9">
    <skipped/>
  </testcase> <!-- @AfterMethod afterEachTestMethod -->
  <testcase classname="common.CommonAPI" name="@AfterMethod cleanUp" time="-1.570885712257E9">
    <skipped/>
  </testcase> <!-- @AfterMethod cleanUp -->
  <testcase classname="common.CommonAPI" name="@BeforeMethod setUp" time="-1.570885712258E9">
    <skipped/>
  </testcase> <!-- @BeforeMethod setUp -->
  <testcase classname="common.CommonAPI" name="@BeforeMethod startExtent" time="-1.570885712259E9">
    <skipped/>
  </testcase> <!-- @BeforeMethod startExtent -->
  <testcase classname="amazonItem.HomePageTest" name="@BeforeMethod initialize" time="-1.570885712259E9">
    <skipped/>
  </testcase> <!-- @BeforeMethod initialize -->
  <testcase classname="common.CommonAPI" name="@AfterMethod afterEachTestMethod" time="-1.57088571226E9">
    <skipped/>
  </testcase> <!-- @AfterMethod afterEachTestMethod -->
  <testcase classname="common.CommonAPI" name="@AfterMethod cleanUp" time="-1.57088571226E9">
    <skipped/>
  </testcase> <!-- @AfterMethod cleanUp -->
  <testcase classname="common.CommonAPI" name="@BeforeMethod setUp" time="-1.570885712261E9">
    <skipped/>
  </testcase> <!-- @BeforeMethod setUp -->
  <testcase classname="common.CommonAPI" name="@BeforeMethod startExtent" time="-1.570885712261E9">
    <skipped/>
  </testcase> <!-- @BeforeMethod startExtent -->
  <testcase classname="amazonItem.HomePageTest" name="@BeforeMethod initialize" time="-1.570885712261E9">
    <skipped/>
  </testcase> <!-- @BeforeMethod initialize -->
  <testcase classname="common.CommonAPI" name="@AfterMethod afterEachTestMethod" time="-1.570885712263E9">
    <skipped/>
  </testcase> <!-- @AfterMethod afterEachTestMethod -->
  <testcase classname="common.CommonAPI" name="@AfterMethod cleanUp" time="-1.570885712263E9">
    <skipped/>
  </testcase> <!-- @AfterMethod cleanUp -->
  <testcase classname="common.CommonAPI" name="@BeforeMethod setUp" time="1.427">
    <failure type="org.openqa.selenium.WebDriverException" message="unknown error: Chrome failed to start: crashed
  (unknown error: DevToolsActivePort file doesn&amp;apos;t exist)
  (The process started from chrome location /Applications/Google Chrome.app/Contents/MacOS/Google Chrome is no longer running, so ChromeDriver is assuming that Chrome has crashed.)
  (Driver info: chromedriver=2.42.591059 (a3d9684d10d61aa0c45f6723b327283be1ebaad8),platform=Mac OS X 10.14.5 x86_64) (WARNING: The server did not provide any stacktrace information)
Command duration or timeout: 1.30 seconds
Build info: version: &amp;apos;3.141.59&amp;apos;, revision: &amp;apos;e82be7d358&amp;apos;, time: &amp;apos;2018-11-14T08:17:03&amp;apos;
System info: host: &amp;apos;Mds-MacBook-Air.local&amp;apos;, ip: &amp;apos;fe80:0:0:0:49c:9f7c:9a:4be8%en0&amp;apos;, os.name: &amp;apos;Mac OS X&amp;apos;, os.arch: &amp;apos;x86_64&amp;apos;, os.version: &amp;apos;10.14.5&amp;apos;, java.version: &amp;apos;12.0.2&amp;apos;
Driver info: driver.version: ChromeDriver">
      <![CDATA[org.openqa.selenium.WebDriverException: unknown error: Chrome failed to start: crashed
  (unknown error: DevToolsActivePort file doesn't exist)
  (The process started from chrome location /Applications/Google Chrome.app/Contents/MacOS/Google Chrome is no longer running, so ChromeDriver is assuming that Chrome has crashed.)
  (Driver info: chromedriver=2.42.591059 (a3d9684d10d61aa0c45f6723b327283be1ebaad8),platform=Mac OS X 10.14.5 x86_64) (WARNING: The server did not provide any stacktrace information)
Command duration or timeout: 1.30 seconds
Build info: version: '3.141.59', revision: 'e82be7d358', time: '2018-11-14T08:17:03'
System info: host: 'Mds-MacBook-Air.local', ip: 'fe80:0:0:0:49c:9f7c:9a:4be8%en0', os.name: 'Mac OS X', os.arch: 'x86_64', os.version: '10.14.5', java.version: '12.0.2'
Driver info: driver.version: ChromeDriver
at org.openqa.selenium.remote.ErrorHandler.createThrowable(ErrorHandler.java:214)
at org.openqa.selenium.remote.ErrorHandler.throwIfResponseFailed(ErrorHandler.java:166)
at org.openqa.selenium.remote.JsonWireProtocolResponse.lambda$errorHandler$0(JsonWireProtocolResponse.java:54)
at org.openqa.selenium.remote.HandshakeResponse.lambda$getResponseFunction$0(HandshakeResponse.java:30)
at org.openqa.selenium.remote.ProtocolHandshake.lambda$createSession$0(ProtocolHandshake.java:126)
at java.base/java.util.stream.ReferencePipeline$3$1.accept(ReferencePipeline.java:195)
at java.base/java.util.Spliterators$ArraySpliterator.tryAdvance(Spliterators.java:958)
at java.base/java.util.stream.ReferencePipeline.forEachWithCancel(ReferencePipeline.java:127)
at java.base/java.util.stream.AbstractPipeline.copyIntoWithCancel(AbstractPipeline.java:502)
at java.base/java.util.stream.AbstractPipeline.copyInto(AbstractPipeline.java:488)
at java.base/java.util.stream.AbstractPipeline.wrapAndCopyInto(AbstractPipeline.java:474)
at java.base/java.util.stream.FindOps$FindOp.evaluateSequential(FindOps.java:150)
at java.base/java.util.stream.AbstractPipeline.evaluate(AbstractPipeline.java:234)
at java.base/java.util.stream.ReferencePipeline.findFirst(ReferencePipeline.java:543)
at org.openqa.selenium.remote.ProtocolHandshake.createSession(ProtocolHandshake.java:128)
at org.openqa.selenium.remote.ProtocolHandshake.createSession(ProtocolHandshake.java:74)
at org.openqa.selenium.remote.HttpCommandExecutor.execute(HttpCommandExecutor.java:136)
at org.openqa.selenium.remote.service.DriverCommandExecutor.execute(DriverCommandExecutor.java:83)
at org.openqa.selenium.remote.RemoteWebDriver.execute(RemoteWebDriver.java:552)
at org.openqa.selenium.remote.RemoteWebDriver.startSession(RemoteWebDriver.java:213)
at org.openqa.selenium.remote.RemoteWebDriver.<init>(RemoteWebDriver.java:131)
at org.openqa.selenium.chrome.ChromeDriver.<init>(ChromeDriver.java:181)
at org.openqa.selenium.chrome.ChromeDriver.<init>(ChromeDriver.java:168)
at org.openqa.selenium.chrome.ChromeDriver.<init>(ChromeDriver.java:123)
at common.CommonAPI.getLocalDriver(CommonAPI.java:127)
at common.CommonAPI.setUp(CommonAPI.java:113)
at java.base/java.util.ArrayList.forEach(ArrayList.java:1540)
... Removed 40 stack frames]]>
    </failure>
  </testcase> <!-- @BeforeMethod setUp -->
  <testcase classname="common.CommonAPI" name="@BeforeMethod startExtent" time="-1.570885713694E9">
    <skipped/>
  </testcase> <!-- @BeforeMethod startExtent -->
  <testcase classname="common.CommonAPI" name="@AfterMethod afterEachTestMethod" time="-1.570885713695E9">
    <skipped/>
  </testcase> <!-- @AfterMethod afterEachTestMethod -->
  <testcase classname="common.CommonAPI" name="@AfterMethod cleanUp" time="-1.570885713696E9">
    <skipped/>
  </testcase> <!-- @AfterMethod cleanUp -->
  <testcase classname="common.CommonAPI" name="@BeforeMethod setUp" time="1.47">
    <failure type="org.openqa.selenium.WebDriverException" message="unknown error: Chrome failed to start: crashed
  (unknown error: DevToolsActivePort file doesn&amp;apos;t exist)
  (The process started from chrome location /Applications/Google Chrome.app/Contents/MacOS/Google Chrome is no longer running, so ChromeDriver is assuming that Chrome has crashed.)
  (Driver info: chromedriver=2.42.591059 (a3d9684d10d61aa0c45f6723b327283be1ebaad8),platform=Mac OS X 10.14.5 x86_64) (WARNING: The server did not provide any stacktrace information)
Command duration or timeout: 1.35 seconds
Build info: version: &amp;apos;3.141.59&amp;apos;, revision: &amp;apos;e82be7d358&amp;apos;, time: &amp;apos;2018-11-14T08:17:03&amp;apos;
System info: host: &amp;apos;Mds-MacBook-Air.local&amp;apos;, ip: &amp;apos;fe80:0:0:0:49c:9f7c:9a:4be8%en0&amp;apos;, os.name: &amp;apos;Mac OS X&amp;apos;, os.arch: &amp;apos;x86_64&amp;apos;, os.version: &amp;apos;10.14.5&amp;apos;, java.version: &amp;apos;12.0.2&amp;apos;
Driver info: driver.version: ChromeDriver">
      <![CDATA[org.openqa.selenium.WebDriverException: unknown error: Chrome failed to start: crashed
  (unknown error: DevToolsActivePort file doesn't exist)
  (The process started from chrome location /Applications/Google Chrome.app/Contents/MacOS/Google Chrome is no longer running, so ChromeDriver is assuming that Chrome has crashed.)
  (Driver info: chromedriver=2.42.591059 (a3d9684d10d61aa0c45f6723b327283be1ebaad8),platform=Mac OS X 10.14.5 x86_64) (WARNING: The server did not provide any stacktrace information)
Command duration or timeout: 1.35 seconds
Build info: version: '3.141.59', revision: 'e82be7d358', time: '2018-11-14T08:17:03'
System info: host: 'Mds-MacBook-Air.local', ip: 'fe80:0:0:0:49c:9f7c:9a:4be8%en0', os.name: 'Mac OS X', os.arch: 'x86_64', os.version: '10.14.5', java.version: '12.0.2'
Driver info: driver.version: ChromeDriver
at org.openqa.selenium.remote.ErrorHandler.createThrowable(ErrorHandler.java:214)
at org.openqa.selenium.remote.ErrorHandler.throwIfResponseFailed(ErrorHandler.java:166)
at org.openqa.selenium.remote.JsonWireProtocolResponse.lambda$errorHandler$0(JsonWireProtocolResponse.java:54)
at org.openqa.selenium.remote.HandshakeResponse.lambda$getResponseFunction$0(HandshakeResponse.java:30)
at org.openqa.selenium.remote.ProtocolHandshake.lambda$createSession$0(ProtocolHandshake.java:126)
at java.base/java.util.stream.ReferencePipeline$3$1.accept(ReferencePipeline.java:195)
at java.base/java.util.Spliterators$ArraySpliterator.tryAdvance(Spliterators.java:958)
at java.base/java.util.stream.ReferencePipeline.forEachWithCancel(ReferencePipeline.java:127)
at java.base/java.util.stream.AbstractPipeline.copyIntoWithCancel(AbstractPipeline.java:502)
at java.base/java.util.stream.AbstractPipeline.copyInto(AbstractPipeline.java:488)
at java.base/java.util.stream.AbstractPipeline.wrapAndCopyInto(AbstractPipeline.java:474)
at java.base/java.util.stream.FindOps$FindOp.evaluateSequential(FindOps.java:150)
at java.base/java.util.stream.AbstractPipeline.evaluate(AbstractPipeline.java:234)
at java.base/java.util.stream.ReferencePipeline.findFirst(ReferencePipeline.java:543)
at org.openqa.selenium.remote.ProtocolHandshake.createSession(ProtocolHandshake.java:128)
at org.openqa.selenium.remote.ProtocolHandshake.createSession(ProtocolHandshake.java:74)
at org.openqa.selenium.remote.HttpCommandExecutor.execute(HttpCommandExecutor.java:136)
at org.openqa.selenium.remote.service.DriverCommandExecutor.execute(DriverCommandExecutor.java:83)
at org.openqa.selenium.remote.RemoteWebDriver.execute(RemoteWebDriver.java:552)
at org.openqa.selenium.remote.RemoteWebDriver.startSession(RemoteWebDriver.java:213)
at org.openqa.selenium.remote.RemoteWebDriver.<init>(RemoteWebDriver.java:131)
at org.openqa.selenium.chrome.ChromeDriver.<init>(ChromeDriver.java:181)
at org.openqa.selenium.chrome.ChromeDriver.<init>(ChromeDriver.java:168)
at org.openqa.selenium.chrome.ChromeDriver.<init>(ChromeDriver.java:123)
at common.CommonAPI.getLocalDriver(CommonAPI.java:127)
at common.CommonAPI.setUp(CommonAPI.java:113)
at java.base/java.util.ArrayList.forEach(ArrayList.java:1540)
... Removed 40 stack frames]]>
    </failure>
  </testcase> <!-- @BeforeMethod setUp -->
  <testcase classname="common.CommonAPI" name="@BeforeMethod startExtent" time="-1.570885715169E9">
    <skipped/>
  </testcase> <!-- @BeforeMethod startExtent -->
  <testcase classname="common.CommonAPI" name="@AfterMethod afterEachTestMethod" time="-1.570885715169E9">
    <skipped/>
  </testcase> <!-- @AfterMethod afterEachTestMethod -->
  <testcase classname="common.CommonAPI" name="@AfterMethod cleanUp" time="-1.570885715169E9">
    <skipped/>
  </testcase> <!-- @AfterMethod cleanUp -->
  <testcase classname="amazonItem.itemTest" name="aboutAmazon" time="0.0">
    <skipped/>
  </testcase> <!-- aboutAmazon -->
  <testcase classname="amazonItem.itemTest" name="amazonToursInstruction" time="0.0">
    <skipped/>
  </testcase> <!-- amazonToursInstruction -->
  <testcase classname="amazonItem.itemTest" name="blogTest" time="0.0">
    <skipped/>
  </testcase> <!-- blogTest -->
  <testcase classname="amazonItem.itemTest" name="captureImage" time="0.0">
    <skipped/>
  </testcase> <!-- captureImage -->
  <testcase classname="amazonItem.itemTest" name="careersTest" time="0.0">
    <skipped/>
  </testcase> <!-- careersTest -->
  <testcase classname="amazonItem.itemTest" name="clickSearch" time="0.0">
    <skipped/>
  </testcase> <!-- clickSearch -->
  <testcase classname="amazonItem.itemTest" name="devicesButtonTest" time="0.0">
    <skipped/>
  </testcase> <!-- devicesButtonTest -->
  <testcase classname="amazonItem.itemTest" name="investorTest" time="0.0">
    <skipped/>
  </testcase> <!-- investorTest -->
  <testcase classname="amazonItem.itemTest" name="itemList" time="0.0">
    <skipped/>
  </testcase> <!-- itemList -->
  <testcase classname="amazonItem.itemTest" name="makeMoney" time="0.0">
    <skipped/>
  </testcase> <!-- makeMoney -->
  <testcase classname="amazonItem.itemTest" name="pressCenter" time="0.0">
    <skipped/>
  </testcase> <!-- pressCenter -->
  <testcase classname="amazonItem.itemTest" name="privateBrandsVerify" time="0.0">
    <skipped/>
  </testcase> <!-- privateBrandsVerify -->
  <testcase classname="amazonItem.itemTest" name="selfServiceVerify" time="0.0">
    <skipped/>
  </testcase> <!-- selfServiceVerify -->
  <testcase classname="amazonItem.itemTest" name="verifyScreen" time="0.0">
    <skipped/>
  </testcase> <!-- verifyScreen -->
  <testcase classname="amazonItem.itemTest" name="verifySeeMore" time="0.0">
    <skipped/>
  </testcase> <!-- verifySeeMore -->
  <testcase classname="helloAccount.TestHomePage" name="allDepartments" time="0.0">
    <skipped/>
  </testcase> <!-- allDepartments -->
  <testcase classname="helloAccount.TestHomePage" name="verifyAddCart" time="0.0">
    <skipped/>
  </testcase> <!-- verifyAddCart -->
  <testcase classname="helloAccount.TestHomePage" name="verifyBabyProduct" time="0.0">
    <skipped/>
  </testcase> <!-- verifyBabyProduct -->
  <testcase classname="helloAccount.TestHomePage" name="verifyBuyCreamAndOintments" time="0.0">
    <skipped/>
  </testcase> <!-- verifyBuyCreamAndOintments -->
  <testcase classname="helloAccount.TestHomePage" name="verifyCreateAccount" time="0.0">
    <skipped/>
  </testcase> <!-- verifyCreateAccount -->
  <testcase classname="helloAccount.TestHomePage" name="verifyGiftCard" time="0.0">
    <skipped/>
  </testcase> <!-- verifyGiftCard -->
  <testcase classname="helloAccount.TestHomePage" name="verifyLocation" time="0.0">
    <skipped/>
  </testcase> <!-- verifyLocation -->
  <testcase classname="helloAccount.TestHomePage" name="verifyPrimeMember" time="0.0">
    <skipped/>
  </testcase> <!-- verifyPrimeMember -->
  <testcase classname="helloAccount.TestHomePage" name="verifySearchItem" time="0.0">
    <skipped/>
  </testcase> <!-- verifySearchItem -->
  <testcase classname="amazonItem.TestAmazonSearch" name="testSearch" time="0.0">
    <skipped/>
  </testcase> <!-- testSearch -->
  <testcase classname="dropdown.TestDropDown" name="dropDownData" time="0.0">
    <skipped/>
  </testcase> <!-- dropDownData -->
  <testcase classname="title.TestTitle" name="test1" time="0.0">
    <skipped/>
  </testcase> <!-- test1 -->
  <testcase classname="home.TestHome" name="AssistantButtonVerify" time="0.0">
    <skipped/>
  </testcase> <!-- AssistantButtonVerify -->
  <testcase classname="home.TestHome" name="PrimeButtonCheck" time="0.0">
    <skipped/>
  </testcase> <!-- PrimeButtonCheck -->
  <testcase classname="home.TestHome" name="PrimeVerify" time="0.0">
    <skipped/>
  </testcase> <!-- PrimeVerify -->
  <testcase classname="home.TestHome" name="VerifyCartTest" time="0.0">
    <skipped/>
  </testcase> <!-- VerifyCartTest -->
  <testcase classname="home.TestHome" name="VerifySellPrivateBrand" time="0.0">
    <skipped/>
  </testcase> <!-- VerifySellPrivateBrand -->
  <testcase classname="home.TestHome" name="allItemsVerify" time="0.0">
    <skipped/>
  </testcase> <!-- allItemsVerify -->
  <testcase classname="home.TestHome" name="checkDealsOfTheDay" time="0.0">
    <skipped/>
  </testcase> <!-- checkDealsOfTheDay -->
  <testcase classname="home.TestHome" name="checkPrivacyNotice" time="0.0">
    <skipped/>
  </testcase> <!-- checkPrivacyNotice -->
  <testcase classname="home.TestHome" name="contentAndDeviceVerify" time="0.0">
    <skipped/>
  </testcase> <!-- contentAndDeviceVerify -->
  <testcase classname="home.TestHome" name="eButton" time="0.0">
    <skipped/>
  </testcase> <!-- eButton -->
  <testcase classname="home.TestHome" name="eastDAneButtonVerify" time="0.0">
    <skipped/>
  </testcase> <!-- eastDAneButtonVerify -->
  <testcase classname="home.TestHome" name="helpPeopleButtonVerify" time="0.0">
    <skipped/>
  </testcase> <!-- helpPeopleButtonVerify -->
  <testcase classname="home.TestHome" name="helpTab" time="0.0">
    <skipped/>
  </testcase> <!-- helpTab -->
  <testcase classname="home.TestHome" name="locationCheck" time="0.0">
    <skipped/>
  </testcase> <!-- locationCheck -->
  <testcase classname="home.TestHome" name="myAmazonLogoVerify" time="0.0">
    <skipped/>
  </testcase> <!-- myAmazonLogoVerify -->
  <testcase classname="home.TestHome" name="orderButtonCheck" time="0.0">
    <skipped/>
  </testcase> <!-- orderButtonCheck -->
  <testcase classname="home.TestHome" name="pointsCardVerify" time="0.0">
    <skipped/>
  </testcase> <!-- pointsCardVerify -->
  <testcase classname="home.TestHome" name="rapidsCheck" time="0.0">
    <skipped/>
  </testcase> <!-- rapidsCheck -->
  <testcase classname="home.TestHome" name="registryPage" time="0.0">
    <skipped/>
  </testcase> <!-- registryPage -->
  <testcase classname="home.TestHome" name="returnsButtonVerify" time="0.0">
    <skipped/>
  </testcase> <!-- returnsButtonVerify -->
  <testcase classname="home.TestHome" name="searchItemVerify" time="0.0">
    <skipped/>
  </testcase> <!-- searchItemVerify -->
  <testcase classname="home.TestHome" name="sellButton" time="0.0">
    <skipped/>
  </testcase> <!-- sellButton -->
  <testcase classname="home.TestHome" name="verifyAdvertisementProducts" time="0.0">
    <skipped/>
  </testcase> <!-- verifyAdvertisementProducts -->
  <testcase classname="home.TestHome" name="verifyAmazonStoreCCard" time="0.0">
    <skipped/>
  </testcase> <!-- verifyAmazonStoreCCard -->
  <testcase classname="home.TestHome" name="verifyBusiness" time="0.0">
    <skipped/>
  </testcase> <!-- verifyBusiness -->
  <testcase classname="home.TestHome" name="verifyCountry" time="0.0">
    <skipped/>
  </testcase> <!-- verifyCountry -->
  <testcase classname="home.TestHome" name="verifyCurrencyConvertButton" time="0.0">
    <skipped/>
  </testcase> <!-- verifyCurrencyConvertButton -->
  <testcase classname="home.TestHome" name="verifyFlag" time="0.0">
    <skipped/>
  </testcase> <!-- verifyFlag -->
  <testcase classname="home.TestHome" name="verifyInterestBasedAds" time="0.0">
    <skipped/>
  </testcase> <!-- verifyInterestBasedAds -->
  <testcase classname="home.TestHome" name="verifyMusicButton" time="0.0">
    <skipped/>
  </testcase> <!-- verifyMusicButton -->
  <testcase classname="home.TestHome" name="verifyPayment" time="0.0">
    <skipped/>
  </testcase> <!-- verifyPayment -->
  <testcase classname="home.TestHome" name="verifyPrimeVideo" time="0.0">
    <skipped/>
  </testcase> <!-- verifyPrimeVideo -->
  <testcase classname="home.TestHome" name="verifyReloadBlance" time="0.0">
    <skipped/>
  </testcase> <!-- verifyReloadBlance -->
  <testcase classname="home.TestHome" name="verifySecondChance" time="0.0">
    <skipped/>
  </testcase> <!-- verifySecondChance -->
  <testcase classname="home.TestHome" name="verifySellAppsAmazon" time="0.0">
    <skipped/>
  </testcase> <!-- verifySellAppsAmazon -->
  <testcase classname="home.TestHome" name="verifySellOnHandMadeProduct" time="0.0">
    <skipped/>
  </testcase> <!-- verifySellOnHandMadeProduct -->
  <testcase classname="home.TestHome" name="verifyShippingRates" time="0.0">
    <skipped/>
  </testcase> <!-- verifyShippingRates -->
  <testcase classname="home.TestHome" name="verifyVisaSignatureCards" time="0.0">
    <skipped/>
  </testcase> <!-- verifyVisaSignatureCards -->
  <testcase classname="home.TestHome" name="wholeFoods" time="0.0">
    <skipped/>
  </testcase> <!-- wholeFoods -->
  <testcase classname="home.TestHome" name="wifiCheck" time="0.0">
    <skipped/>
  </testcase> <!-- wifiCheck -->
  <testcase classname="home.TestHome" name="writeOnSearchBox" time="0.0">
    <skipped/>
  </testcase> <!-- writeOnSearchBox -->
  <testcase classname="amazonItem.HomePageTest" name="VerifyToBuyCream" time="0.0">
    <skipped/>
  </testcase> <!-- VerifyToBuyCream -->
  <testcase classname="amazonItem.HomePageTest" name="selectLocation" time="0.0">
    <skipped/>
  </testcase> <!-- selectLocation -->
  <testcase classname="amazonItem.HomePageTest" name="signInForGiftCard" time="0.001">
    <skipped/>
  </testcase> <!-- signInForGiftCard -->
  <testcase classname="amazonItem.HomePageTest" name="verifyBuyBabyDiaper" time="0.0">
    <skipped/>
  </testcase> <!-- verifyBuyBabyDiaper -->
  <testcase classname="amazonItem.HomePageTest" name="verifyCreateAccount" time="0.0">
    <skipped/>
  </testcase> <!-- verifyCreateAccount -->
  <testcase classname="amazonItem.HomePageTest" name="verifyGameAdd" time="0.0">
    <skipped/>
  </testcase> <!-- verifyGameAdd -->
  <testcase classname="amazonItem.HomePageTest" name="verifySearchItem" time="0.0">
    <skipped/>
  </testcase> <!-- verifySearchItem -->
  <testcase classname="amazonSignIn.SignInExcelDataAmazon" name="excelWork" time="0.0">
    <skipped/>
  </testcase> <!-- excelWork -->
  <testcase classname="KeywordTest.keywordTest1" name="testKeyWord" time="0.0">
    <skipped/>
  </testcase> <!-- testKeyWord -->
  <testcase classname="common.CommonAPI" name="@BeforeSuite extentSetup" time="0.0">
    <ignored/>
  </testcase> <!-- @BeforeSuite extentSetup -->
  <testcase classname="common.CommonAPI" name="@BeforeSuite extentSetup" time="0.0">
    <ignored/>
  </testcase> <!-- @BeforeSuite extentSetup -->
  <testcase classname="common.CommonAPI" name="@BeforeSuite extentSetup" time="0.0">
    <ignored/>
  </testcase> <!-- @BeforeSuite extentSetup -->
  <testcase classname="common.CommonAPI" name="@BeforeSuite extentSetup" time="0.0">
    <ignored/>
  </testcase> <!-- @BeforeSuite extentSetup -->
  <testcase classname="common.CommonAPI" name="@BeforeSuite extentSetup" time="0.0">
    <ignored/>
  </testcase> <!-- @BeforeSuite extentSetup -->
  <testcase classname="common.CommonAPI" name="@BeforeSuite extentSetup" time="0.0">
    <ignored/>
  </testcase> <!-- @BeforeSuite extentSetup -->
  <testcase classname="common.CommonAPI" name="@BeforeSuite extentSetup" time="0.0">
    <ignored/>
  </testcase> <!-- @BeforeSuite extentSetup -->
  <testcase classname="common.CommonAPI" name="@BeforeSuite extentSetup" time="0.0">
    <ignored/>
  </testcase> <!-- @BeforeSuite extentSetup -->
  <testcase classname="common.CommonAPI" name="@AfterSuite generateReport" time="0.0">
    <ignored/>
  </testcase> <!-- @AfterSuite generateReport -->
  <testcase classname="common.CommonAPI" name="@AfterSuite generateReport" time="0.0">
    <ignored/>
  </testcase> <!-- @AfterSuite generateReport -->
  <testcase classname="common.CommonAPI" name="@AfterSuite generateReport" time="0.0">
    <ignored/>
  </testcase> <!-- @AfterSuite generateReport -->
  <testcase classname="common.CommonAPI" name="@AfterSuite generateReport" time="0.0">
    <ignored/>
  </testcase> <!-- @AfterSuite generateReport -->
  <testcase classname="common.CommonAPI" name="@AfterSuite generateReport" time="0.0">
    <ignored/>
  </testcase> <!-- @AfterSuite generateReport -->
  <testcase classname="common.CommonAPI" name="@AfterSuite generateReport" time="0.0">
    <ignored/>
  </testcase> <!-- @AfterSuite generateReport -->
  <testcase classname="common.CommonAPI" name="@AfterSuite generateReport" time="0.0">
    <ignored/>
  </testcase> <!-- @AfterSuite generateReport -->
  <testcase classname="common.CommonAPI" name="@AfterSuite generateReport" time="0.0">
    <ignored/>
  </testcase> <!-- @AfterSuite generateReport -->
</testsuite> <!-- Amazon Home -->
