<!DOCTYPE html PUBLIC "-//W3C//DTD XHTML 1.1//EN" "http://www.w3.org/TR/xhtml11/DTD/xhtml11.dtd">
<html xmlns="http://www.w3.org/1999/xhtml">
<head>
<meta http-equiv="content-type" content="text/html; charset=UTF-8"/>
<title>TestNG Report</title>
<style type="text/css">table {margin-bottom:10px;border-collapse:collapse;empty-cells:show}th,td {border:1px solid #009;padding:.25em .5em}th {vertical-align:bottom}td {vertical-align:top}table a {font-weight:bold}.stripe td {background-color: #E6EBF9}.num {text-align:right}.passedodd td {background-color: #3F3}.passedeven td {background-color: #0A0}.skippedodd td {background-color: #DDD}.skippedeven td {background-color: #CCC}.failedodd td,.attn {background-color: #F33}.failedeven td,.stripe .attn {background-color: #D00}.stacktrace {white-space:pre;font-family:monospace}.totop {font-size:85%;text-align:center;border-bottom:2px solid #000}.invisible {display:none}</style>
</head>
<body>
<table>
<tr><th>Test</th><th># Passed</th><th># Skipped</th><th># Retried</th><th># Failed</th><th>Time (ms)</th><th>Included Groups</th><th>Excluded Groups</th></tr>
<tr><th colspan="7">Amazon Automation Script </th></tr>
<tr><td><a href="#t0">Amazon Home</a></td><td class="num">19</td><td class="num">0</td><td class="num">0</td><td class="num attn">3</td><td class="num">449,573</td><td></td><td></td></tr>
</table>
<table id='summary'><thead><tr><th>Class</th><th>Method</th><th>Start</th><th>Time (ms)</th></tr></thead><tbody><tr><th colspan="4">Amazon Automation Script </th></tr></tbody><tbody id="t0"><tr><th colspan="4">Amazon Home &#8212; failed</th></tr><tr class="failedeven"><td rowspan="3">amazonSignIn.AmazonSignInTest</td><td><a href="#m0">verifyAccountSignIn</a></td><td rowspan="1">1569841899209</td><td rowspan="1">20146</td></tr><tr class="failedeven"><td><a href="#m1">verifyPillPackPharmacy</a></td><td rowspan="1">1569842045844</td><td rowspan="1">10111</td></tr><tr class="failedeven"><td><a href="#m2">verifyRegisterGiftCard</a></td><td rowspan="1">1569842082019</td><td rowspan="1">10103</td></tr><tr><th colspan="4">Amazon Home &#8212; passed</th></tr><tr class="passedeven"><td rowspan="19">amazonSignIn.AmazonSignInTest</td><td><a href="#m3">PlayDirectVideo</a></td><td rowspan="1">1569841696335</td><td rowspan="1">11024</td></tr><tr class="passedeven"><td><a href="#m4">SelectAmazonFresh</a></td><td rowspan="1">1569841710766</td><td rowspan="1">13538</td></tr><tr class="passedeven"><td><a href="#m5">buildInvestorRelation</a></td><td rowspan="1">1569841728763</td><td rowspan="1">12568</td></tr><tr class="passedeven"><td><a href="#m6">clickAbcBooks</a></td><td rowspan="1">1569841749670</td><td rowspan="1">11876</td></tr><tr class="passedeven"><td><a href="#m7">collectOrder</a></td><td rowspan="1">1569841767378</td><td rowspan="1">20739</td></tr><tr class="passedeven"><td><a href="#m8">creteSpaceSelect</a></td><td rowspan="1">1569841792276</td><td rowspan="1">10841</td></tr><tr class="passedeven"><td><a href="#m9">enrollHomeServices</a></td><td rowspan="1">1569841807978</td><td rowspan="1">11249</td></tr><tr class="passedeven"><td><a href="#m10">inspireSelect</a></td><td rowspan="1">1569841825038</td><td rowspan="1">11667</td></tr><tr class="passedeven"><td><a href="#m11">neighborsAppVerify</a></td><td rowspan="1">1569841840058</td><td rowspan="1">19668</td></tr><tr class="passedeven"><td><a href="#m12">selectBookDrive</a></td><td rowspan="1">1569841863845</td><td rowspan="1">11442</td></tr><tr class="passedeven"><td><a href="#m13">selelctAmazonTour</a></td><td rowspan="1">1569841882670</td><td rowspan="1">13037</td></tr><tr class="passedeven"><td><a href="#m14">verifyBookDepository</a></td><td rowspan="1">1569841925633</td><td rowspan="1">14649</td></tr><tr class="passedeven"><td><a href="#m15">verifyBoxOffice</a></td><td rowspan="1">1569841944214</td><td rowspan="1">13895</td></tr><tr class="passedeven"><td><a href="#m16">verifyIcon</a></td><td rowspan="1">1569841962388</td><td rowspan="1">10711</td></tr><tr class="passedeven"><td><a href="#m17">verifyList</a></td><td rowspan="1">1569841978892</td><td rowspan="1">32908</td></tr><tr class="passedeven"><td><a href="#m18">verifyPageAlexa</a></td><td rowspan="1">1569842018625</td><td rowspan="1">23619</td></tr><tr class="passedeven"><td><a href="#m19">verifyPressCenter</a></td><td rowspan="1">1569842061413</td><td rowspan="1">14488</td></tr><tr class="passedeven"><td><a href="#m20">verifyShopbop</a></td><td rowspan="1">1569842096071</td><td rowspan="1">14332</td></tr><tr class="passedeven"><td><a href="#m21">verifySubscribeButton</a></td><td rowspan="1">1569842115907</td><td rowspan="1">24174</td></tr></tbody>
</table>
<h2>Amazon Home</h2><h3 id="m0">amazonSignIn.AmazonSignInTest#verifyAccountSignIn</h3><table class="result"><tr><th>Exception</th></tr><tr><td><div class="stacktrace">org.openqa.selenium.NoSuchElementException: no such element: Unable to locate element: {&quot;method&quot;:&quot;id&quot;,&quot;selector&quot;:&quot;ap_email&quot;}
  (Session info: chrome=77.0.3865.90)
  (Driver info: chromedriver=2.42.591059 (a3d9684d10d61aa0c45f6723b327283be1ebaad8),platform=Mac OS X 10.14.5 x86_64) (WARNING: The server did not provide any stacktrace information)
Command duration or timeout: 0 milliseconds
For documentation on this error, please visit: https://www.seleniumhq.org/exceptions/no_such_element.html
Build info: version: &apos;3.141.59&apos;, revision: &apos;e82be7d358&apos;, time: &apos;2018-11-14T08:17:03&apos;
System info: host: &apos;Syeds-MacBook-Pro-2.local&apos;, ip: &apos;2601:40:c002:f740:f056:674f:e630:608f%en0&apos;, os.name: &apos;Mac OS X&apos;, os.arch: &apos;x86_64&apos;, os.version: &apos;10.14.5&apos;, java.version: &apos;1.8.0_221&apos;
Driver info: org.openqa.selenium.chrome.ChromeDriver
Capabilities {acceptInsecureCerts: false, acceptSslCerts: false, applicationCacheEnabled: false, browserConnectionEnabled: false, browserName: chrome, chrome: {chromedriverVersion: 2.42.591059 (a3d9684d10d61a..., userDataDir: /var/folders/68/j046cpqs163...}, cssSelectorsEnabled: true, databaseEnabled: false, goog:chromeOptions: {debuggerAddress: localhost:59902}, handlesAlerts: true, hasTouchScreen: false, javascriptEnabled: true, locationContextEnabled: true, mobileEmulationEnabled: false, nativeEvents: true, networkConnectionEnabled: false, pageLoadStrategy: normal, platform: MAC, platformName: MAC, rotatable: false, setWindowRect: true, takesHeapSnapshot: true, takesScreenshot: true, unexpectedAlertBehaviour: , unhandledPromptBehavior: , version: 77.0.3865.90, webStorageEnabled: true}
Session ID: 615c4574fa29a46d10e20476bacee31f
*** Element info: {Using=id, value=ap_email}
	at org.openqa.selenium.remote.ErrorHandler.createThrowable(ErrorHandler.java:214)
	at org.openqa.selenium.remote.ErrorHandler.throwIfResponseFailed(ErrorHandler.java:166)
	at org.openqa.selenium.remote.http.JsonHttpResponseCodec.reconstructValue(JsonHttpResponseCodec.java:40)
	at org.openqa.selenium.remote.http.AbstractHttpResponseCodec.decode(AbstractHttpResponseCodec.java:80)
	at org.openqa.selenium.remote.http.AbstractHttpResponseCodec.decode(AbstractHttpResponseCodec.java:44)
	at org.openqa.selenium.remote.HttpCommandExecutor.execute(HttpCommandExecutor.java:158)
	at org.openqa.selenium.remote.service.DriverCommandExecutor.execute(DriverCommandExecutor.java:83)
	at org.openqa.selenium.remote.RemoteWebDriver.execute(RemoteWebDriver.java:552)
	at org.openqa.selenium.remote.RemoteWebDriver.findElement(RemoteWebDriver.java:323)
	at org.openqa.selenium.remote.RemoteWebDriver.findElementById(RemoteWebDriver.java:372)
	at org.openqa.selenium.By$ById.findElement(By.java:188)
	at org.openqa.selenium.remote.RemoteWebDriver.findElement(RemoteWebDriver.java:315)
	at common.CommonAPI.typeOnElement(CommonAPI.java:142)
	at amazonSignIn.AmazonSignInTest.verifyAccountSignIn(AmazonSignInTest.java:11)
	at java.util.ArrayList.forEach(ArrayList.java:1257)
... Removed 35 stack frames</div></td></tr></table><p class="totop"><a href="#summary">back to summary</a></p>
<h3 id="m1">amazonSignIn.AmazonSignInTest#verifyPillPackPharmacy</h3><table class="result"><tr><th>Exception</th></tr><tr><td><div class="stacktrace">org.openqa.selenium.InvalidSelectorException: invalid selector: Unable to locate an element with the xpath expression //a[contains(text(),&apos;PillPack&apos; because of the following error:
SyntaxError: Failed to execute &apos;evaluate&apos; on &apos;Document&apos;: The string &apos;//a[contains(text(),&apos;PillPack&apos;&apos; is not a valid XPath expression.
  (Session info: chrome=77.0.3865.90)
  (Driver info: chromedriver=2.42.591059 (a3d9684d10d61aa0c45f6723b327283be1ebaad8),platform=Mac OS X 10.14.5 x86_64) (WARNING: The server did not provide any stacktrace information)
Command duration or timeout: 0 milliseconds
For documentation on this error, please visit: https://www.seleniumhq.org/exceptions/invalid_selector_exception.html
Build info: version: &apos;3.141.59&apos;, revision: &apos;e82be7d358&apos;, time: &apos;2018-11-14T08:17:03&apos;
System info: host: &apos;Syeds-MacBook-Pro-2.local&apos;, ip: &apos;2601:40:c002:f740:f056:674f:e630:608f%en0&apos;, os.name: &apos;Mac OS X&apos;, os.arch: &apos;x86_64&apos;, os.version: &apos;10.14.5&apos;, java.version: &apos;1.8.0_221&apos;
Driver info: org.openqa.selenium.chrome.ChromeDriver
Capabilities {acceptInsecureCerts: false, acceptSslCerts: false, applicationCacheEnabled: false, browserConnectionEnabled: false, browserName: chrome, chrome: {chromedriverVersion: 2.42.591059 (a3d9684d10d61a..., userDataDir: /var/folders/68/j046cpqs163...}, cssSelectorsEnabled: true, databaseEnabled: false, goog:chromeOptions: {debuggerAddress: localhost:61300}, handlesAlerts: true, hasTouchScreen: false, javascriptEnabled: true, locationContextEnabled: true, mobileEmulationEnabled: false, nativeEvents: true, networkConnectionEnabled: false, pageLoadStrategy: normal, platform: MAC, platformName: MAC, rotatable: false, setWindowRect: true, takesHeapSnapshot: true, takesScreenshot: true, unexpectedAlertBehaviour: , unhandledPromptBehavior: , version: 77.0.3865.90, webStorageEnabled: true}
Session ID: 3310d99e1bf6b442860cf6789104a4e2
*** Element info: {Using=xpath, value=//a[contains(text(),&apos;PillPack&apos;}
	at org.openqa.selenium.remote.ErrorHandler.createThrowable(ErrorHandler.java:214)
	at org.openqa.selenium.remote.ErrorHandler.throwIfResponseFailed(ErrorHandler.java:166)
	at org.openqa.selenium.remote.http.JsonHttpResponseCodec.reconstructValue(JsonHttpResponseCodec.java:40)
	at org.openqa.selenium.remote.http.AbstractHttpResponseCodec.decode(AbstractHttpResponseCodec.java:80)
	at org.openqa.selenium.remote.http.AbstractHttpResponseCodec.decode(AbstractHttpResponseCodec.java:44)
	at org.openqa.selenium.remote.HttpCommandExecutor.execute(HttpCommandExecutor.java:158)
	at org.openqa.selenium.remote.service.DriverCommandExecutor.execute(DriverCommandExecutor.java:83)
	at org.openqa.selenium.remote.RemoteWebDriver.execute(RemoteWebDriver.java:552)
	at org.openqa.selenium.remote.RemoteWebDriver.findElement(RemoteWebDriver.java:323)
	at org.openqa.selenium.remote.RemoteWebDriver.findElementByXPath(RemoteWebDriver.java:428)
	at org.openqa.selenium.By$ByXPath.findElement(By.java:353)
	at org.openqa.selenium.remote.RemoteWebDriver.findElement(RemoteWebDriver.java:315)
	at common.CommonAPI.clickOnElement(CommonAPI.java:133)
	at amazonSignIn.AmazonSignInTest.verifyPillPackPharmacy(AmazonSignInTest.java:98)
	at java.util.ArrayList.forEach(ArrayList.java:1257)
... Removed 34 stack frames</div></td></tr></table><p class="totop"><a href="#summary">back to summary</a></p>
<h3 id="m2">amazonSignIn.AmazonSignInTest#verifyRegisterGiftCard</h3><table class="result"><tr><th>Exception</th></tr><tr><td><div class="stacktrace">org.openqa.selenium.ElementNotVisibleException: element not interactable
  (Session info: chrome=77.0.3865.90)
  (Driver info: chromedriver=2.42.591059 (a3d9684d10d61aa0c45f6723b327283be1ebaad8),platform=Mac OS X 10.14.5 x86_64) (WARNING: The server did not provide any stacktrace information)
Command duration or timeout: 0 milliseconds
Build info: version: &apos;3.141.59&apos;, revision: &apos;e82be7d358&apos;, time: &apos;2018-11-14T08:17:03&apos;
System info: host: &apos;Syeds-MacBook-Pro-2.local&apos;, ip: &apos;2601:40:c002:f740:f056:674f:e630:608f%en0&apos;, os.name: &apos;Mac OS X&apos;, os.arch: &apos;x86_64&apos;, os.version: &apos;10.14.5&apos;, java.version: &apos;1.8.0_221&apos;
Driver info: org.openqa.selenium.chrome.ChromeDriver
Capabilities {acceptInsecureCerts: false, acceptSslCerts: false, applicationCacheEnabled: false, browserConnectionEnabled: false, browserName: chrome, chrome: {chromedriverVersion: 2.42.591059 (a3d9684d10d61a..., userDataDir: /var/folders/68/j046cpqs163...}, cssSelectorsEnabled: true, databaseEnabled: false, goog:chromeOptions: {debuggerAddress: localhost:61658}, handlesAlerts: true, hasTouchScreen: false, javascriptEnabled: true, locationContextEnabled: true, mobileEmulationEnabled: false, nativeEvents: true, networkConnectionEnabled: false, pageLoadStrategy: normal, platform: MAC, platformName: MAC, rotatable: false, setWindowRect: true, takesHeapSnapshot: true, takesScreenshot: true, unexpectedAlertBehaviour: , unhandledPromptBehavior: , version: 77.0.3865.90, webStorageEnabled: true}
Session ID: 98716de5927e99ca1d251b63a4ec90d4
	at org.openqa.selenium.remote.ErrorHandler.createThrowable(ErrorHandler.java:214)
	at org.openqa.selenium.remote.ErrorHandler.throwIfResponseFailed(ErrorHandler.java:166)
	at org.openqa.selenium.remote.http.JsonHttpResponseCodec.reconstructValue(JsonHttpResponseCodec.java:40)
	at org.openqa.selenium.remote.http.AbstractHttpResponseCodec.decode(AbstractHttpResponseCodec.java:80)
	at org.openqa.selenium.remote.http.AbstractHttpResponseCodec.decode(AbstractHttpResponseCodec.java:44)
	at org.openqa.selenium.remote.HttpCommandExecutor.execute(HttpCommandExecutor.java:158)
	at org.openqa.selenium.remote.service.DriverCommandExecutor.execute(DriverCommandExecutor.java:83)
	at org.openqa.selenium.remote.RemoteWebDriver.execute(RemoteWebDriver.java:552)
	at org.openqa.selenium.remote.RemoteWebElement.execute(RemoteWebElement.java:285)
	at org.openqa.selenium.remote.RemoteWebElement.click(RemoteWebElement.java:84)
	at common.CommonAPI.clickOnElement(CommonAPI.java:133)
	at amazonSignIn.AmazonSignInTest.verifyRegisterGiftCard(AmazonSignInTest.java:18)
	at java.util.ArrayList.forEach(ArrayList.java:1257)
... Removed 35 stack frames</div></td></tr></table><p class="totop"><a href="#summary">back to summary</a></p>
<h3 id="m3">amazonSignIn.AmazonSignInTest#PlayDirectVideo</h3><table class="result"><tr><th class="invisible"/></tr></table><p class="totop"><a href="#summary">back to summary</a></p>
<h3 id="m4">amazonSignIn.AmazonSignInTest#SelectAmazonFresh</h3><table class="result"><tr><th class="invisible"/></tr></table><p class="totop"><a href="#summary">back to summary</a></p>
<h3 id="m5">amazonSignIn.AmazonSignInTest#buildInvestorRelation</h3><table class="result"><tr><th class="invisible"/></tr></table><p class="totop"><a href="#summary">back to summary</a></p>
<h3 id="m6">amazonSignIn.AmazonSignInTest#clickAbcBooks</h3><table class="result"><tr><th class="invisible"/></tr></table><p class="totop"><a href="#summary">back to summary</a></p>
<h3 id="m7">amazonSignIn.AmazonSignInTest#collectOrder</h3><table class="result"><tr><th class="invisible"/></tr></table><p class="totop"><a href="#summary">back to summary</a></p>
<h3 id="m8">amazonSignIn.AmazonSignInTest#creteSpaceSelect</h3><table class="result"><tr><th class="invisible"/></tr></table><p class="totop"><a href="#summary">back to summary</a></p>
<h3 id="m9">amazonSignIn.AmazonSignInTest#enrollHomeServices</h3><table class="result"><tr><th class="invisible"/></tr></table><p class="totop"><a href="#summary">back to summary</a></p>
<h3 id="m10">amazonSignIn.AmazonSignInTest#inspireSelect</h3><table class="result"><tr><th class="invisible"/></tr></table><p class="totop"><a href="#summary">back to summary</a></p>
<h3 id="m11">amazonSignIn.AmazonSignInTest#neighborsAppVerify</h3><table class="result"><tr><th class="invisible"/></tr></table><p class="totop"><a href="#summary">back to summary</a></p>
<h3 id="m12">amazonSignIn.AmazonSignInTest#selectBookDrive</h3><table class="result"><tr><th class="invisible"/></tr></table><p class="totop"><a href="#summary">back to summary</a></p>
<h3 id="m13">amazonSignIn.AmazonSignInTest#selelctAmazonTour</h3><table class="result"><tr><th class="invisible"/></tr></table><p class="totop"><a href="#summary">back to summary</a></p>
<h3 id="m14">amazonSignIn.AmazonSignInTest#verifyBookDepository</h3><table class="result"><tr><th class="invisible"/></tr></table><p class="totop"><a href="#summary">back to summary</a></p>
<h3 id="m15">amazonSignIn.AmazonSignInTest#verifyBoxOffice</h3><table class="result"><tr><th class="invisible"/></tr></table><p class="totop"><a href="#summary">back to summary</a></p>
<h3 id="m16">amazonSignIn.AmazonSignInTest#verifyIcon</h3><table class="result"><tr><th class="invisible"/></tr></table><p class="totop"><a href="#summary">back to summary</a></p>
<h3 id="m17">amazonSignIn.AmazonSignInTest#verifyList</h3><table class="result"><tr><th class="invisible"/></tr></table><p class="totop"><a href="#summary">back to summary</a></p>
<h3 id="m18">amazonSignIn.AmazonSignInTest#verifyPageAlexa</h3><table class="result"><tr><th class="invisible"/></tr></table><p class="totop"><a href="#summary">back to summary</a></p>
<h3 id="m19">amazonSignIn.AmazonSignInTest#verifyPressCenter</h3><table class="result"><tr><th class="invisible"/></tr></table><p class="totop"><a href="#summary">back to summary</a></p>
<h3 id="m20">amazonSignIn.AmazonSignInTest#verifyShopbop</h3><table class="result"><tr><th class="invisible"/></tr></table><p class="totop"><a href="#summary">back to summary</a></p>
<h3 id="m21">amazonSignIn.AmazonSignInTest#verifySubscribeButton</h3><table class="result"><tr><th class="invisible"/></tr></table><p class="totop"><a href="#summary">back to summary</a></p>
</body>
</html>
