<?xml version="1.0" encoding="UTF-8"?>
<!-- Generated by org.testng.reporters.JUnitReportReporter -->
<testsuite hostname="Mds-MacBook-Air.local" failures="0" tests="42" name="home.TestHome" time="5.042" errors="1" timestamp="2019-10-12T09:08:35 EDT" skipped="41">
  <testcase classname="home.TestHome" name="verifySellOnHandMadeProduct" time="0.000">
    <skipped/>
  </testcase> <!-- verifySellOnHandMadeProduct -->
  <testcase classname="home.TestHome" name="eButton" time="0.000">
    <skipped/>
  </testcase> <!-- eButton -->
  <testcase classname="home.TestHome" name="verifyMusicButton" time="0.000">
    <skipped/>
  </testcase> <!-- verifyMusicButton -->
  <testcase classname="home.TestHome" name="searchItemVerify" time="0.000">
    <skipped/>
  </testcase> <!-- searchItemVerify -->
  <testcase classname="home.TestHome" name="verifyPrimeVideo" time="0.000">
    <skipped/>
  </testcase> <!-- verifyPrimeVideo -->
  <testcase classname="home.TestHome" name="pointsCardVerify" time="0.000">
    <skipped/>
  </testcase> <!-- pointsCardVerify -->
  <testcase classname="home.TestHome" name="verifyBusiness" time="0.000">
    <skipped/>
  </testcase> <!-- verifyBusiness -->
  <testcase classname="home.TestHome" name="returnsButtonVerify" time="0.000">
    <skipped/>
  </testcase> <!-- returnsButtonVerify -->
  <testcase classname="home.TestHome" name="wifiCheck" time="0.000">
    <skipped/>
  </testcase> <!-- wifiCheck -->
  <testcase classname="home.TestHome" name="eastDAneButtonVerify" time="0.000">
    <skipped/>
  </testcase> <!-- eastDAneButtonVerify -->
  <testcase classname="home.TestHome" name="sellButton" time="0.000">
    <skipped/>
  </testcase> <!-- sellButton -->
  <testcase classname="home.TestHome" name="writeOnSearchBox" time="0.000">
    <skipped/>
  </testcase> <!-- writeOnSearchBox -->
  <testcase classname="home.TestHome" name="PrimeButtonCheck" time="0.000">
    <skipped/>
  </testcase> <!-- PrimeButtonCheck -->
  <testcase classname="home.TestHome" name="PrimeVerify" time="0.000">
    <skipped/>
  </testcase> <!-- PrimeVerify -->
  <testcase classname="home.TestHome" name="verifyAdvertisementProducts" time="0.000">
    <skipped/>
  </testcase> <!-- verifyAdvertisementProducts -->
  <testcase classname="home.TestHome" name="myAmazonLogoVerify" time="0.000">
    <skipped/>
  </testcase> <!-- myAmazonLogoVerify -->
  <testcase classname="home.TestHome" name="wholeFoods" time="0.000">
    <skipped/>
  </testcase> <!-- wholeFoods -->
  <testcase classname="home.TestHome" name="AssistantButtonVerify" time="0.000">
    <skipped/>
  </testcase> <!-- AssistantButtonVerify -->
  <testcase classname="home.TestHome" name="verifyAmazonStoreCCard" time="0.000">
    <skipped/>
  </testcase> <!-- verifyAmazonStoreCCard -->
  <testcase classname="home.TestHome" name="verifyVisaSignatureCards" time="0.000">
    <skipped/>
  </testcase> <!-- verifyVisaSignatureCards -->
  <testcase classname="home.TestHome" name="allItemsVerify" time="0.000">
    <skipped/>
  </testcase> <!-- allItemsVerify -->
  <testcase classname="home.TestHome" name="checkPrivacyNotice" time="0.000">
    <skipped/>
  </testcase> <!-- checkPrivacyNotice -->
  <testcase classname="home.TestHome" name="verifyReloadBlance" time="0.000">
    <skipped/>
  </testcase> <!-- verifyReloadBlance -->
  <testcase classname="home.TestHome" name="verifySecondChance" time="0.000">
    <skipped/>
  </testcase> <!-- verifySecondChance -->
  <testcase classname="home.TestHome" name="verifyShippingRates" time="0.000">
    <skipped/>
  </testcase> <!-- verifyShippingRates -->
  <testcase classname="home.TestHome" name="verifyInterestBasedAds" time="0.000">
    <skipped/>
  </testcase> <!-- verifyInterestBasedAds -->
  <testcase classname="home.TestHome" name="VerifySellPrivateBrand" time="0.000">
    <skipped/>
  </testcase> <!-- VerifySellPrivateBrand -->
  <testcase classname="home.TestHome" name="VerifyCartTest" time="0.000">
    <skipped/>
  </testcase> <!-- VerifyCartTest -->
  <testcase classname="home.TestHome" name="orderButtonCheck" time="0.000">
    <skipped/>
  </testcase> <!-- orderButtonCheck -->
  <testcase classname="home.TestHome" name="helpPeopleButtonVerify" time="0.000">
    <skipped/>
  </testcase> <!-- helpPeopleButtonVerify -->
  <testcase classname="home.TestHome" name="checkDealsOfTheDay" time="0.000">
    <skipped/>
  </testcase> <!-- checkDealsOfTheDay -->
  <testcase classname="home.TestHome" name="verifyCurrencyConvertButton" time="0.000">
    <skipped/>
  </testcase> <!-- verifyCurrencyConvertButton -->
  <testcase classname="home.TestHome" name="setUp" time="5.042">
    <error message="unknown error: Chrome failed to start: crashed
  (chrome not reachable)
  (The process started from chrome location /Applications/Google Chrome.app/Contents/MacOS/Google Chrome is no longer running, so ChromeDriver is assuming that Chrome has crashed.)
  (Driver info: chromedriver=2.42.591059 (a3d9684d10d61aa0c45f6723b327283be1ebaad8),platform=Mac OS X 10.14.5 x86_64) (WARNING: The server did not provide any stacktrace information)
Command duration or timeout: 4.93 seconds
Build info: version: &#039;3.141.59&#039;, revision: &#039;e82be7d358&#039;, time: &#039;2018-11-14T08:17:03&#039;
System info: host: &#039;Mds-MacBook-Air.local&#039;, ip: &#039;fe80:0:0:0:49c:9f7c:9a:4be8%en0&#039;, os.name: &#039;Mac OS X&#039;, os.arch: &#039;x86_64&#039;, os.version: &#039;10.14.5&#039;, java.version: &#039;12.0.2&#039;
Driver info: driver.version: ChromeDriver" type="org.openqa.selenium.WebDriverException">
      <![CDATA[org.openqa.selenium.WebDriverException: unknown error: Chrome failed to start: crashed
  (chrome not reachable)
  (The process started from chrome location /Applications/Google Chrome.app/Contents/MacOS/Google Chrome is no longer running, so ChromeDriver is assuming that Chrome has crashed.)
  (Driver info: chromedriver=2.42.591059 (a3d9684d10d61aa0c45f6723b327283be1ebaad8),platform=Mac OS X 10.14.5 x86_64) (WARNING: The server did not provide any stacktrace information)
Command duration or timeout: 4.93 seconds
Build info: version: '3.141.59', revision: 'e82be7d358', time: '2018-11-14T08:17:03'
System info: host: 'Mds-MacBook-Air.local', ip: 'fe80:0:0:0:49c:9f7c:9a:4be8%en0', os.name: 'Mac OS X', os.arch: 'x86_64', os.version: '10.14.5', java.version: '12.0.2'
Driver info: driver.version: ChromeDriver
at java.base/jdk.internal.reflect.NativeConstructorAccessorImpl.newInstance0(Native Method)
at java.base/jdk.internal.reflect.NativeConstructorAccessorImpl.newInstance(NativeConstructorAccessorImpl.java:62)
at java.base/jdk.internal.reflect.DelegatingConstructorAccessorImpl.newInstance(DelegatingConstructorAccessorImpl.java:45)
at java.base/java.lang.reflect.Constructor.newInstanceWithCaller(Constructor.java:500)
at java.base/java.lang.reflect.Constructor.newInstance(Constructor.java:481)
at org.openqa.selenium.remote.ErrorHandler.createThrowable(ErrorHandler.java:214)
at org.openqa.selenium.remote.ErrorHandler.throwIfResponseFailed(ErrorHandler.java:166)
at org.openqa.selenium.remote.JsonWireProtocolResponse.lambda$errorHandler$0(JsonWireProtocolResponse.java:54)
at org.openqa.selenium.remote.HandshakeResponse.lambda$getResponseFunction$0(HandshakeResponse.java:30)
at org.openqa.selenium.remote.ProtocolHandshake.lambda$createSession$0(ProtocolHandshake.java:126)
at java.base/java.util.stream.ReferencePipeline$3$1.accept(ReferencePipeline.java:195)
at java.base/java.util.Spliterators$ArraySpliterator.tryAdvance(Spliterators.java:958)
at java.base/java.util.stream.ReferencePipeline.forEachWithCancel(ReferencePipeline.java:127)
at java.base/java.util.stream.AbstractPipeline.copyIntoWithCancel(AbstractPipeline.java:502)
at java.base/java.util.stream.AbstractPipeline.copyInto(AbstractPipeline.java:488)
at java.base/java.util.stream.AbstractPipeline.wrapAndCopyInto(AbstractPipeline.java:474)
at java.base/java.util.stream.FindOps$FindOp.evaluateSequential(FindOps.java:150)
at java.base/java.util.stream.AbstractPipeline.evaluate(AbstractPipeline.java:234)
at java.base/java.util.stream.ReferencePipeline.findFirst(ReferencePipeline.java:543)
at org.openqa.selenium.remote.ProtocolHandshake.createSession(ProtocolHandshake.java:128)
at org.openqa.selenium.remote.ProtocolHandshake.createSession(ProtocolHandshake.java:74)
at org.openqa.selenium.remote.HttpCommandExecutor.execute(HttpCommandExecutor.java:136)
at org.openqa.selenium.remote.service.DriverCommandExecutor.execute(DriverCommandExecutor.java:83)
at org.openqa.selenium.remote.RemoteWebDriver.execute(RemoteWebDriver.java:552)
at org.openqa.selenium.remote.RemoteWebDriver.startSession(RemoteWebDriver.java:213)
at org.openqa.selenium.remote.RemoteWebDriver.<init>(RemoteWebDriver.java:131)
at org.openqa.selenium.chrome.ChromeDriver.<init>(ChromeDriver.java:181)
at org.openqa.selenium.chrome.ChromeDriver.<init>(ChromeDriver.java:168)
at org.openqa.selenium.chrome.ChromeDriver.<init>(ChromeDriver.java:123)
at common.CommonAPI.getLocalDriver(CommonAPI.java:127)
at common.CommonAPI.setUp(CommonAPI.java:113)
at java.base/jdk.internal.reflect.NativeMethodAccessorImpl.invoke0(Native Method)
at java.base/jdk.internal.reflect.NativeMethodAccessorImpl.invoke(NativeMethodAccessorImpl.java:62)
at java.base/jdk.internal.reflect.DelegatingMethodAccessorImpl.invoke(DelegatingMethodAccessorImpl.java:43)
at java.base/java.lang.reflect.Method.invoke(Method.java:567)
at org.testng.internal.MethodInvocationHelper.invokeMethod(MethodInvocationHelper.java:133)
at org.testng.internal.MethodInvocationHelper.invokeMethodConsideringTimeout(MethodInvocationHelper.java:62)
at org.testng.internal.ConfigInvoker.invokeConfigurationMethod(ConfigInvoker.java:340)
at org.testng.internal.ConfigInvoker.invokeConfigurations(ConfigInvoker.java:294)
at org.testng.internal.TestInvoker.runConfigMethods(TestInvoker.java:683)
at org.testng.internal.TestInvoker.invokeMethod(TestInvoker.java:510)
at org.testng.internal.TestInvoker.invokeTestMethod(TestInvoker.java:172)
at org.testng.internal.MethodRunner.runInSequence(MethodRunner.java:46)
at org.testng.internal.TestInvoker$MethodInvocationAgent.invoke(TestInvoker.java:804)
at org.testng.internal.TestInvoker.invokeTestMethods(TestInvoker.java:145)
at org.testng.internal.TestMethodWorker.invokeTestMethods(TestMethodWorker.java:146)
at org.testng.internal.TestMethodWorker.run(TestMethodWorker.java:128)
at java.base/java.util.ArrayList.forEach(ArrayList.java:1540)
at org.testng.TestRunner.privateRun(TestRunner.java:770)
at org.testng.TestRunner.run(TestRunner.java:591)
at org.testng.SuiteRunner.runTest(SuiteRunner.java:402)
at org.testng.SuiteRunner.runSequentially(SuiteRunner.java:396)
at org.testng.SuiteRunner.privateRun(SuiteRunner.java:355)
at org.testng.SuiteRunner.run(SuiteRunner.java:304)
at org.testng.SuiteRunnerWorker.runSuite(SuiteRunnerWorker.java:53)
at org.testng.SuiteRunnerWorker.run(SuiteRunnerWorker.java:96)
at org.testng.TestNG.runSuitesSequentially(TestNG.java:1180)
at org.testng.TestNG.runSuitesLocally(TestNG.java:1102)
at org.testng.TestNG.runSuites(TestNG.java:1032)
at org.testng.TestNG.run(TestNG.java:1000)
at org.apache.maven.surefire.testng.TestNGExecutor.run(TestNGExecutor.java:283)
at org.apache.maven.surefire.testng.TestNGXmlTestSuite.execute(TestNGXmlTestSuite.java:75)
at org.apache.maven.surefire.testng.TestNGProvider.invoke(TestNGProvider.java:120)
at org.apache.maven.surefire.booter.ForkedBooter.invokeProviderInSameClassLoader(ForkedBooter.java:384)
at org.apache.maven.surefire.booter.ForkedBooter.runSuitesInProcess(ForkedBooter.java:345)
at org.apache.maven.surefire.booter.ForkedBooter.execute(ForkedBooter.java:126)
at org.apache.maven.surefire.booter.ForkedBooter.main(ForkedBooter.java:418)
]]>
    </error>
  </testcase> <!-- setUp -->
  <testcase classname="home.TestHome" name="verifySellAppsAmazon" time="0.000">
    <skipped/>
  </testcase> <!-- verifySellAppsAmazon -->
  <testcase classname="home.TestHome" name="verifyPayment" time="0.000">
    <skipped/>
  </testcase> <!-- verifyPayment -->
  <testcase classname="home.TestHome" name="rapidsCheck" time="0.000">
    <skipped/>
  </testcase> <!-- rapidsCheck -->
  <testcase classname="home.TestHome" name="registryPage" time="0.000">
    <skipped/>
  </testcase> <!-- registryPage -->
  <testcase classname="home.TestHome" name="verifyFlag" time="0.000">
    <skipped/>
  </testcase> <!-- verifyFlag -->
  <testcase classname="home.TestHome" name="contentAndDeviceVerify" time="0.000">
    <skipped/>
  </testcase> <!-- contentAndDeviceVerify -->
  <testcase classname="home.TestHome" name="locationCheck" time="0.000">
    <skipped/>
  </testcase> <!-- locationCheck -->
  <testcase classname="home.TestHome" name="helpTab" time="0.000">
    <skipped/>
  </testcase> <!-- helpTab -->
  <testcase classname="home.TestHome" name="verifyCountry" time="0.000">
    <skipped/>
  </testcase> <!-- verifyCountry -->
</testsuite> <!-- home.TestHome -->
