<!DOCTYPE html PUBLIC "-//W3C//DTD XHTML 1.1//EN" "http://www.w3.org/TR/xhtml11/DTD/xhtml11.dtd">
<html xmlns="http://www.w3.org/1999/xhtml">
<head>
<meta http-equiv="content-type" content="text/html; charset=UTF-8"/>
<title>TestNG Report</title>
<style type="text/css">table {margin-bottom:10px;border-collapse:collapse;empty-cells:show}th,td {border:1px solid #009;padding:.25em .5em}th {vertical-align:bottom}td {vertical-align:top}table a {font-weight:bold}.stripe td {background-color: #E6EBF9}.num {text-align:right}.passedodd td {background-color: #3F3}.passedeven td {background-color: #0A0}.skippedodd td {background-color: #DDD}.skippedeven td {background-color: #CCC}.failedodd td,.attn {background-color: #F33}.failedeven td,.stripe .attn {background-color: #D00}.stacktrace {white-space:pre;font-family:monospace}.totop {font-size:85%;text-align:center;border-bottom:2px solid #000}.invisible {display:none}</style>
</head>
<body>
<table>
<tr><th>Test</th><th># Passed</th><th># Skipped</th><th># Retried</th><th># Failed</th><th>Time (ms)</th><th>Included Groups</th><th>Excluded Groups</th></tr>
<tr><th colspan="7">Command line suite</th></tr>
<tr><td><a href="#t0">Command line test</a></td><td class="num">1</td><td class="num attn">8</td><td class="num">0</td><td class="num attn">5</td><td class="num">79,913</td><td></td><td></td></tr>
</table>
<table id='summary'><thead><tr><th>Class</th><th>Method</th><th>Start</th><th>Time (ms)</th></tr></thead><tbody><tr><th colspan="4">Command line suite</th></tr></tbody><tbody id="t0"><tr><th colspan="4">Command line test &#8212; failed (configuration methods)</th></tr><tr class="failedeven"><td rowspan="1">homewalmart.TestCaptureItemDropDown</td><td><a href="#m0">cleanUp</a></td><td rowspan="1">1570054623411</td><td rowspan="1">0</td></tr><tr class="failedodd"><td rowspan="1">homewalmart.TestHandlingCookies</td><td><a href="#m1">cleanUp</a></td><td rowspan="1">1570054609159</td><td rowspan="1">1</td></tr><tr class="failedeven"><td rowspan="1">homewalmart.TestHome</td><td><a href="#m2">cleanUp</a></td><td rowspan="1">1570054573111</td><td rowspan="1">7</td></tr><tr class="failedodd"><td rowspan="1">homewalmart.TestSignIn</td><td><a href="#m3">cleanUp</a></td><td rowspan="1">1570054592120</td><td rowspan="1">1</td></tr><tr class="failedeven"><td rowspan="1">keyword.TestKeywordWM</td><td><a href="#m4">cleanUp</a></td><td rowspan="1">1570054628468</td><td rowspan="1">1</td></tr><tr class="failedodd"><td rowspan="1">keyword.TestWalmartSearch</td><td><a href="#m5">cleanUp</a></td><td rowspan="1">1570054643623</td><td rowspan="1">1</td></tr><tr><th colspan="4">Command line test &#8212; failed</th></tr><tr class="failedeven"><td rowspan="1">homewalmart.TestHandlingCookies</td><td><a href="#m6">verifyIsHomePageAccountDisplayed</a></td><td rowspan="1">1570054595984</td><td rowspan="1">13045</td></tr><tr class="failedodd"><td rowspan="1">homewalmart.TestHome</td><td><a href="#m7">verifyHomePageTitleTest</a></td><td rowspan="1">1570054572776</td><td rowspan="1">11</td></tr><tr class="failedeven"><td rowspan="1">homewalmart.TestSignIn</td><td><a href="#m8">testSignIn</a></td><td rowspan="1">1570054581949</td><td rowspan="1">10033</td></tr><tr class="failedodd"><td rowspan="1">keyword.TestKeywordWM</td><td><a href="#m9">testKeyWord</a></td><td rowspan="1">1570054628351</td><td rowspan="1">3</td></tr><tr class="failedeven"><td rowspan="1">keyword.TestWalmartSearch</td><td><a href="#m10">testWalmartSearchFromExcel</a></td><td rowspan="1">1570054633439</td><td rowspan="1">10048</td></tr><tr><th colspan="4">Command line test &#8212; skipped (configuration methods)</th></tr><tr class="skippedeven"><td rowspan="10">homewalmart.TestHandlingCookies</td><td><a href="#m11">afterEachTestMethod</a></td><td rowspan="2">1570054609162</td><td rowspan="2">-1570054609162</td></tr><tr class="skippedeven"><td><a href="#m12">afterEachTestMethod</a></td></tr><tr class="skippedeven"><td><a href="#m13">cleanUp</a></td><td rowspan="2">1570054609161</td><td rowspan="2">-1570054609161</td></tr><tr class="skippedeven"><td><a href="#m14">cleanUp</a></td></tr><tr class="skippedeven"><td><a href="#m15">initializeWalmartTestHome</a></td><td rowspan="2">1570054609162</td><td rowspan="2">-1570054609162</td></tr><tr class="skippedeven"><td><a href="#m16">initializeWalmartTestHome</a></td></tr><tr class="skippedeven"><td><a href="#m17">setUp</a></td><td rowspan="2">1570054609162</td><td rowspan="2">-1570054609162</td></tr><tr class="skippedeven"><td><a href="#m18">setUp</a></td></tr><tr class="skippedeven"><td><a href="#m19">startExtent</a></td><td rowspan="2">1570054609162</td><td rowspan="2">-1570054609162</td></tr><tr class="skippedeven"><td><a href="#m20">startExtent</a></td></tr><tr class="skippedodd"><td rowspan="26">homewalmart.TestHome</td><td><a href="#m21">afterEachTestMethod</a></td><td rowspan="5">1570054573126</td><td rowspan="5">-1570054573126</td></tr><tr class="skippedodd"><td><a href="#m22">afterEachTestMethod</a></td></tr><tr class="skippedodd"><td><a href="#m23">afterEachTestMethod</a></td></tr><tr class="skippedodd"><td><a href="#m24">afterEachTestMethod</a></td></tr><tr class="skippedodd"><td><a href="#m25">afterEachTestMethod</a></td></tr><tr class="skippedodd"><td><a href="#m26">cleanUp</a></td><td rowspan="5">1570054573122</td><td rowspan="5">-1570054573122</td></tr><tr class="skippedodd"><td><a href="#m27">cleanUp</a></td></tr><tr class="skippedodd"><td><a href="#m28">cleanUp</a></td></tr><tr class="skippedodd"><td><a href="#m29">cleanUp</a></td></tr><tr class="skippedodd"><td><a href="#m30">cleanUp</a></td></tr><tr class="skippedodd"><td><a href="#m31">generateReport</a></td><td rowspan="1">1570054643667</td><td rowspan="1">-1570054643667</td></tr><tr class="skippedodd"><td><a href="#m32">initializeWalmartTestHome</a></td><td rowspan="5">1570054573125</td><td rowspan="5">-1570054573125</td></tr><tr class="skippedodd"><td><a href="#m33">initializeWalmartTestHome</a></td></tr><tr class="skippedodd"><td><a href="#m34">initializeWalmartTestHome</a></td></tr><tr class="skippedodd"><td><a href="#m35">initializeWalmartTestHome</a></td></tr><tr class="skippedodd"><td><a href="#m36">initializeWalmartTestHome</a></td></tr><tr class="skippedodd"><td><a href="#m37">setUp</a></td><td rowspan="5">1570054573121</td><td rowspan="5">-1570054573121</td></tr><tr class="skippedodd"><td><a href="#m38">setUp</a></td></tr><tr class="skippedodd"><td><a href="#m39">setUp</a></td></tr><tr class="skippedodd"><td><a href="#m40">setUp</a></td></tr><tr class="skippedodd"><td><a href="#m41">setUp</a></td></tr><tr class="skippedodd"><td><a href="#m42">startExtent</a></td><td rowspan="5">1570054573125</td><td rowspan="5">-1570054573125</td></tr><tr class="skippedodd"><td><a href="#m43">startExtent</a></td></tr><tr class="skippedodd"><td><a href="#m44">startExtent</a></td></tr><tr class="skippedodd"><td><a href="#m45">startExtent</a></td></tr><tr class="skippedodd"><td><a href="#m46">startExtent</a></td></tr><tr class="skippedeven"><td rowspan="5">keyword.TestWalmartSearch</td><td><a href="#m47">afterEachTestMethod</a></td><td rowspan="1">1570054643626</td><td rowspan="1">-1570054643626</td></tr><tr class="skippedeven"><td><a href="#m48">cleanUp</a></td><td rowspan="1">1570054643626</td><td rowspan="1">-1570054643626</td></tr><tr class="skippedeven"><td><a href="#m49">initializeWalmartTestSearchPage</a></td><td rowspan="1">1570054643626</td><td rowspan="1">-1570054643626</td></tr><tr class="skippedeven"><td><a href="#m50">setUp</a></td><td rowspan="1">1570054643625</td><td rowspan="1">-1570054643625</td></tr><tr class="skippedeven"><td><a href="#m51">startExtent</a></td><td rowspan="1">1570054643625</td><td rowspan="1">-1570054643625</td></tr><tr><th colspan="4">Command line test &#8212; skipped</th></tr><tr class="skippedeven"><td rowspan="2">homewalmart.TestHandlingCookies</td><td><a href="#m52">verifyCreateCookiesSuccessful</a></td><td rowspan="1">1570054609162</td><td rowspan="1">0</td></tr><tr class="skippedeven"><td><a href="#m53">verifyIsSignInSuccessful</a></td><td rowspan="1">1570054609161</td><td rowspan="1">0</td></tr><tr class="skippedodd"><td rowspan="5">homewalmart.TestHome</td><td><a href="#m54">verifyIsHomePageGroceryIconDisplayed</a></td><td rowspan="1">1570054573124</td><td rowspan="1">0</td></tr><tr class="skippedodd"><td><a href="#m55">verifyIsHomePageGroceryPickUpDisplayed</a></td><td rowspan="1">1570054573127</td><td rowspan="1">0</td></tr><tr class="skippedodd"><td><a href="#m56">verifyIsHomePageIconDisplayed</a></td><td rowspan="1">1570054573122</td><td rowspan="1">0</td></tr><tr class="skippedodd"><td><a href="#m57">verifyIsHomePageMenuIconDisplayed</a></td><td rowspan="1">1570054573126</td><td rowspan="1">0</td></tr><tr class="skippedodd"><td><a href="#m58">verifyIsHomePageStoresIconDisplayed</a></td><td rowspan="1">1570054573125</td><td rowspan="1">0</td></tr><tr class="skippedeven"><td rowspan="1">keyword.TestWalmartSearch</td><td><a href="#m59">testWalmartSearchStaticListInput</a></td><td rowspan="1">1570054643626</td><td rowspan="1">0</td></tr><tr><th colspan="4">Command line test &#8212; passed</th></tr><tr class="passedeven"><td rowspan="1">homewalmart.TestCaptureItemDropDown</td><td><a href="#m60">dropDownData</a></td><td rowspan="1">1570054613166</td><td rowspan="1">10108</td></tr></tbody>
</table>
<h2>Command line test</h2><h3 id="m0">homewalmart.TestCaptureItemDropDown#cleanUp</h3><table class="result"><tr><th>Exception</th></tr><tr><td><div class="stacktrace">org.openqa.selenium.NoSuchSessionException: Session ID is null. Using WebDriver after calling quit()?
Build info: version: &apos;3.141.59&apos;, revision: &apos;e82be7d358&apos;, time: &apos;2018-11-14T08:17:03&apos;
System info: host: &apos;Syeds-MacBook-Pro-2.local&apos;, ip: &apos;2601:40:c002:f740:4118:f16d:e36f:6a30%en0&apos;, os.name: &apos;Mac OS X&apos;, os.arch: &apos;x86_64&apos;, os.version: &apos;10.14.5&apos;, java.version: &apos;1.8.0_221&apos;
Driver info: driver.version: RemoteWebDriver
	at org.openqa.selenium.remote.HttpCommandExecutor.execute(HttpCommandExecutor.java:125)
	at org.openqa.selenium.remote.service.DriverCommandExecutor.execute(DriverCommandExecutor.java:83)
	at org.openqa.selenium.remote.RemoteWebDriver.execute(RemoteWebDriver.java:552)
	at org.openqa.selenium.remote.RemoteWebDriver.execute(RemoteWebDriver.java:609)
	at org.openqa.selenium.remote.RemoteWebDriver.close(RemoteWebDriver.java:442)
	at common.CommonAPI.cleanUp(CommonAPI.java:186)
	at java.util.ArrayList.forEach(ArrayList.java:1257)
... Removed 42 stack frames</div></td></tr></table><p class="totop"><a href="#summary">back to summary</a></p>
<h3 id="m1">homewalmart.TestHandlingCookies#cleanUp</h3><table class="result"><tr><th>Exception</th></tr><tr><td><div class="stacktrace">org.openqa.selenium.NoSuchSessionException: Session ID is null. Using WebDriver after calling quit()?
Build info: version: &apos;3.141.59&apos;, revision: &apos;e82be7d358&apos;, time: &apos;2018-11-14T08:17:03&apos;
System info: host: &apos;Syeds-MacBook-Pro-2.local&apos;, ip: &apos;2601:40:c002:f740:4118:f16d:e36f:6a30%en0&apos;, os.name: &apos;Mac OS X&apos;, os.arch: &apos;x86_64&apos;, os.version: &apos;10.14.5&apos;, java.version: &apos;1.8.0_221&apos;
Driver info: driver.version: RemoteWebDriver
	at org.openqa.selenium.remote.HttpCommandExecutor.execute(HttpCommandExecutor.java:125)
	at org.openqa.selenium.remote.service.DriverCommandExecutor.execute(DriverCommandExecutor.java:83)
	at org.openqa.selenium.remote.RemoteWebDriver.execute(RemoteWebDriver.java:552)
	at org.openqa.selenium.remote.RemoteWebDriver.execute(RemoteWebDriver.java:609)
	at org.openqa.selenium.remote.RemoteWebDriver.close(RemoteWebDriver.java:442)
	at common.CommonAPI.cleanUp(CommonAPI.java:186)
	at java.util.ArrayList.forEach(ArrayList.java:1257)
... Removed 42 stack frames</div></td></tr></table><p class="totop"><a href="#summary">back to summary</a></p>
<h3 id="m2">homewalmart.TestHome#cleanUp</h3><table class="result"><tr><th>Exception</th></tr><tr><td><div class="stacktrace">org.openqa.selenium.NoSuchSessionException: Session ID is null. Using WebDriver after calling quit()?
Build info: version: &apos;3.141.59&apos;, revision: &apos;e82be7d358&apos;, time: &apos;2018-11-14T08:17:03&apos;
System info: host: &apos;Syeds-MacBook-Pro-2.local&apos;, ip: &apos;2601:40:c002:f740:4118:f16d:e36f:6a30%en0&apos;, os.name: &apos;Mac OS X&apos;, os.arch: &apos;x86_64&apos;, os.version: &apos;10.14.5&apos;, java.version: &apos;1.8.0_221&apos;
Driver info: driver.version: RemoteWebDriver
	at org.openqa.selenium.remote.HttpCommandExecutor.execute(HttpCommandExecutor.java:125)
	at org.openqa.selenium.remote.service.DriverCommandExecutor.execute(DriverCommandExecutor.java:83)
	at org.openqa.selenium.remote.RemoteWebDriver.execute(RemoteWebDriver.java:552)
	at org.openqa.selenium.remote.RemoteWebDriver.execute(RemoteWebDriver.java:609)
	at org.openqa.selenium.remote.RemoteWebDriver.close(RemoteWebDriver.java:442)
	at common.CommonAPI.cleanUp(CommonAPI.java:186)
	at java.util.ArrayList.forEach(ArrayList.java:1257)
... Removed 42 stack frames</div></td></tr></table><p class="totop"><a href="#summary">back to summary</a></p>
<h3 id="m3">homewalmart.TestSignIn#cleanUp</h3><table class="result"><tr><th>Exception</th></tr><tr><td><div class="stacktrace">org.openqa.selenium.NoSuchSessionException: Session ID is null. Using WebDriver after calling quit()?
Build info: version: &apos;3.141.59&apos;, revision: &apos;e82be7d358&apos;, time: &apos;2018-11-14T08:17:03&apos;
System info: host: &apos;Syeds-MacBook-Pro-2.local&apos;, ip: &apos;2601:40:c002:f740:4118:f16d:e36f:6a30%en0&apos;, os.name: &apos;Mac OS X&apos;, os.arch: &apos;x86_64&apos;, os.version: &apos;10.14.5&apos;, java.version: &apos;1.8.0_221&apos;
Driver info: driver.version: RemoteWebDriver
	at org.openqa.selenium.remote.HttpCommandExecutor.execute(HttpCommandExecutor.java:125)
	at org.openqa.selenium.remote.service.DriverCommandExecutor.execute(DriverCommandExecutor.java:83)
	at org.openqa.selenium.remote.RemoteWebDriver.execute(RemoteWebDriver.java:552)
	at org.openqa.selenium.remote.RemoteWebDriver.execute(RemoteWebDriver.java:609)
	at org.openqa.selenium.remote.RemoteWebDriver.close(RemoteWebDriver.java:442)
	at common.CommonAPI.cleanUp(CommonAPI.java:186)
	at java.util.ArrayList.forEach(ArrayList.java:1257)
... Removed 42 stack frames</div></td></tr></table><p class="totop"><a href="#summary">back to summary</a></p>
<h3 id="m4">keyword.TestKeywordWM#cleanUp</h3><table class="result"><tr><th>Exception</th></tr><tr><td><div class="stacktrace">org.openqa.selenium.NoSuchSessionException: Session ID is null. Using WebDriver after calling quit()?
Build info: version: &apos;3.141.59&apos;, revision: &apos;e82be7d358&apos;, time: &apos;2018-11-14T08:17:03&apos;
System info: host: &apos;Syeds-MacBook-Pro-2.local&apos;, ip: &apos;2601:40:c002:f740:4118:f16d:e36f:6a30%en0&apos;, os.name: &apos;Mac OS X&apos;, os.arch: &apos;x86_64&apos;, os.version: &apos;10.14.5&apos;, java.version: &apos;1.8.0_221&apos;
Driver info: driver.version: RemoteWebDriver
	at org.openqa.selenium.remote.HttpCommandExecutor.execute(HttpCommandExecutor.java:125)
	at org.openqa.selenium.remote.service.DriverCommandExecutor.execute(DriverCommandExecutor.java:83)
	at org.openqa.selenium.remote.RemoteWebDriver.execute(RemoteWebDriver.java:552)
	at org.openqa.selenium.remote.RemoteWebDriver.execute(RemoteWebDriver.java:609)
	at org.openqa.selenium.remote.RemoteWebDriver.close(RemoteWebDriver.java:442)
	at common.CommonAPI.cleanUp(CommonAPI.java:186)
	at java.util.ArrayList.forEach(ArrayList.java:1257)
... Removed 42 stack frames</div></td></tr></table><p class="totop"><a href="#summary">back to summary</a></p>
<h3 id="m5">keyword.TestWalmartSearch#cleanUp</h3><table class="result"><tr><th>Exception</th></tr><tr><td><div class="stacktrace">org.openqa.selenium.NoSuchSessionException: Session ID is null. Using WebDriver after calling quit()?
Build info: version: &apos;3.141.59&apos;, revision: &apos;e82be7d358&apos;, time: &apos;2018-11-14T08:17:03&apos;
System info: host: &apos;Syeds-MacBook-Pro-2.local&apos;, ip: &apos;2601:40:c002:f740:4118:f16d:e36f:6a30%en0&apos;, os.name: &apos;Mac OS X&apos;, os.arch: &apos;x86_64&apos;, os.version: &apos;10.14.5&apos;, java.version: &apos;1.8.0_221&apos;
Driver info: driver.version: RemoteWebDriver
	at org.openqa.selenium.remote.HttpCommandExecutor.execute(HttpCommandExecutor.java:125)
	at org.openqa.selenium.remote.service.DriverCommandExecutor.execute(DriverCommandExecutor.java:83)
	at org.openqa.selenium.remote.RemoteWebDriver.execute(RemoteWebDriver.java:552)
	at org.openqa.selenium.remote.RemoteWebDriver.execute(RemoteWebDriver.java:609)
	at org.openqa.selenium.remote.RemoteWebDriver.close(RemoteWebDriver.java:442)
	at common.CommonAPI.cleanUp(CommonAPI.java:186)
	at java.util.ArrayList.forEach(ArrayList.java:1257)
... Removed 42 stack frames</div></td></tr></table><p class="totop"><a href="#summary">back to summary</a></p>
<h3 id="m6">homewalmart.TestHandlingCookies#verifyIsHomePageAccountDisplayed</h3><table class="result"><tr><th>Messages</th></tr><tr><td><div class="messages">HandlingCookies: </div></td></tr><tr><th>Exception</th></tr><tr><td><div class="stacktrace">org.openqa.selenium.NoSuchElementException: no such element: Unable to locate element: {&quot;method&quot;:&quot;xpath&quot;,&quot;selector&quot;:&quot;//button[@id=&apos;header-account-toggle&apos;]//span[@class=&apos;g_a g_h&apos;]&quot;}
  (Session info: chrome=77.0.3865.90)
  (Driver info: chromedriver=2.42.591059 (a3d9684d10d61aa0c45f6723b327283be1ebaad8),platform=Mac OS X 10.14.5 x86_64) (WARNING: The server did not provide any stacktrace information)
Command duration or timeout: 0 milliseconds
For documentation on this error, please visit: https://www.seleniumhq.org/exceptions/no_such_element.html
Build info: version: &apos;3.141.59&apos;, revision: &apos;e82be7d358&apos;, time: &apos;2018-11-14T08:17:03&apos;
System info: host: &apos;Syeds-MacBook-Pro-2.local&apos;, ip: &apos;2601:40:c002:f740:4118:f16d:e36f:6a30%en0&apos;, os.name: &apos;Mac OS X&apos;, os.arch: &apos;x86_64&apos;, os.version: &apos;10.14.5&apos;, java.version: &apos;1.8.0_221&apos;
Driver info: org.openqa.selenium.chrome.ChromeDriver
Capabilities {acceptInsecureCerts: false, acceptSslCerts: false, applicationCacheEnabled: false, browserConnectionEnabled: false, browserName: chrome, chrome: {chromedriverVersion: 2.42.591059 (a3d9684d10d61a..., userDataDir: /var/folders/68/j046cpqs163...}, cssSelectorsEnabled: true, databaseEnabled: false, goog:chromeOptions: {debuggerAddress: localhost:56461}, handlesAlerts: true, hasTouchScreen: false, javascriptEnabled: true, locationContextEnabled: true, mobileEmulationEnabled: false, nativeEvents: true, networkConnectionEnabled: false, pageLoadStrategy: normal, platform: MAC, platformName: MAC, rotatable: false, setWindowRect: true, takesHeapSnapshot: true, takesScreenshot: true, unexpectedAlertBehaviour: , unhandledPromptBehavior: , version: 77.0.3865.90, webStorageEnabled: true}
Session ID: 29a2ff19af86dc5e8e2ffb98af0a362a
*** Element info: {Using=xpath, value=//button[@id=&apos;header-account-toggle&apos;]//span[@class=&apos;g_a g_h&apos;]}
	at org.openqa.selenium.remote.ErrorHandler.createThrowable(ErrorHandler.java:214)
	at org.openqa.selenium.remote.ErrorHandler.throwIfResponseFailed(ErrorHandler.java:166)
	at org.openqa.selenium.remote.http.JsonHttpResponseCodec.reconstructValue(JsonHttpResponseCodec.java:40)
	at org.openqa.selenium.remote.http.AbstractHttpResponseCodec.decode(AbstractHttpResponseCodec.java:80)
	at org.openqa.selenium.remote.http.AbstractHttpResponseCodec.decode(AbstractHttpResponseCodec.java:44)
	at org.openqa.selenium.remote.HttpCommandExecutor.execute(HttpCommandExecutor.java:158)
	at org.openqa.selenium.remote.service.DriverCommandExecutor.execute(DriverCommandExecutor.java:83)
	at org.openqa.selenium.remote.RemoteWebDriver.execute(RemoteWebDriver.java:552)
	at org.openqa.selenium.remote.RemoteWebDriver.findElement(RemoteWebDriver.java:323)
	at org.openqa.selenium.remote.RemoteWebDriver.findElementByXPath(RemoteWebDriver.java:428)
	at org.openqa.selenium.By$ByXPath.findElement(By.java:353)
	at org.openqa.selenium.remote.RemoteWebDriver.findElement(RemoteWebDriver.java:315)
	at org.openqa.selenium.support.pagefactory.DefaultElementLocator.findElement(DefaultElementLocator.java:69)
	at org.openqa.selenium.support.pagefactory.internal.LocatingElementHandler.invoke(LocatingElementHandler.java:38)
	at com.sun.proxy.$Proxy11.isDisplayed(Unknown Source)
	at home.HandlingCookies.isHomePageAccountDisplayed(HandlingCookies.java:47)
	at homewalmart.TestHandlingCookies.verifyIsHomePageAccountDisplayed(TestHandlingCookies.java:20)
	at java.util.ArrayList.forEach(ArrayList.java:1257)
... Removed 41 stack frames</div></td></tr></table><p class="totop"><a href="#summary">back to summary</a></p>
<h3 id="m7">homewalmart.TestHome#verifyHomePageTitleTest</h3><table class="result"><tr><th>Exception</th></tr><tr><td><div class="stacktrace">java.lang.AssertionError: expected [Walmart.com | Save Money. Live Better.] but found [Amazon.com: Online Shopping for Electronics, Apparel, Computers, Books, DVDs &amp; more]
	at homewalmart.TestHome.verifyHomePageTitleTest(TestHome.java:25)
	at java.util.ArrayList.forEach(ArrayList.java:1257)
... Removed 42 stack frames</div></td></tr></table><p class="totop"><a href="#summary">back to summary</a></p>
<h3 id="m8">homewalmart.TestSignIn#testSignIn</h3><table class="result"><tr><th>Exception</th></tr><tr><td><div class="stacktrace">org.openqa.selenium.NoSuchElementException: no such element: Unable to locate element: {&quot;method&quot;:&quot;xpath&quot;,&quot;selector&quot;:&quot;//button[@id=&apos;header-account-toggle&apos;]//span[@class=&apos;g_a g_h&apos;]&quot;}
  (Session info: chrome=77.0.3865.90)
  (Driver info: chromedriver=2.42.591059 (a3d9684d10d61aa0c45f6723b327283be1ebaad8),platform=Mac OS X 10.14.5 x86_64) (WARNING: The server did not provide any stacktrace information)
Command duration or timeout: 0 milliseconds
For documentation on this error, please visit: https://www.seleniumhq.org/exceptions/no_such_element.html
Build info: version: &apos;3.141.59&apos;, revision: &apos;e82be7d358&apos;, time: &apos;2018-11-14T08:17:03&apos;
System info: host: &apos;Syeds-MacBook-Pro-2.local&apos;, ip: &apos;2601:40:c002:f740:4118:f16d:e36f:6a30%en0&apos;, os.name: &apos;Mac OS X&apos;, os.arch: &apos;x86_64&apos;, os.version: &apos;10.14.5&apos;, java.version: &apos;1.8.0_221&apos;
Driver info: org.openqa.selenium.chrome.ChromeDriver
Capabilities {acceptInsecureCerts: false, acceptSslCerts: false, applicationCacheEnabled: false, browserConnectionEnabled: false, browserName: chrome, chrome: {chromedriverVersion: 2.42.591059 (a3d9684d10d61a..., userDataDir: /var/folders/68/j046cpqs163...}, cssSelectorsEnabled: true, databaseEnabled: false, goog:chromeOptions: {debuggerAddress: localhost:56342}, handlesAlerts: true, hasTouchScreen: false, javascriptEnabled: true, locationContextEnabled: true, mobileEmulationEnabled: false, nativeEvents: true, networkConnectionEnabled: false, pageLoadStrategy: normal, platform: MAC, platformName: MAC, rotatable: false, setWindowRect: true, takesHeapSnapshot: true, takesScreenshot: true, unexpectedAlertBehaviour: , unhandledPromptBehavior: , version: 77.0.3865.90, webStorageEnabled: true}
Session ID: 6aaf618cf9ae4b3beffc0bdd0e32ed3a
*** Element info: {Using=xpath, value=//button[@id=&apos;header-account-toggle&apos;]//span[@class=&apos;g_a g_h&apos;]}
	at org.openqa.selenium.remote.ErrorHandler.createThrowable(ErrorHandler.java:214)
	at org.openqa.selenium.remote.ErrorHandler.throwIfResponseFailed(ErrorHandler.java:166)
	at org.openqa.selenium.remote.http.JsonHttpResponseCodec.reconstructValue(JsonHttpResponseCodec.java:40)
	at org.openqa.selenium.remote.http.AbstractHttpResponseCodec.decode(AbstractHttpResponseCodec.java:80)
	at org.openqa.selenium.remote.http.AbstractHttpResponseCodec.decode(AbstractHttpResponseCodec.java:44)
	at org.openqa.selenium.remote.HttpCommandExecutor.execute(HttpCommandExecutor.java:158)
	at org.openqa.selenium.remote.service.DriverCommandExecutor.execute(DriverCommandExecutor.java:83)
	at org.openqa.selenium.remote.RemoteWebDriver.execute(RemoteWebDriver.java:552)
	at org.openqa.selenium.remote.RemoteWebDriver.findElement(RemoteWebDriver.java:323)
	at org.openqa.selenium.remote.RemoteWebDriver.findElementByXPath(RemoteWebDriver.java:428)
	at org.openqa.selenium.By$ByXPath.findElement(By.java:353)
	at org.openqa.selenium.remote.RemoteWebDriver.findElement(RemoteWebDriver.java:315)
	at org.openqa.selenium.support.pagefactory.DefaultElementLocator.findElement(DefaultElementLocator.java:69)
	at org.openqa.selenium.support.pagefactory.internal.LocatingElementHandler.invoke(LocatingElementHandler.java:38)
	at com.sun.proxy.$Proxy11.click(Unknown Source)
	at home.HandlingCookies.clickHomePageAccountWebElement(HandlingCookies.java:33)
	at home.HandlingCookies.typeUserNamePassword(HandlingCookies.java:37)
	at home.SignInPage.signIn(SignInPage.java:12)
	at homewalmart.TestSignIn.testSignIn(TestSignIn.java:20)
	at java.util.ArrayList.forEach(ArrayList.java:1257)
... Removed 41 stack frames</div></td></tr></table><p class="totop"><a href="#summary">back to summary</a></p>
<h3 id="m9">keyword.TestKeywordWM#testKeyWord</h3><table class="result"><tr><th>Exception</th></tr><tr><td><div class="stacktrace">java.io.FileNotFoundException: ../Walmart/data/WalmartSearchItem.xls (No such file or directory)
	at java.io.FileInputStream.open0(Native Method)
	at java.io.FileInputStream.open(FileInputStream.java:195)
	at java.io.FileInputStream.&lt;init&gt;(FileInputStream.java:138)
	at utility.ExcelReader.fileReader2(ExcelReader.java:45)
	at keywordriven.KeywordSearch.getDataFromExcelFileForFeaturesChoice(KeywordSearch.java:16)
	at keywordriven.KeywordUtils.selectFeatures(KeywordUtils.java:49)
	at keyword.TestKeywordWM.testKeyWord(TestKeywordWM.java:13)
	at java.util.ArrayList.forEach(ArrayList.java:1257)
... Removed 37 stack frames</div></td></tr></table><p class="totop"><a href="#summary">back to summary</a></p>
<h3 id="m10">keyword.TestWalmartSearch#testWalmartSearchFromExcel</h3><table class="result"><tr><th>Exception</th></tr><tr><td><div class="stacktrace">org.openqa.selenium.NoSuchElementException: no such element: Unable to locate element: {&quot;method&quot;:&quot;xpath&quot;,&quot;selector&quot;:&quot;//button[@id=&apos;header-account-toggle&apos;]//span[@class=&apos;g_a g_h&apos;]&quot;}
  (Session info: chrome=77.0.3865.90)
  (Driver info: chromedriver=2.42.591059 (a3d9684d10d61aa0c45f6723b327283be1ebaad8),platform=Mac OS X 10.14.5 x86_64) (WARNING: The server did not provide any stacktrace information)
Command duration or timeout: 0 milliseconds
For documentation on this error, please visit: https://www.seleniumhq.org/exceptions/no_such_element.html
Build info: version: &apos;3.141.59&apos;, revision: &apos;e82be7d358&apos;, time: &apos;2018-11-14T08:17:03&apos;
System info: host: &apos;Syeds-MacBook-Pro-2.local&apos;, ip: &apos;2601:40:c002:f740:4118:f16d:e36f:6a30%en0&apos;, os.name: &apos;Mac OS X&apos;, os.arch: &apos;x86_64&apos;, os.version: &apos;10.14.5&apos;, java.version: &apos;1.8.0_221&apos;
Driver info: org.openqa.selenium.chrome.ChromeDriver
Capabilities {acceptInsecureCerts: false, acceptSslCerts: false, applicationCacheEnabled: false, browserConnectionEnabled: false, browserName: chrome, chrome: {chromedriverVersion: 2.42.591059 (a3d9684d10d61a..., userDataDir: /var/folders/68/j046cpqs163...}, cssSelectorsEnabled: true, databaseEnabled: false, goog:chromeOptions: {debuggerAddress: localhost:56705}, handlesAlerts: true, hasTouchScreen: false, javascriptEnabled: true, locationContextEnabled: true, mobileEmulationEnabled: false, nativeEvents: true, networkConnectionEnabled: false, pageLoadStrategy: normal, platform: MAC, platformName: MAC, rotatable: false, setWindowRect: true, takesHeapSnapshot: true, takesScreenshot: true, unexpectedAlertBehaviour: , unhandledPromptBehavior: , version: 77.0.3865.90, webStorageEnabled: true}
Session ID: d22081061648b04fc70b9e63b07a8a70
*** Element info: {Using=xpath, value=//button[@id=&apos;header-account-toggle&apos;]//span[@class=&apos;g_a g_h&apos;]}
	at org.openqa.selenium.remote.ErrorHandler.createThrowable(ErrorHandler.java:214)
	at org.openqa.selenium.remote.ErrorHandler.throwIfResponseFailed(ErrorHandler.java:166)
	at org.openqa.selenium.remote.http.JsonHttpResponseCodec.reconstructValue(JsonHttpResponseCodec.java:40)
	at org.openqa.selenium.remote.http.AbstractHttpResponseCodec.decode(AbstractHttpResponseCodec.java:80)
	at org.openqa.selenium.remote.http.AbstractHttpResponseCodec.decode(AbstractHttpResponseCodec.java:44)
	at org.openqa.selenium.remote.HttpCommandExecutor.execute(HttpCommandExecutor.java:158)
	at org.openqa.selenium.remote.service.DriverCommandExecutor.execute(DriverCommandExecutor.java:83)
	at org.openqa.selenium.remote.RemoteWebDriver.execute(RemoteWebDriver.java:552)
	at org.openqa.selenium.remote.RemoteWebDriver.findElement(RemoteWebDriver.java:323)
	at org.openqa.selenium.remote.RemoteWebDriver.findElementByXPath(RemoteWebDriver.java:428)
	at org.openqa.selenium.By$ByXPath.findElement(By.java:353)
	at org.openqa.selenium.remote.RemoteWebDriver.findElement(RemoteWebDriver.java:315)
	at org.openqa.selenium.support.pagefactory.DefaultElementLocator.findElement(DefaultElementLocator.java:69)
	at org.openqa.selenium.support.pagefactory.internal.LocatingElementHandler.invoke(LocatingElementHandler.java:38)
	at com.sun.proxy.$Proxy11.click(Unknown Source)
	at home.HandlingCookies.clickHomePageAccountWebElement(HandlingCookies.java:33)
	at home.HandlingCookies.typeUserNamePassword(HandlingCookies.java:37)
	at walmartsearch.SearchPage.searchInWalmartFromExcel(SearchPage.java:36)
	at keyword.TestWalmartSearch.testWalmartSearchFromExcel(TestWalmartSearch.java:34)
	at java.util.ArrayList.forEach(ArrayList.java:1257)
... Removed 41 stack frames</div></td></tr></table><p class="totop"><a href="#summary">back to summary</a></p>
<h3 id="m11">homewalmart.TestHandlingCookies#afterEachTestMethod</h3><table class="result"><tr><th class="invisible"/></tr></table><p class="totop"><a href="#summary">back to summary</a></p>
<h3 id="m12">homewalmart.TestHandlingCookies#afterEachTestMethod</h3><table class="result"><tr><th class="invisible"/></tr></table><p class="totop"><a href="#summary">back to summary</a></p>
<h3 id="m13">homewalmart.TestHandlingCookies#cleanUp</h3><table class="result"><tr><th class="invisible"/></tr></table><p class="totop"><a href="#summary">back to summary</a></p>
<h3 id="m14">homewalmart.TestHandlingCookies#cleanUp</h3><table class="result"><tr><th class="invisible"/></tr></table><p class="totop"><a href="#summary">back to summary</a></p>
<h3 id="m15">homewalmart.TestHandlingCookies#initializeWalmartTestHome</h3><table class="result"><tr><th class="invisible"/></tr></table><p class="totop"><a href="#summary">back to summary</a></p>
<h3 id="m16">homewalmart.TestHandlingCookies#initializeWalmartTestHome</h3><table class="result"><tr><th class="invisible"/></tr></table><p class="totop"><a href="#summary">back to summary</a></p>
<h3 id="m17">homewalmart.TestHandlingCookies#setUp</h3><table class="result"><tr><th class="invisible"/></tr></table><p class="totop"><a href="#summary">back to summary</a></p>
<h3 id="m18">homewalmart.TestHandlingCookies#setUp</h3><table class="result"><tr><th class="invisible"/></tr></table><p class="totop"><a href="#summary">back to summary</a></p>
<h3 id="m19">homewalmart.TestHandlingCookies#startExtent</h3><table class="result"><tr><th class="invisible"/></tr></table><p class="totop"><a href="#summary">back to summary</a></p>
<h3 id="m20">homewalmart.TestHandlingCookies#startExtent</h3><table class="result"><tr><th class="invisible"/></tr></table><p class="totop"><a href="#summary">back to summary</a></p>
<h3 id="m21">homewalmart.TestHome#afterEachTestMethod</h3><table class="result"><tr><th class="invisible"/></tr></table><p class="totop"><a href="#summary">back to summary</a></p>
<h3 id="m22">homewalmart.TestHome#afterEachTestMethod</h3><table class="result"><tr><th class="invisible"/></tr></table><p class="totop"><a href="#summary">back to summary</a></p>
<h3 id="m23">homewalmart.TestHome#afterEachTestMethod</h3><table class="result"><tr><th class="invisible"/></tr></table><p class="totop"><a href="#summary">back to summary</a></p>
<h3 id="m24">homewalmart.TestHome#afterEachTestMethod</h3><table class="result"><tr><th class="invisible"/></tr></table><p class="totop"><a href="#summary">back to summary</a></p>
<h3 id="m25">homewalmart.TestHome#afterEachTestMethod</h3><table class="result"><tr><th class="invisible"/></tr></table><p class="totop"><a href="#summary">back to summary</a></p>
<h3 id="m26">homewalmart.TestHome#cleanUp</h3><table class="result"><tr><th class="invisible"/></tr></table><p class="totop"><a href="#summary">back to summary</a></p>
<h3 id="m27">homewalmart.TestHome#cleanUp</h3><table class="result"><tr><th class="invisible"/></tr></table><p class="totop"><a href="#summary">back to summary</a></p>
<h3 id="m28">homewalmart.TestHome#cleanUp</h3><table class="result"><tr><th class="invisible"/></tr></table><p class="totop"><a href="#summary">back to summary</a></p>
<h3 id="m29">homewalmart.TestHome#cleanUp</h3><table class="result"><tr><th class="invisible"/></tr></table><p class="totop"><a href="#summary">back to summary</a></p>
<h3 id="m30">homewalmart.TestHome#cleanUp</h3><table class="result"><tr><th class="invisible"/></tr></table><p class="totop"><a href="#summary">back to summary</a></p>
<h3 id="m31">homewalmart.TestHome#generateReport</h3><table class="result"><tr><th class="invisible"/></tr></table><p class="totop"><a href="#summary">back to summary</a></p>
<h3 id="m32">homewalmart.TestHome#initializeWalmartTestHome</h3><table class="result"><tr><th class="invisible"/></tr></table><p class="totop"><a href="#summary">back to summary</a></p>
<h3 id="m33">homewalmart.TestHome#initializeWalmartTestHome</h3><table class="result"><tr><th class="invisible"/></tr></table><p class="totop"><a href="#summary">back to summary</a></p>
<h3 id="m34">homewalmart.TestHome#initializeWalmartTestHome</h3><table class="result"><tr><th class="invisible"/></tr></table><p class="totop"><a href="#summary">back to summary</a></p>
<h3 id="m35">homewalmart.TestHome#initializeWalmartTestHome</h3><table class="result"><tr><th class="invisible"/></tr></table><p class="totop"><a href="#summary">back to summary</a></p>
<h3 id="m36">homewalmart.TestHome#initializeWalmartTestHome</h3><table class="result"><tr><th class="invisible"/></tr></table><p class="totop"><a href="#summary">back to summary</a></p>
<h3 id="m37">homewalmart.TestHome#setUp</h3><table class="result"><tr><th class="invisible"/></tr></table><p class="totop"><a href="#summary">back to summary</a></p>
<h3 id="m38">homewalmart.TestHome#setUp</h3><table class="result"><tr><th class="invisible"/></tr></table><p class="totop"><a href="#summary">back to summary</a></p>
<h3 id="m39">homewalmart.TestHome#setUp</h3><table class="result"><tr><th class="invisible"/></tr></table><p class="totop"><a href="#summary">back to summary</a></p>
<h3 id="m40">homewalmart.TestHome#setUp</h3><table class="result"><tr><th class="invisible"/></tr></table><p class="totop"><a href="#summary">back to summary</a></p>
<h3 id="m41">homewalmart.TestHome#setUp</h3><table class="result"><tr><th class="invisible"/></tr></table><p class="totop"><a href="#summary">back to summary</a></p>
<h3 id="m42">homewalmart.TestHome#startExtent</h3><table class="result"><tr><th class="invisible"/></tr></table><p class="totop"><a href="#summary">back to summary</a></p>
<h3 id="m43">homewalmart.TestHome#startExtent</h3><table class="result"><tr><th class="invisible"/></tr></table><p class="totop"><a href="#summary">back to summary</a></p>
<h3 id="m44">homewalmart.TestHome#startExtent</h3><table class="result"><tr><th class="invisible"/></tr></table><p class="totop"><a href="#summary">back to summary</a></p>
<h3 id="m45">homewalmart.TestHome#startExtent</h3><table class="result"><tr><th class="invisible"/></tr></table><p class="totop"><a href="#summary">back to summary</a></p>
<h3 id="m46">homewalmart.TestHome#startExtent</h3><table class="result"><tr><th class="invisible"/></tr></table><p class="totop"><a href="#summary">back to summary</a></p>
<h3 id="m47">keyword.TestWalmartSearch#afterEachTestMethod</h3><table class="result"><tr><th class="invisible"/></tr></table><p class="totop"><a href="#summary">back to summary</a></p>
<h3 id="m48">keyword.TestWalmartSearch#cleanUp</h3><table class="result"><tr><th class="invisible"/></tr></table><p class="totop"><a href="#summary">back to summary</a></p>
<h3 id="m49">keyword.TestWalmartSearch#initializeWalmartTestSearchPage</h3><table class="result"><tr><th class="invisible"/></tr></table><p class="totop"><a href="#summary">back to summary</a></p>
<h3 id="m50">keyword.TestWalmartSearch#setUp</h3><table class="result"><tr><th class="invisible"/></tr></table><p class="totop"><a href="#summary">back to summary</a></p>
<h3 id="m51">keyword.TestWalmartSearch#startExtent</h3><table class="result"><tr><th class="invisible"/></tr></table><p class="totop"><a href="#summary">back to summary</a></p>
<h3 id="m52">homewalmart.TestHandlingCookies#verifyCreateCookiesSuccessful</h3><table class="result"><tr><th>Exception</th></tr><tr><td><div class="stacktrace">org.openqa.selenium.NoSuchSessionException: Session ID is null. Using WebDriver after calling quit()?
Build info: version: &apos;3.141.59&apos;, revision: &apos;e82be7d358&apos;, time: &apos;2018-11-14T08:17:03&apos;
System info: host: &apos;Syeds-MacBook-Pro-2.local&apos;, ip: &apos;2601:40:c002:f740:4118:f16d:e36f:6a30%en0&apos;, os.name: &apos;Mac OS X&apos;, os.arch: &apos;x86_64&apos;, os.version: &apos;10.14.5&apos;, java.version: &apos;1.8.0_221&apos;
Driver info: driver.version: RemoteWebDriver
	at org.openqa.selenium.remote.HttpCommandExecutor.execute(HttpCommandExecutor.java:125)
	at org.openqa.selenium.remote.service.DriverCommandExecutor.execute(DriverCommandExecutor.java:83)
	at org.openqa.selenium.remote.RemoteWebDriver.execute(RemoteWebDriver.java:552)
	at org.openqa.selenium.remote.RemoteWebDriver.execute(RemoteWebDriver.java:609)
	at org.openqa.selenium.remote.RemoteWebDriver.close(RemoteWebDriver.java:442)
	at common.CommonAPI.cleanUp(CommonAPI.java:186)
	at java.util.ArrayList.forEach(ArrayList.java:1257)
... Removed 42 stack frames</div></td></tr></table><p class="totop"><a href="#summary">back to summary</a></p>
<h3 id="m53">homewalmart.TestHandlingCookies#verifyIsSignInSuccessful</h3><table class="result"><tr><th>Exception</th></tr><tr><td><div class="stacktrace">org.openqa.selenium.NoSuchSessionException: Session ID is null. Using WebDriver after calling quit()?
Build info: version: &apos;3.141.59&apos;, revision: &apos;e82be7d358&apos;, time: &apos;2018-11-14T08:17:03&apos;
System info: host: &apos;Syeds-MacBook-Pro-2.local&apos;, ip: &apos;2601:40:c002:f740:4118:f16d:e36f:6a30%en0&apos;, os.name: &apos;Mac OS X&apos;, os.arch: &apos;x86_64&apos;, os.version: &apos;10.14.5&apos;, java.version: &apos;1.8.0_221&apos;
Driver info: driver.version: RemoteWebDriver
	at org.openqa.selenium.remote.HttpCommandExecutor.execute(HttpCommandExecutor.java:125)
	at org.openqa.selenium.remote.service.DriverCommandExecutor.execute(DriverCommandExecutor.java:83)
	at org.openqa.selenium.remote.RemoteWebDriver.execute(RemoteWebDriver.java:552)
	at org.openqa.selenium.remote.RemoteWebDriver.execute(RemoteWebDriver.java:609)
	at org.openqa.selenium.remote.RemoteWebDriver.close(RemoteWebDriver.java:442)
	at common.CommonAPI.cleanUp(CommonAPI.java:186)
	at java.util.ArrayList.forEach(ArrayList.java:1257)
... Removed 42 stack frames</div></td></tr></table><p class="totop"><a href="#summary">back to summary</a></p>
<h3 id="m54">homewalmart.TestHome#verifyIsHomePageGroceryIconDisplayed</h3><table class="result"><tr><th>Exception</th></tr><tr><td><div class="stacktrace">org.openqa.selenium.NoSuchSessionException: Session ID is null. Using WebDriver after calling quit()?
Build info: version: &apos;3.141.59&apos;, revision: &apos;e82be7d358&apos;, time: &apos;2018-11-14T08:17:03&apos;
System info: host: &apos;Syeds-MacBook-Pro-2.local&apos;, ip: &apos;2601:40:c002:f740:4118:f16d:e36f:6a30%en0&apos;, os.name: &apos;Mac OS X&apos;, os.arch: &apos;x86_64&apos;, os.version: &apos;10.14.5&apos;, java.version: &apos;1.8.0_221&apos;
Driver info: driver.version: RemoteWebDriver
	at org.openqa.selenium.remote.HttpCommandExecutor.execute(HttpCommandExecutor.java:125)
	at org.openqa.selenium.remote.service.DriverCommandExecutor.execute(DriverCommandExecutor.java:83)
	at org.openqa.selenium.remote.RemoteWebDriver.execute(RemoteWebDriver.java:552)
	at org.openqa.selenium.remote.RemoteWebDriver.execute(RemoteWebDriver.java:609)
	at org.openqa.selenium.remote.RemoteWebDriver.close(RemoteWebDriver.java:442)
	at common.CommonAPI.cleanUp(CommonAPI.java:186)
	at java.util.ArrayList.forEach(ArrayList.java:1257)
... Removed 42 stack frames</div></td></tr></table><p class="totop"><a href="#summary">back to summary</a></p>
<h3 id="m55">homewalmart.TestHome#verifyIsHomePageGroceryPickUpDisplayed</h3><table class="result"><tr><th>Exception</th></tr><tr><td><div class="stacktrace">org.openqa.selenium.NoSuchSessionException: Session ID is null. Using WebDriver after calling quit()?
Build info: version: &apos;3.141.59&apos;, revision: &apos;e82be7d358&apos;, time: &apos;2018-11-14T08:17:03&apos;
System info: host: &apos;Syeds-MacBook-Pro-2.local&apos;, ip: &apos;2601:40:c002:f740:4118:f16d:e36f:6a30%en0&apos;, os.name: &apos;Mac OS X&apos;, os.arch: &apos;x86_64&apos;, os.version: &apos;10.14.5&apos;, java.version: &apos;1.8.0_221&apos;
Driver info: driver.version: RemoteWebDriver
	at org.openqa.selenium.remote.HttpCommandExecutor.execute(HttpCommandExecutor.java:125)
	at org.openqa.selenium.remote.service.DriverCommandExecutor.execute(DriverCommandExecutor.java:83)
	at org.openqa.selenium.remote.RemoteWebDriver.execute(RemoteWebDriver.java:552)
	at org.openqa.selenium.remote.RemoteWebDriver.execute(RemoteWebDriver.java:609)
	at org.openqa.selenium.remote.RemoteWebDriver.close(RemoteWebDriver.java:442)
	at common.CommonAPI.cleanUp(CommonAPI.java:186)
	at java.util.ArrayList.forEach(ArrayList.java:1257)
... Removed 42 stack frames</div></td></tr></table><p class="totop"><a href="#summary">back to summary</a></p>
<h3 id="m56">homewalmart.TestHome#verifyIsHomePageIconDisplayed</h3><table class="result"><tr><th>Exception</th></tr><tr><td><div class="stacktrace">org.openqa.selenium.NoSuchSessionException: Session ID is null. Using WebDriver after calling quit()?
Build info: version: &apos;3.141.59&apos;, revision: &apos;e82be7d358&apos;, time: &apos;2018-11-14T08:17:03&apos;
System info: host: &apos;Syeds-MacBook-Pro-2.local&apos;, ip: &apos;2601:40:c002:f740:4118:f16d:e36f:6a30%en0&apos;, os.name: &apos;Mac OS X&apos;, os.arch: &apos;x86_64&apos;, os.version: &apos;10.14.5&apos;, java.version: &apos;1.8.0_221&apos;
Driver info: driver.version: RemoteWebDriver
	at org.openqa.selenium.remote.HttpCommandExecutor.execute(HttpCommandExecutor.java:125)
	at org.openqa.selenium.remote.service.DriverCommandExecutor.execute(DriverCommandExecutor.java:83)
	at org.openqa.selenium.remote.RemoteWebDriver.execute(RemoteWebDriver.java:552)
	at org.openqa.selenium.remote.RemoteWebDriver.execute(RemoteWebDriver.java:609)
	at org.openqa.selenium.remote.RemoteWebDriver.close(RemoteWebDriver.java:442)
	at common.CommonAPI.cleanUp(CommonAPI.java:186)
	at java.util.ArrayList.forEach(ArrayList.java:1257)
... Removed 42 stack frames</div></td></tr></table><p class="totop"><a href="#summary">back to summary</a></p>
<h3 id="m57">homewalmart.TestHome#verifyIsHomePageMenuIconDisplayed</h3><table class="result"><tr><th>Exception</th></tr><tr><td><div class="stacktrace">org.openqa.selenium.NoSuchSessionException: Session ID is null. Using WebDriver after calling quit()?
Build info: version: &apos;3.141.59&apos;, revision: &apos;e82be7d358&apos;, time: &apos;2018-11-14T08:17:03&apos;
System info: host: &apos;Syeds-MacBook-Pro-2.local&apos;, ip: &apos;2601:40:c002:f740:4118:f16d:e36f:6a30%en0&apos;, os.name: &apos;Mac OS X&apos;, os.arch: &apos;x86_64&apos;, os.version: &apos;10.14.5&apos;, java.version: &apos;1.8.0_221&apos;
Driver info: driver.version: RemoteWebDriver
	at org.openqa.selenium.remote.HttpCommandExecutor.execute(HttpCommandExecutor.java:125)
	at org.openqa.selenium.remote.service.DriverCommandExecutor.execute(DriverCommandExecutor.java:83)
	at org.openqa.selenium.remote.RemoteWebDriver.execute(RemoteWebDriver.java:552)
	at org.openqa.selenium.remote.RemoteWebDriver.execute(RemoteWebDriver.java:609)
	at org.openqa.selenium.remote.RemoteWebDriver.close(RemoteWebDriver.java:442)
	at common.CommonAPI.cleanUp(CommonAPI.java:186)
	at java.util.ArrayList.forEach(ArrayList.java:1257)
... Removed 42 stack frames</div></td></tr></table><p class="totop"><a href="#summary">back to summary</a></p>
<h3 id="m58">homewalmart.TestHome#verifyIsHomePageStoresIconDisplayed</h3><table class="result"><tr><th>Exception</th></tr><tr><td><div class="stacktrace">org.openqa.selenium.NoSuchSessionException: Session ID is null. Using WebDriver after calling quit()?
Build info: version: &apos;3.141.59&apos;, revision: &apos;e82be7d358&apos;, time: &apos;2018-11-14T08:17:03&apos;
System info: host: &apos;Syeds-MacBook-Pro-2.local&apos;, ip: &apos;2601:40:c002:f740:4118:f16d:e36f:6a30%en0&apos;, os.name: &apos;Mac OS X&apos;, os.arch: &apos;x86_64&apos;, os.version: &apos;10.14.5&apos;, java.version: &apos;1.8.0_221&apos;
Driver info: driver.version: RemoteWebDriver
	at org.openqa.selenium.remote.HttpCommandExecutor.execute(HttpCommandExecutor.java:125)
	at org.openqa.selenium.remote.service.DriverCommandExecutor.execute(DriverCommandExecutor.java:83)
	at org.openqa.selenium.remote.RemoteWebDriver.execute(RemoteWebDriver.java:552)
	at org.openqa.selenium.remote.RemoteWebDriver.execute(RemoteWebDriver.java:609)
	at org.openqa.selenium.remote.RemoteWebDriver.close(RemoteWebDriver.java:442)
	at common.CommonAPI.cleanUp(CommonAPI.java:186)
	at java.util.ArrayList.forEach(ArrayList.java:1257)
... Removed 42 stack frames</div></td></tr></table><p class="totop"><a href="#summary">back to summary</a></p>
<h3 id="m59">keyword.TestWalmartSearch#testWalmartSearchStaticListInput</h3><table class="result"><tr><th>Exception</th></tr><tr><td><div class="stacktrace">org.openqa.selenium.NoSuchSessionException: Session ID is null. Using WebDriver after calling quit()?
Build info: version: &apos;3.141.59&apos;, revision: &apos;e82be7d358&apos;, time: &apos;2018-11-14T08:17:03&apos;
System info: host: &apos;Syeds-MacBook-Pro-2.local&apos;, ip: &apos;2601:40:c002:f740:4118:f16d:e36f:6a30%en0&apos;, os.name: &apos;Mac OS X&apos;, os.arch: &apos;x86_64&apos;, os.version: &apos;10.14.5&apos;, java.version: &apos;1.8.0_221&apos;
Driver info: driver.version: RemoteWebDriver
	at org.openqa.selenium.remote.HttpCommandExecutor.execute(HttpCommandExecutor.java:125)
	at org.openqa.selenium.remote.service.DriverCommandExecutor.execute(DriverCommandExecutor.java:83)
	at org.openqa.selenium.remote.RemoteWebDriver.execute(RemoteWebDriver.java:552)
	at org.openqa.selenium.remote.RemoteWebDriver.execute(RemoteWebDriver.java:609)
	at org.openqa.selenium.remote.RemoteWebDriver.close(RemoteWebDriver.java:442)
	at common.CommonAPI.cleanUp(CommonAPI.java:186)
	at java.util.ArrayList.forEach(ArrayList.java:1257)
... Removed 42 stack frames</div></td></tr></table><p class="totop"><a href="#summary">back to summary</a></p>
<h3 id="m60">homewalmart.TestCaptureItemDropDown#dropDownData</h3><table class="result"><tr><th>Messages</th></tr><tr><td><div class="messages">TestCaptureItemDropDown: </div></td></tr></table><p class="totop"><a href="#summary">back to summary</a></p>
</body>
</html>
